[ 2017-06-23T09:13:16+08:00 ] ::1 /tpShop/tpShop/Shop/index.php
INFO: [ app_init ] --START--
INFO: Run Behavior\BuildLiteBehavior [ RunTime:0.000009s ]
INFO: [ app_init ] --END-- [ RunTime:0.000618s ]
INFO: [ app_begin ] --START--
INFO: Run Behavior\ReadHtmlCacheBehavior [ RunTime:0.000654s ]
INFO: Run Common\Behaviors\appBeginBehavior [ RunTime:0.006477s ]
INFO: [ app_begin ] --END-- [ RunTime:0.007185s ]
SQL: SHOW COLUMNS FROM `tpshop_category` [ RunTime:0.2292s ]
SQL: SELECT `cid` FROM `tpshop_category` WHERE ( pid=0 ) ORDER BY csort asc  [ RunTime:0.0731s ]
SQL: SELECT * FROM `tpshop_category`  [ RunTime:0.0006s ]
SQL: SHOW COLUMNS FROM `tpshop_brand` [ RunTime:0.2962s ]
SQL: SELECT * FROM `tpshop_brand` ORDER BY bsort desc LIMIT 24   [ RunTime:0.0429s ]
SQL: SHOW COLUMNS FROM `tpshop_goods` [ RunTime:0.2129s ]
SQL: SELECT `gid`,`gname`,`pic` FROM `tpshop_goods` WHERE ( tid in (1,3,4,5) ) ORDER BY gid desc LIMIT 6   [ RunTime:0.1274s ]
SQL: SELECT `gid`,`gname`,`pic` FROM `tpshop_goods` WHERE ( tid in (1,3,4,5) ) ORDER BY gid asc LIMIT 3   [ RunTime:0.0003s ]
SQL: SELECT `cid`,`cname`,`tid` FROM `tpshop_category` WHERE ( tid in (1,3,4,5)  ) ORDER BY cid asc LIMIT 10   [ RunTime:0.0003s ]
SQL: SELECT `gid`,`gname`,`pic` FROM `tpshop_goods` WHERE ( tid in (14,16,17) ) ORDER BY gid desc LIMIT 1   [ RunTime:0.0002s ]
SQL: SELECT `gid`,`gname`,`pic` FROM `tpshop_goods` WHERE ( tid in (14,16,17) ) ORDER BY gid desc LIMIT 5   [ RunTime:0.0003s ]
SQL: SELECT `gid`,`gname`,`pic` FROM `tpshop_goods` WHERE ( tid in (14,16,17) ) ORDER BY gid asc LIMIT 2   [ RunTime:0.0002s ]
SQL: SELECT `cid`,`cname`,`tid` FROM `tpshop_category` WHERE ( tid in (14,16,17)  ) ORDER BY cid asc LIMIT 10   [ RunTime:0.0002s ]
SQL: SELECT `gid`,`gname`,`pic` FROM `tpshop_goods` WHERE ( tid in (15,11,8,9) ) ORDER BY gid desc LIMIT 6   [ RunTime:0.0002s ]
SQL: SELECT `gid`,`gname`,`pic` FROM `tpshop_goods` WHERE ( tid in (15,11,8,9) ) ORDER BY gid asc LIMIT 3   [ RunTime:0.0002s ]
SQL: SELECT `cid`,`cname`,`tid` FROM `tpshop_category` WHERE ( tid in (15,11,8,9)  ) ORDER BY cid asc LIMIT 10   [ RunTime:0.0002s ]
SQL: SELECT * FROM `tpshop_goods` ORDER BY click desc LIMIT 15   [ RunTime:0.0003s ]
INFO: [ view_parse ] --START--
INFO: [ template_filter ] --START--
INFO: Run Behavior\ContentReplaceBehavior [ RunTime:0.000164s ]
INFO: [ template_filter ] --END-- [ RunTime:0.000193s ]
NOTIC: [8] Undefined index: user D:\phpStudy\WWW\tpShop\tpShop\Shop\Application\Runtime\Cache\Home\2a94b8bda04ff446dcedd42276fc99ee.php 第 18 行.
NOTIC: [8] Undefined offset: 3 D:\phpStudy\WWW\tpShop\tpShop\Shop\Application\Runtime\Cache\Home\2a94b8bda04ff446dcedd42276fc99ee.php 第 328 行.
NOTIC: [8] Undefined offset: 3 D:\phpStudy\WWW\tpShop\tpShop\Shop\Application\Runtime\Cache\Home\2a94b8bda04ff446dcedd42276fc99ee.php 第 328 行.
NOTIC: [8] Undefined offset: 3 D:\phpStudy\WWW\tpShop\tpShop\Shop\Application\Runtime\Cache\Home\2a94b8bda04ff446dcedd42276fc99ee.php 第 328 行.
NOTIC: [8] Undefined offset: 3 D:\phpStudy\WWW\tpShop\tpShop\Shop\Application\Runtime\Cache\Home\2a94b8bda04ff446dcedd42276fc99ee.php 第 328 行.
NOTIC: [8] Undefined offset: 3 D:\phpStudy\WWW\tpShop\tpShop\Shop\Application\Runtime\Cache\Home\2a94b8bda04ff446dcedd42276fc99ee.php 第 328 行.
NOTIC: [8] Undefined offset: 3 D:\phpStudy\WWW\tpShop\tpShop\Shop\Application\Runtime\Cache\Home\2a94b8bda04ff446dcedd42276fc99ee.php 第 328 行.
NOTIC: [8] Undefined offset: 3 D:\phpStudy\WWW\tpShop\tpShop\Shop\Application\Runtime\Cache\Home\2a94b8bda04ff446dcedd42276fc99ee.php 第 328 行.
NOTIC: [8] Undefined offset: 4 D:\phpStudy\WWW\tpShop\tpShop\Shop\Application\Runtime\Cache\Home\2a94b8bda04ff446dcedd42276fc99ee.php 第 328 行.
NOTIC: [8] Undefined offset: 4 D:\phpStudy\WWW\tpShop\tpShop\Shop\Application\Runtime\Cache\Home\2a94b8bda04ff446dcedd42276fc99ee.php 第 328 行.
NOTIC: [8] Undefined offset: 4 D:\phpStudy\WWW\tpShop\tpShop\Shop\Application\Runtime\Cache\Home\2a94b8bda04ff446dcedd42276fc99ee.php 第 328 行.
NOTIC: [8] Undefined offset: 4 D:\phpStudy\WWW\tpShop\tpShop\Shop\Application\Runtime\Cache\Home\2a94b8bda04ff446dcedd42276fc99ee.php 第 328 行.
NOTIC: [8] Undefined offset: 4 D:\phpStudy\WWW\tpShop\tpShop\Shop\Application\Runtime\Cache\Home\2a94b8bda04ff446dcedd42276fc99ee.php 第 328 行.
NOTIC: [8] Undefined offset: 4 D:\phpStudy\WWW\tpShop\tpShop\Shop\Application\Runtime\Cache\Home\2a94b8bda04ff446dcedd42276fc99ee.php 第 328 行.
NOTIC: [8] Undefined offset: 5 D:\phpStudy\WWW\tpShop\tpShop\Shop\Application\Runtime\Cache\Home\2a94b8bda04ff446dcedd42276fc99ee.php 第 328 行.
NOTIC: [8] Undefined offset: 5 D:\phpStudy\WWW\tpShop\tpShop\Shop\Application\Runtime\Cache\Home\2a94b8bda04ff446dcedd42276fc99ee.php 第 328 行.
NOTIC: [8] Undefined offset: 5 D:\phpStudy\WWW\tpShop\tpShop\Shop\Application\Runtime\Cache\Home\2a94b8bda04ff446dcedd42276fc99ee.php 第 328 行.
NOTIC: [8] Undefined offset: 5 D:\phpStudy\WWW\tpShop\tpShop\Shop\Application\Runtime\Cache\Home\2a94b8bda04ff446dcedd42276fc99ee.php 第 328 行.
NOTIC: [8] Undefined offset: 5 D:\phpStudy\WWW\tpShop\tpShop\Shop\Application\Runtime\Cache\Home\2a94b8bda04ff446dcedd42276fc99ee.php 第 328 行.
NOTIC: [8] Undefined offset: 5 D:\phpStudy\WWW\tpShop\tpShop\Shop\Application\Runtime\Cache\Home\2a94b8bda04ff446dcedd42276fc99ee.php 第 328 行.
NOTIC: [8] Undefined offset: 5 D:\phpStudy\WWW\tpShop\tpShop\Shop\Application\Runtime\Cache\Home\2a94b8bda04ff446dcedd42276fc99ee.php 第 328 行.
NOTIC: [8] Undefined offset: 5 D:\phpStudy\WWW\tpShop\tpShop\Shop\Application\Runtime\Cache\Home\2a94b8bda04ff446dcedd42276fc99ee.php 第 328 行.
NOTIC: [8] Undefined offset: 6 D:\phpStudy\WWW\tpShop\tpShop\Shop\Application\Runtime\Cache\Home\2a94b8bda04ff446dcedd42276fc99ee.php 第 323 行.
NOTIC: [8] Undefined offset: 7 D:\phpStudy\WWW\tpShop\tpShop\Shop\Application\Runtime\Cache\Home\2a94b8bda04ff446dcedd42276fc99ee.php 第 323 行.
NOTIC: [8] Undefined offset: 8 D:\phpStudy\WWW\tpShop\tpShop\Shop\Application\Runtime\Cache\Home\2a94b8bda04ff446dcedd42276fc99ee.php 第 323 行.
NOTIC: [8] Undefined offset: 9 D:\phpStudy\WWW\tpShop\tpShop\Shop\Application\Runtime\Cache\Home\2a94b8bda04ff446dcedd42276fc99ee.php 第 323 行.
NOTIC: [8] Undefined offset: 10 D:\phpStudy\WWW\tpShop\tpShop\Shop\Application\Runtime\Cache\Home\2a94b8bda04ff446dcedd42276fc99ee.php 第 323 行.
NOTIC: [8] Undefined offset: 11 D:\phpStudy\WWW\tpShop\tpShop\Shop\Application\Runtime\Cache\Home\2a94b8bda04ff446dcedd42276fc99ee.php 第 323 行.
NOTIC: [8] Undefined offset: 12 D:\phpStudy\WWW\tpShop\tpShop\Shop\Application\Runtime\Cache\Home\2a94b8bda04ff446dcedd42276fc99ee.php 第 323 行.
NOTIC: [8] Undefined offset: 13 D:\phpStudy\WWW\tpShop\tpShop\Shop\Application\Runtime\Cache\Home\2a94b8bda04ff446dcedd42276fc99ee.php 第 323 行.
NOTIC: [8] Undefined offset: 14 D:\phpStudy\WWW\tpShop\tpShop\Shop\Application\Runtime\Cache\Home\2a94b8bda04ff446dcedd42276fc99ee.php 第 323 行.
NOTIC: [8] Undefined offset: 15 D:\phpStudy\WWW\tpShop\tpShop\Shop\Application\Runtime\Cache\Home\2a94b8bda04ff446dcedd42276fc99ee.php 第 323 行.
INFO: Run Behavior\ParseTemplateBehavior [ RunTime:0.205158s ]
INFO: [ view_parse ] --END-- [ RunTime:0.205199s ]
INFO: [ view_filter ] --START--
INFO: Run Behavior\WriteHtmlCacheBehavior [ RunTime:0.011020s ]
INFO: [ view_filter ] --END-- [ RunTime:0.011052s ]
INFO: [ app_end ] --START--
INFO: Run Behavior\ShowPageTraceBehavior [ RunTime:0.000953s ]
INFO: [ app_end ] --END-- [ RunTime:0.001018s ]

[ 2017-06-23T10:09:34+08:00 ] ::1 /tpShop/tpShop/Shop/index.php/Home/Lists/index/cid/3.html
INFO: [ app_init ] --START--
INFO: Run Behavior\BuildLiteBehavior [ RunTime:0.000010s ]
INFO: [ app_init ] --END-- [ RunTime:0.000405s ]
INFO: [ app_begin ] --START--
INFO: Run Behavior\ReadHtmlCacheBehavior [ RunTime:0.000444s ]
INFO: Run Common\Behaviors\appBeginBehavior [ RunTime:0.000921s ]
INFO: [ app_begin ] --END-- [ RunTime:0.001412s ]
SQL: SHOW COLUMNS FROM `tpshop_category` [ RunTime:0.0041s ]
SQL: SELECT * FROM `tpshop_category`  [ RunTime:0.0006s ]
SQL: SELECT * FROM `tpshop_category`  [ RunTime:0.0008s ]
SQL: SHOW COLUMNS FROM `tpshop_goods` [ RunTime:0.0052s ]
SQL: SELECT `gid` FROM `tpshop_goods` WHERE `cid` IN ('9','22','23','10','24','11','25','26','3')  [ RunTime:0.0003s ]
SQL: SHOW COLUMNS FROM `tpshop_goods_attr` [ RunTime:0.1970s ]
SQL: SELECT * FROM `tpshop_goods_attr` WHERE `gid` IN ('28') GROUP BY gtvalue  [ RunTime:0.0173s ]
SQL: SHOW COLUMNS FROM `tpshop_typeattr` [ RunTime:0.0503s ]
SQL: SELECT `taname` FROM `tpshop_typeattr` WHERE ( taid=34 ) LIMIT 1   [ RunTime:0.0005s ]
SQL: SELECT `taname` FROM `tpshop_typeattr` WHERE ( taid=42 ) LIMIT 1   [ RunTime:0.0002s ]
SQL: SELECT `taname` FROM `tpshop_typeattr` WHERE ( taid=32 ) LIMIT 1   [ RunTime:0.0002s ]
SQL: SELECT `taname` FROM `tpshop_typeattr` WHERE ( taid=43 ) LIMIT 1   [ RunTime:0.0002s ]
SQL: SELECT `taname` FROM `tpshop_typeattr` WHERE ( taid=33 ) LIMIT 1   [ RunTime:0.0002s ]
SQL: SELECT * FROM `tpshop_goods` WHERE `gid` IN ('28')  [ RunTime:0.0003s ]
INFO: [ view_parse ] --START--
INFO: [ template_filter ] --START--
INFO: Run Behavior\ContentReplaceBehavior [ RunTime:0.000122s ]
INFO: [ template_filter ] --END-- [ RunTime:0.000150s ]
NOTIC: [8] Undefined index: user D:\phpStudy\WWW\tpShop\tpShop\Shop\Application\Runtime\Cache\Home\fb5773516afd6eccd9629f60016a49a5.php 第 1 行.
NOTIC: [8] Undefined index: thumb D:\phpStudy\WWW\tpShop\tpShop\Shop\Application\Runtime\Cache\Home\fb5773516afd6eccd9629f60016a49a5.php 第 362 行.
INFO: Run Behavior\ParseTemplateBehavior [ RunTime:0.035637s ]
INFO: [ view_parse ] --END-- [ RunTime:0.035661s ]
INFO: [ view_filter ] --START--
INFO: Run Behavior\WriteHtmlCacheBehavior [ RunTime:0.000348s ]
INFO: [ view_filter ] --END-- [ RunTime:0.000370s ]
INFO: [ app_end ] --START--
INFO: Run Behavior\ShowPageTraceBehavior [ RunTime:0.000554s ]
INFO: [ app_end ] --END-- [ RunTime:0.000594s ]

[ 2017-06-23T10:09:41+08:00 ] ::1 /tpShop/tpShop/Shop/index.php/Home/Lists/index/cid/3/param/0_514_0_0_0.html
INFO: [ app_init ] --START--
INFO: Run Behavior\BuildLiteBehavior [ RunTime:0.000008s ]
INFO: [ app_init ] --END-- [ RunTime:0.000321s ]
INFO: [ app_begin ] --START--
INFO: Run Behavior\ReadHtmlCacheBehavior [ RunTime:0.000400s ]
INFO: Run Common\Behaviors\appBeginBehavior [ RunTime:0.000595s ]
INFO: [ app_begin ] --END-- [ RunTime:0.001040s ]
SQL: SHOW COLUMNS FROM `tpshop_category` [ RunTime:0.0610s ]
SQL: SELECT * FROM `tpshop_category`  [ RunTime:0.0005s ]
SQL: SELECT * FROM `tpshop_category`  [ RunTime:0.0005s ]
SQL: SHOW COLUMNS FROM `tpshop_goods` [ RunTime:0.0033s ]
SQL: SELECT `gid` FROM `tpshop_goods` WHERE `cid` IN ('9','22','23','10','24','11','25','26','3')  [ RunTime:0.0003s ]
SQL: SHOW COLUMNS FROM `tpshop_goods_attr` [ RunTime:0.0032s ]
SQL: SELECT * FROM `tpshop_goods_attr` WHERE `gid` IN ('28') GROUP BY gtvalue  [ RunTime:0.0005s ]
SQL: SHOW COLUMNS FROM `tpshop_typeattr` [ RunTime:0.0032s ]
SQL: SELECT `taname` FROM `tpshop_typeattr` WHERE ( taid=34 ) LIMIT 1   [ RunTime:0.0003s ]
SQL: SELECT `taname` FROM `tpshop_typeattr` WHERE ( taid=42 ) LIMIT 1   [ RunTime:0.0002s ]
SQL: SELECT `taname` FROM `tpshop_typeattr` WHERE ( taid=32 ) LIMIT 1   [ RunTime:0.0002s ]
SQL: SELECT `taname` FROM `tpshop_typeattr` WHERE ( taid=43 ) LIMIT 1   [ RunTime:0.0002s ]
SQL: SELECT `taname` FROM `tpshop_typeattr` WHERE ( taid=33 ) LIMIT 1   [ RunTime:0.0002s ]
SQL: SELECT `gtvalue` FROM `tpshop_goods_attr` WHERE ( gtid=514 ) LIMIT 1   [ RunTime:0.0002s ]
SQL: SELECT `gid` FROM `tpshop_goods_attr` WHERE ( gtvalue='75C' )  [ RunTime:0.0005s ]
SQL: SELECT * FROM `tpshop_goods` WHERE `gid` IN ('28')  [ RunTime:0.0004s ]
INFO: [ view_parse ] --START--
INFO: [ template_filter ] --START--
INFO: Run Behavior\ContentReplaceBehavior [ RunTime:0.000116s ]
INFO: [ template_filter ] --END-- [ RunTime:0.000143s ]
NOTIC: [8] Undefined index: user D:\phpStudy\WWW\tpShop\tpShop\Shop\Application\Runtime\Cache\Home\fb5773516afd6eccd9629f60016a49a5.php 第 1 行.
NOTIC: [8] Undefined index: thumb D:\phpStudy\WWW\tpShop\tpShop\Shop\Application\Runtime\Cache\Home\fb5773516afd6eccd9629f60016a49a5.php 第 362 行.
INFO: Run Behavior\ParseTemplateBehavior [ RunTime:0.007410s ]
INFO: [ view_parse ] --END-- [ RunTime:0.007434s ]
INFO: [ view_filter ] --START--
INFO: Run Behavior\WriteHtmlCacheBehavior [ RunTime:0.000300s ]
INFO: [ view_filter ] --END-- [ RunTime:0.000326s ]
INFO: [ app_end ] --START--
INFO: Run Behavior\ShowPageTraceBehavior [ RunTime:0.000597s ]
INFO: [ app_end ] --END-- [ RunTime:0.000636s ]

[ 2017-06-23T10:09:45+08:00 ] ::1 /tpShop/tpShop/Shop/index.php/Home/Lists/index/cid/3/param/0_514_0_517_0.html
INFO: [ app_init ] --START--
INFO: Run Behavior\BuildLiteBehavior [ RunTime:0.000008s ]
INFO: [ app_init ] --END-- [ RunTime:0.000377s ]
INFO: [ app_begin ] --START--
INFO: Run Behavior\ReadHtmlCacheBehavior [ RunTime:0.000422s ]
INFO: Run Common\Behaviors\appBeginBehavior [ RunTime:0.000797s ]
INFO: [ app_begin ] --END-- [ RunTime:0.001262s ]
SQL: SHOW COLUMNS FROM `tpshop_category` [ RunTime:0.0034s ]
SQL: SELECT * FROM `tpshop_category`  [ RunTime:0.0005s ]
SQL: SELECT * FROM `tpshop_category`  [ RunTime:0.0004s ]
SQL: SHOW COLUMNS FROM `tpshop_goods` [ RunTime:0.0032s ]
SQL: SELECT `gid` FROM `tpshop_goods` WHERE `cid` IN ('9','22','23','10','24','11','25','26','3')  [ RunTime:0.0003s ]
SQL: SHOW COLUMNS FROM `tpshop_goods_attr` [ RunTime:0.0036s ]
SQL: SELECT * FROM `tpshop_goods_attr` WHERE `gid` IN ('28') GROUP BY gtvalue  [ RunTime:0.0005s ]
SQL: SHOW COLUMNS FROM `tpshop_typeattr` [ RunTime:0.0032s ]
SQL: SELECT `taname` FROM `tpshop_typeattr` WHERE ( taid=34 ) LIMIT 1   [ RunTime:0.0002s ]
SQL: SELECT `taname` FROM `tpshop_typeattr` WHERE ( taid=42 ) LIMIT 1   [ RunTime:0.0002s ]
SQL: SELECT `taname` FROM `tpshop_typeattr` WHERE ( taid=32 ) LIMIT 1   [ RunTime:0.0003s ]
SQL: SELECT `taname` FROM `tpshop_typeattr` WHERE ( taid=43 ) LIMIT 1   [ RunTime:0.0003s ]
SQL: SELECT `taname` FROM `tpshop_typeattr` WHERE ( taid=33 ) LIMIT 1   [ RunTime:0.0003s ]
SQL: SELECT `gtvalue` FROM `tpshop_goods_attr` WHERE ( gtid=514 ) LIMIT 1   [ RunTime:0.0003s ]
SQL: SELECT `gid` FROM `tpshop_goods_attr` WHERE ( gtvalue='75C' )  [ RunTime:0.0003s ]
SQL: SELECT `gtvalue` FROM `tpshop_goods_attr` WHERE ( gtid=517 ) LIMIT 1   [ RunTime:0.0002s ]
SQL: SELECT `gid` FROM `tpshop_goods_attr` WHERE ( gtvalue='粉色' )  [ RunTime:0.0003s ]
SQL: SELECT * FROM `tpshop_goods` WHERE `gid` IN ('28')  [ RunTime:0.0003s ]
INFO: [ view_parse ] --START--
INFO: [ template_filter ] --START--
INFO: Run Behavior\ContentReplaceBehavior [ RunTime:0.000120s ]
INFO: [ template_filter ] --END-- [ RunTime:0.000153s ]
NOTIC: [8] Undefined index: user D:\phpStudy\WWW\tpShop\tpShop\Shop\Application\Runtime\Cache\Home\fb5773516afd6eccd9629f60016a49a5.php 第 1 行.
NOTIC: [8] Undefined index: thumb D:\phpStudy\WWW\tpShop\tpShop\Shop\Application\Runtime\Cache\Home\fb5773516afd6eccd9629f60016a49a5.php 第 362 行.
INFO: Run Behavior\ParseTemplateBehavior [ RunTime:0.007857s ]
INFO: [ view_parse ] --END-- [ RunTime:0.007881s ]
INFO: [ view_filter ] --START--
INFO: Run Behavior\WriteHtmlCacheBehavior [ RunTime:0.000320s ]
INFO: [ view_filter ] --END-- [ RunTime:0.000343s ]
INFO: [ app_end ] --START--
INFO: Run Behavior\ShowPageTraceBehavior [ RunTime:0.000538s ]
INFO: [ app_end ] --END-- [ RunTime:0.000575s ]

[ 2017-06-23T10:09:47+08:00 ] ::1 /tpShop/tpShop/Shop/index.php/Home/Lists/index/cid/3/param/0_514_0_517_507.html
INFO: [ app_init ] --START--
INFO: Run Behavior\BuildLiteBehavior [ RunTime:0.000008s ]
INFO: [ app_init ] --END-- [ RunTime:0.000371s ]
INFO: [ app_begin ] --START--
INFO: Run Behavior\ReadHtmlCacheBehavior [ RunTime:0.000424s ]
INFO: Run Common\Behaviors\appBeginBehavior [ RunTime:0.000754s ]
INFO: [ app_begin ] --END-- [ RunTime:0.001221s ]
SQL: SHOW COLUMNS FROM `tpshop_category` [ RunTime:0.0034s ]
SQL: SELECT * FROM `tpshop_category`  [ RunTime:0.0005s ]
SQL: SELECT * FROM `tpshop_category`  [ RunTime:0.0004s ]
SQL: SHOW COLUMNS FROM `tpshop_goods` [ RunTime:0.0059s ]
SQL: SELECT `gid` FROM `tpshop_goods` WHERE `cid` IN ('9','22','23','10','24','11','25','26','3')  [ RunTime:0.0003s ]
SQL: SHOW COLUMNS FROM `tpshop_goods_attr` [ RunTime:0.0043s ]
SQL: SELECT * FROM `tpshop_goods_attr` WHERE `gid` IN ('28') GROUP BY gtvalue  [ RunTime:0.0005s ]
SQL: SHOW COLUMNS FROM `tpshop_typeattr` [ RunTime:0.0033s ]
SQL: SELECT `taname` FROM `tpshop_typeattr` WHERE ( taid=34 ) LIMIT 1   [ RunTime:0.0003s ]
SQL: SELECT `taname` FROM `tpshop_typeattr` WHERE ( taid=42 ) LIMIT 1   [ RunTime:0.0002s ]
SQL: SELECT `taname` FROM `tpshop_typeattr` WHERE ( taid=32 ) LIMIT 1   [ RunTime:0.0002s ]
SQL: SELECT `taname` FROM `tpshop_typeattr` WHERE ( taid=43 ) LIMIT 1   [ RunTime:0.0002s ]
SQL: SELECT `taname` FROM `tpshop_typeattr` WHERE ( taid=33 ) LIMIT 1   [ RunTime:0.0002s ]
SQL: SELECT `gtvalue` FROM `tpshop_goods_attr` WHERE ( gtid=514 ) LIMIT 1   [ RunTime:0.0002s ]
SQL: SELECT `gid` FROM `tpshop_goods_attr` WHERE ( gtvalue='75C' )  [ RunTime:0.0002s ]
SQL: SELECT `gtvalue` FROM `tpshop_goods_attr` WHERE ( gtid=517 ) LIMIT 1   [ RunTime:0.0002s ]
SQL: SELECT `gid` FROM `tpshop_goods_attr` WHERE ( gtvalue='粉色' )  [ RunTime:0.0002s ]
SQL: SELECT `gtvalue` FROM `tpshop_goods_attr` WHERE ( gtid=507 ) LIMIT 1   [ RunTime:0.0002s ]
SQL: SELECT `gid` FROM `tpshop_goods_attr` WHERE ( gtvalue='蕾丝文胸' )  [ RunTime:0.0004s ]
SQL: SELECT * FROM `tpshop_goods` WHERE `gid` IN ('28')  [ RunTime:0.0010s ]
INFO: [ view_parse ] --START--
INFO: [ template_filter ] --START--
INFO: Run Behavior\ContentReplaceBehavior [ RunTime:0.000118s ]
INFO: [ template_filter ] --END-- [ RunTime:0.000145s ]
NOTIC: [8] Undefined index: user D:\phpStudy\WWW\tpShop\tpShop\Shop\Application\Runtime\Cache\Home\fb5773516afd6eccd9629f60016a49a5.php 第 1 行.
NOTIC: [8] Undefined index: thumb D:\phpStudy\WWW\tpShop\tpShop\Shop\Application\Runtime\Cache\Home\fb5773516afd6eccd9629f60016a49a5.php 第 362 行.
INFO: Run Behavior\ParseTemplateBehavior [ RunTime:0.009411s ]
INFO: [ view_parse ] --END-- [ RunTime:0.009562s ]
INFO: [ view_filter ] --START--
INFO: Run Behavior\WriteHtmlCacheBehavior [ RunTime:0.000304s ]
INFO: [ view_filter ] --END-- [ RunTime:0.000328s ]
INFO: [ app_end ] --START--
INFO: Run Behavior\ShowPageTraceBehavior [ RunTime:0.000509s ]
INFO: [ app_end ] --END-- [ RunTime:0.000543s ]

