[ 2017-09-03T09:23:35+08:00 ] ::1 /tpShop/Shop/index.php
INFO: [ app_init ] --START--
INFO: Run Behavior\BuildLiteBehavior [ RunTime:0.000012s ]
INFO: [ app_init ] --END-- [ RunTime:0.004988s ]
INFO: [ app_begin ] --START--
INFO: Run Behavior\ReadHtmlCacheBehavior [ RunTime:0.029071s ]
INFO: Run Common\Behaviors\appBeginBehavior [ RunTime:0.016319s ]
INFO: [ app_begin ] --END-- [ RunTime:0.045470s ]
SQL: SHOW COLUMNS FROM `tpshop_category` [ RunTime:0.0735s ]
SQL: SELECT `cid` FROM `tpshop_category` WHERE ( pid=0 ) ORDER BY csort asc  [ RunTime:0.0359s ]
SQL: SELECT * FROM `tpshop_category`  [ RunTime:0.0006s ]
SQL: SHOW COLUMNS FROM `tpshop_brand` [ RunTime:0.0648s ]
SQL: SELECT * FROM `tpshop_brand` ORDER BY bsort desc LIMIT 24   [ RunTime:0.0180s ]
SQL: SHOW COLUMNS FROM `tpshop_goods` [ RunTime:0.0325s ]
SQL: SELECT `gid`,`gname`,`pic` FROM `tpshop_goods` WHERE ( tid in (1,3,4,5) ) ORDER BY gid desc LIMIT 6   [ RunTime:0.0423s ]
SQL: SELECT `gid`,`gname`,`pic` FROM `tpshop_goods` WHERE ( tid in (1,3,4,5) ) ORDER BY gid asc LIMIT 3   [ RunTime:0.0003s ]
SQL: SELECT `cid`,`cname`,`tid` FROM `tpshop_category` WHERE ( tid in (1,3,4,5)  ) ORDER BY cid asc LIMIT 10   [ RunTime:0.0004s ]
SQL: SELECT `gid`,`gname`,`pic` FROM `tpshop_goods` WHERE ( tid in (14,16,17) ) ORDER BY gid desc LIMIT 1   [ RunTime:0.0003s ]
SQL: SELECT `gid`,`gname`,`pic` FROM `tpshop_goods` WHERE ( tid in (14,16,17) ) ORDER BY gid desc LIMIT 5   [ RunTime:0.0003s ]
SQL: SELECT `gid`,`gname`,`pic` FROM `tpshop_goods` WHERE ( tid in (14,16,17) ) ORDER BY gid asc LIMIT 2   [ RunTime:0.0002s ]
SQL: SELECT `cid`,`cname`,`tid` FROM `tpshop_category` WHERE ( tid in (14,16,17)  ) ORDER BY cid asc LIMIT 10   [ RunTime:0.0002s ]
SQL: SELECT `gid`,`gname`,`pic` FROM `tpshop_goods` WHERE ( tid in (15,11,8,9) ) ORDER BY gid desc LIMIT 6   [ RunTime:0.0002s ]
SQL: SELECT `gid`,`gname`,`pic` FROM `tpshop_goods` WHERE ( tid in (15,11,8,9) ) ORDER BY gid asc LIMIT 3   [ RunTime:0.0002s ]
SQL: SELECT `cid`,`cname`,`tid` FROM `tpshop_category` WHERE ( tid in (15,11,8,9)  ) ORDER BY cid asc LIMIT 10   [ RunTime:0.0002s ]
SQL: SELECT * FROM `tpshop_goods` ORDER BY click desc LIMIT 15   [ RunTime:0.0003s ]
INFO: [ view_parse ] --START--
INFO: [ template_filter ] --START--
INFO: Run Behavior\ContentReplaceBehavior [ RunTime:0.032602s ]
INFO: [ template_filter ] --END-- [ RunTime:0.032653s ]
NOTIC: [8] Undefined index: user D:\phpStudy\WWW\tpShop\Shop\Application\Runtime\Cache\Home\2a94b8bda04ff446dcedd42276fc99ee.php 第 18 行.
NOTIC: [8] Undefined offset: 3 D:\phpStudy\WWW\tpShop\Shop\Application\Runtime\Cache\Home\2a94b8bda04ff446dcedd42276fc99ee.php 第 328 行.
NOTIC: [8] Undefined offset: 3 D:\phpStudy\WWW\tpShop\Shop\Application\Runtime\Cache\Home\2a94b8bda04ff446dcedd42276fc99ee.php 第 328 行.
NOTIC: [8] Undefined offset: 3 D:\phpStudy\WWW\tpShop\Shop\Application\Runtime\Cache\Home\2a94b8bda04ff446dcedd42276fc99ee.php 第 328 行.
NOTIC: [8] Undefined offset: 3 D:\phpStudy\WWW\tpShop\Shop\Application\Runtime\Cache\Home\2a94b8bda04ff446dcedd42276fc99ee.php 第 328 行.
NOTIC: [8] Undefined offset: 3 D:\phpStudy\WWW\tpShop\Shop\Application\Runtime\Cache\Home\2a94b8bda04ff446dcedd42276fc99ee.php 第 328 行.
NOTIC: [8] Undefined offset: 3 D:\phpStudy\WWW\tpShop\Shop\Application\Runtime\Cache\Home\2a94b8bda04ff446dcedd42276fc99ee.php 第 328 行.
NOTIC: [8] Undefined offset: 3 D:\phpStudy\WWW\tpShop\Shop\Application\Runtime\Cache\Home\2a94b8bda04ff446dcedd42276fc99ee.php 第 328 行.
NOTIC: [8] Undefined offset: 4 D:\phpStudy\WWW\tpShop\Shop\Application\Runtime\Cache\Home\2a94b8bda04ff446dcedd42276fc99ee.php 第 328 行.
NOTIC: [8] Undefined offset: 4 D:\phpStudy\WWW\tpShop\Shop\Application\Runtime\Cache\Home\2a94b8bda04ff446dcedd42276fc99ee.php 第 328 行.
NOTIC: [8] Undefined offset: 4 D:\phpStudy\WWW\tpShop\Shop\Application\Runtime\Cache\Home\2a94b8bda04ff446dcedd42276fc99ee.php 第 328 行.
NOTIC: [8] Undefined offset: 4 D:\phpStudy\WWW\tpShop\Shop\Application\Runtime\Cache\Home\2a94b8bda04ff446dcedd42276fc99ee.php 第 328 行.
NOTIC: [8] Undefined offset: 4 D:\phpStudy\WWW\tpShop\Shop\Application\Runtime\Cache\Home\2a94b8bda04ff446dcedd42276fc99ee.php 第 328 行.
NOTIC: [8] Undefined offset: 4 D:\phpStudy\WWW\tpShop\Shop\Application\Runtime\Cache\Home\2a94b8bda04ff446dcedd42276fc99ee.php 第 328 行.
NOTIC: [8] Undefined offset: 5 D:\phpStudy\WWW\tpShop\Shop\Application\Runtime\Cache\Home\2a94b8bda04ff446dcedd42276fc99ee.php 第 328 行.
NOTIC: [8] Undefined offset: 5 D:\phpStudy\WWW\tpShop\Shop\Application\Runtime\Cache\Home\2a94b8bda04ff446dcedd42276fc99ee.php 第 328 行.
NOTIC: [8] Undefined offset: 5 D:\phpStudy\WWW\tpShop\Shop\Application\Runtime\Cache\Home\2a94b8bda04ff446dcedd42276fc99ee.php 第 328 行.
NOTIC: [8] Undefined offset: 5 D:\phpStudy\WWW\tpShop\Shop\Application\Runtime\Cache\Home\2a94b8bda04ff446dcedd42276fc99ee.php 第 328 行.
NOTIC: [8] Undefined offset: 5 D:\phpStudy\WWW\tpShop\Shop\Application\Runtime\Cache\Home\2a94b8bda04ff446dcedd42276fc99ee.php 第 328 行.
NOTIC: [8] Undefined offset: 5 D:\phpStudy\WWW\tpShop\Shop\Application\Runtime\Cache\Home\2a94b8bda04ff446dcedd42276fc99ee.php 第 328 行.
NOTIC: [8] Undefined offset: 5 D:\phpStudy\WWW\tpShop\Shop\Application\Runtime\Cache\Home\2a94b8bda04ff446dcedd42276fc99ee.php 第 328 行.
NOTIC: [8] Undefined offset: 5 D:\phpStudy\WWW\tpShop\Shop\Application\Runtime\Cache\Home\2a94b8bda04ff446dcedd42276fc99ee.php 第 328 行.
NOTIC: [8] Undefined offset: 6 D:\phpStudy\WWW\tpShop\Shop\Application\Runtime\Cache\Home\2a94b8bda04ff446dcedd42276fc99ee.php 第 323 行.
NOTIC: [8] Undefined offset: 7 D:\phpStudy\WWW\tpShop\Shop\Application\Runtime\Cache\Home\2a94b8bda04ff446dcedd42276fc99ee.php 第 323 行.
NOTIC: [8] Undefined offset: 8 D:\phpStudy\WWW\tpShop\Shop\Application\Runtime\Cache\Home\2a94b8bda04ff446dcedd42276fc99ee.php 第 323 行.
NOTIC: [8] Undefined offset: 9 D:\phpStudy\WWW\tpShop\Shop\Application\Runtime\Cache\Home\2a94b8bda04ff446dcedd42276fc99ee.php 第 323 行.
NOTIC: [8] Undefined offset: 10 D:\phpStudy\WWW\tpShop\Shop\Application\Runtime\Cache\Home\2a94b8bda04ff446dcedd42276fc99ee.php 第 323 行.
NOTIC: [8] Undefined offset: 11 D:\phpStudy\WWW\tpShop\Shop\Application\Runtime\Cache\Home\2a94b8bda04ff446dcedd42276fc99ee.php 第 323 行.
NOTIC: [8] Undefined offset: 12 D:\phpStudy\WWW\tpShop\Shop\Application\Runtime\Cache\Home\2a94b8bda04ff446dcedd42276fc99ee.php 第 323 行.
NOTIC: [8] Undefined offset: 13 D:\phpStudy\WWW\tpShop\Shop\Application\Runtime\Cache\Home\2a94b8bda04ff446dcedd42276fc99ee.php 第 323 行.
NOTIC: [8] Undefined offset: 14 D:\phpStudy\WWW\tpShop\Shop\Application\Runtime\Cache\Home\2a94b8bda04ff446dcedd42276fc99ee.php 第 323 行.
NOTIC: [8] Undefined offset: 15 D:\phpStudy\WWW\tpShop\Shop\Application\Runtime\Cache\Home\2a94b8bda04ff446dcedd42276fc99ee.php 第 323 行.
INFO: Run Behavior\ParseTemplateBehavior [ RunTime:0.094983s ]
INFO: [ view_parse ] --END-- [ RunTime:0.095051s ]
INFO: [ view_filter ] --START--
INFO: Run Behavior\WriteHtmlCacheBehavior [ RunTime:0.010387s ]
INFO: [ view_filter ] --END-- [ RunTime:0.010418s ]
INFO: [ app_end ] --START--
INFO: Run Behavior\ShowPageTraceBehavior [ RunTime:0.000917s ]
INFO: [ app_end ] --END-- [ RunTime:0.000971s ]

[ 2017-09-03T09:27:38+08:00 ] ::1 /tpShop/tpShop/Shop/index.php
INFO: [ app_init ] --START--
INFO: Run Behavior\BuildLiteBehavior [ RunTime:0.000007s ]
INFO: [ app_init ] --END-- [ RunTime:0.000385s ]
INFO: [ app_begin ] --START--
INFO: Run Behavior\ReadHtmlCacheBehavior [ RunTime:0.000457s ]
INFO: Run Common\Behaviors\appBeginBehavior [ RunTime:0.001051s ]
INFO: [ app_begin ] --END-- [ RunTime:0.001562s ]
SQL: SHOW COLUMNS FROM `tpshop_category` [ RunTime:0.0060s ]
SQL: SELECT `cid` FROM `tpshop_category` WHERE ( pid=0 ) ORDER BY csort asc  [ RunTime:0.0002s ]
SQL: SELECT * FROM `tpshop_category`  [ RunTime:0.0004s ]
SQL: SHOW COLUMNS FROM `tpshop_brand` [ RunTime:0.0059s ]
SQL: SELECT * FROM `tpshop_brand` ORDER BY bsort desc LIMIT 24   [ RunTime:0.0004s ]
SQL: SHOW COLUMNS FROM `tpshop_goods` [ RunTime:0.0055s ]
SQL: SELECT `gid`,`gname`,`pic` FROM `tpshop_goods` WHERE ( tid in (1,3,4,5) ) ORDER BY gid desc LIMIT 6   [ RunTime:0.0004s ]
SQL: SELECT `gid`,`gname`,`pic` FROM `tpshop_goods` WHERE ( tid in (1,3,4,5) ) ORDER BY gid asc LIMIT 3   [ RunTime:0.0003s ]
SQL: SELECT `cid`,`cname`,`tid` FROM `tpshop_category` WHERE ( tid in (1,3,4,5)  ) ORDER BY cid asc LIMIT 10   [ RunTime:0.0003s ]
SQL: SELECT `gid`,`gname`,`pic` FROM `tpshop_goods` WHERE ( tid in (14,16,17) ) ORDER BY gid desc LIMIT 1   [ RunTime:0.0002s ]
SQL: SELECT `gid`,`gname`,`pic` FROM `tpshop_goods` WHERE ( tid in (14,16,17) ) ORDER BY gid desc LIMIT 5   [ RunTime:0.0003s ]
SQL: SELECT `gid`,`gname`,`pic` FROM `tpshop_goods` WHERE ( tid in (14,16,17) ) ORDER BY gid asc LIMIT 2   [ RunTime:0.0002s ]
SQL: SELECT `cid`,`cname`,`tid` FROM `tpshop_category` WHERE ( tid in (14,16,17)  ) ORDER BY cid asc LIMIT 10   [ RunTime:0.0002s ]
SQL: SELECT `gid`,`gname`,`pic` FROM `tpshop_goods` WHERE ( tid in (15,11,8,9) ) ORDER BY gid desc LIMIT 6   [ RunTime:0.0003s ]
SQL: SELECT `gid`,`gname`,`pic` FROM `tpshop_goods` WHERE ( tid in (15,11,8,9) ) ORDER BY gid asc LIMIT 3   [ RunTime:0.0002s ]
SQL: SELECT `cid`,`cname`,`tid` FROM `tpshop_category` WHERE ( tid in (15,11,8,9)  ) ORDER BY cid asc LIMIT 10   [ RunTime:0.0002s ]
SQL: SELECT * FROM `tpshop_goods` ORDER BY click desc LIMIT 15   [ RunTime:0.0003s ]
INFO: [ view_parse ] --START--
INFO: [ template_filter ] --START--
INFO: Run Behavior\ContentReplaceBehavior [ RunTime:0.000157s ]
INFO: [ template_filter ] --END-- [ RunTime:0.000185s ]
NOTIC: [8] Undefined index: user D:\phpStudy\WWW\tpShop\tpShop\Shop\Application\Runtime\Cache\Home\2a94b8bda04ff446dcedd42276fc99ee.php 第 18 行.
NOTIC: [8] Undefined offset: 3 D:\phpStudy\WWW\tpShop\tpShop\Shop\Application\Runtime\Cache\Home\2a94b8bda04ff446dcedd42276fc99ee.php 第 328 行.
NOTIC: [8] Undefined offset: 3 D:\phpStudy\WWW\tpShop\tpShop\Shop\Application\Runtime\Cache\Home\2a94b8bda04ff446dcedd42276fc99ee.php 第 328 行.
NOTIC: [8] Undefined offset: 3 D:\phpStudy\WWW\tpShop\tpShop\Shop\Application\Runtime\Cache\Home\2a94b8bda04ff446dcedd42276fc99ee.php 第 328 行.
NOTIC: [8] Undefined offset: 3 D:\phpStudy\WWW\tpShop\tpShop\Shop\Application\Runtime\Cache\Home\2a94b8bda04ff446dcedd42276fc99ee.php 第 328 行.
NOTIC: [8] Undefined offset: 3 D:\phpStudy\WWW\tpShop\tpShop\Shop\Application\Runtime\Cache\Home\2a94b8bda04ff446dcedd42276fc99ee.php 第 328 行.
NOTIC: [8] Undefined offset: 3 D:\phpStudy\WWW\tpShop\tpShop\Shop\Application\Runtime\Cache\Home\2a94b8bda04ff446dcedd42276fc99ee.php 第 328 行.
NOTIC: [8] Undefined offset: 3 D:\phpStudy\WWW\tpShop\tpShop\Shop\Application\Runtime\Cache\Home\2a94b8bda04ff446dcedd42276fc99ee.php 第 328 行.
NOTIC: [8] Undefined offset: 4 D:\phpStudy\WWW\tpShop\tpShop\Shop\Application\Runtime\Cache\Home\2a94b8bda04ff446dcedd42276fc99ee.php 第 328 行.
NOTIC: [8] Undefined offset: 4 D:\phpStudy\WWW\tpShop\tpShop\Shop\Application\Runtime\Cache\Home\2a94b8bda04ff446dcedd42276fc99ee.php 第 328 行.
NOTIC: [8] Undefined offset: 4 D:\phpStudy\WWW\tpShop\tpShop\Shop\Application\Runtime\Cache\Home\2a94b8bda04ff446dcedd42276fc99ee.php 第 328 行.
NOTIC: [8] Undefined offset: 4 D:\phpStudy\WWW\tpShop\tpShop\Shop\Application\Runtime\Cache\Home\2a94b8bda04ff446dcedd42276fc99ee.php 第 328 行.
NOTIC: [8] Undefined offset: 4 D:\phpStudy\WWW\tpShop\tpShop\Shop\Application\Runtime\Cache\Home\2a94b8bda04ff446dcedd42276fc99ee.php 第 328 行.
NOTIC: [8] Undefined offset: 4 D:\phpStudy\WWW\tpShop\tpShop\Shop\Application\Runtime\Cache\Home\2a94b8bda04ff446dcedd42276fc99ee.php 第 328 行.
NOTIC: [8] Undefined offset: 5 D:\phpStudy\WWW\tpShop\tpShop\Shop\Application\Runtime\Cache\Home\2a94b8bda04ff446dcedd42276fc99ee.php 第 328 行.
NOTIC: [8] Undefined offset: 5 D:\phpStudy\WWW\tpShop\tpShop\Shop\Application\Runtime\Cache\Home\2a94b8bda04ff446dcedd42276fc99ee.php 第 328 行.
NOTIC: [8] Undefined offset: 5 D:\phpStudy\WWW\tpShop\tpShop\Shop\Application\Runtime\Cache\Home\2a94b8bda04ff446dcedd42276fc99ee.php 第 328 行.
NOTIC: [8] Undefined offset: 5 D:\phpStudy\WWW\tpShop\tpShop\Shop\Application\Runtime\Cache\Home\2a94b8bda04ff446dcedd42276fc99ee.php 第 328 行.
NOTIC: [8] Undefined offset: 5 D:\phpStudy\WWW\tpShop\tpShop\Shop\Application\Runtime\Cache\Home\2a94b8bda04ff446dcedd42276fc99ee.php 第 328 行.
NOTIC: [8] Undefined offset: 5 D:\phpStudy\WWW\tpShop\tpShop\Shop\Application\Runtime\Cache\Home\2a94b8bda04ff446dcedd42276fc99ee.php 第 328 行.
NOTIC: [8] Undefined offset: 5 D:\phpStudy\WWW\tpShop\tpShop\Shop\Application\Runtime\Cache\Home\2a94b8bda04ff446dcedd42276fc99ee.php 第 328 行.
NOTIC: [8] Undefined offset: 5 D:\phpStudy\WWW\tpShop\tpShop\Shop\Application\Runtime\Cache\Home\2a94b8bda04ff446dcedd42276fc99ee.php 第 328 行.
NOTIC: [8] Undefined offset: 6 D:\phpStudy\WWW\tpShop\tpShop\Shop\Application\Runtime\Cache\Home\2a94b8bda04ff446dcedd42276fc99ee.php 第 323 行.
NOTIC: [8] Undefined offset: 7 D:\phpStudy\WWW\tpShop\tpShop\Shop\Application\Runtime\Cache\Home\2a94b8bda04ff446dcedd42276fc99ee.php 第 323 行.
NOTIC: [8] Undefined offset: 8 D:\phpStudy\WWW\tpShop\tpShop\Shop\Application\Runtime\Cache\Home\2a94b8bda04ff446dcedd42276fc99ee.php 第 323 行.
NOTIC: [8] Undefined offset: 9 D:\phpStudy\WWW\tpShop\tpShop\Shop\Application\Runtime\Cache\Home\2a94b8bda04ff446dcedd42276fc99ee.php 第 323 行.
NOTIC: [8] Undefined offset: 10 D:\phpStudy\WWW\tpShop\tpShop\Shop\Application\Runtime\Cache\Home\2a94b8bda04ff446dcedd42276fc99ee.php 第 323 行.
NOTIC: [8] Undefined offset: 11 D:\phpStudy\WWW\tpShop\tpShop\Shop\Application\Runtime\Cache\Home\2a94b8bda04ff446dcedd42276fc99ee.php 第 323 行.
NOTIC: [8] Undefined offset: 12 D:\phpStudy\WWW\tpShop\tpShop\Shop\Application\Runtime\Cache\Home\2a94b8bda04ff446dcedd42276fc99ee.php 第 323 行.
NOTIC: [8] Undefined offset: 13 D:\phpStudy\WWW\tpShop\tpShop\Shop\Application\Runtime\Cache\Home\2a94b8bda04ff446dcedd42276fc99ee.php 第 323 行.
NOTIC: [8] Undefined offset: 14 D:\phpStudy\WWW\tpShop\tpShop\Shop\Application\Runtime\Cache\Home\2a94b8bda04ff446dcedd42276fc99ee.php 第 323 行.
NOTIC: [8] Undefined offset: 15 D:\phpStudy\WWW\tpShop\tpShop\Shop\Application\Runtime\Cache\Home\2a94b8bda04ff446dcedd42276fc99ee.php 第 323 行.
INFO: Run Behavior\ParseTemplateBehavior [ RunTime:0.012935s ]
INFO: [ view_parse ] --END-- [ RunTime:0.012958s ]
INFO: [ view_filter ] --START--
INFO: Run Behavior\WriteHtmlCacheBehavior [ RunTime:0.000396s ]
INFO: [ view_filter ] --END-- [ RunTime:0.000418s ]
INFO: [ app_end ] --START--
INFO: Run Behavior\ShowPageTraceBehavior [ RunTime:0.000665s ]
INFO: [ app_end ] --END-- [ RunTime:0.000711s ]

[ 2017-09-03T09:27:46+08:00 ] ::1 /tpShop/tpShop/Shop/index.php/Home/Content/index/gid/21.html
INFO: [ app_init ] --START--
INFO: Run Behavior\BuildLiteBehavior [ RunTime:0.000007s ]
INFO: [ app_init ] --END-- [ RunTime:0.000385s ]
INFO: [ app_begin ] --START--
INFO: Run Behavior\ReadHtmlCacheBehavior [ RunTime:0.000451s ]
INFO: Run Common\Behaviors\appBeginBehavior [ RunTime:0.001011s ]
INFO: [ app_begin ] --END-- [ RunTime:0.001506s ]
SQL: SHOW COLUMNS FROM `tpshop_goods` [ RunTime:0.0066s ]
SQL: SELECT * FROM `tpshop_goods` WHERE ( gid=21 ) LIMIT 1   [ RunTime:0.0003s ]
SQL: SHOW COLUMNS FROM `tpshop_typeattr` [ RunTime:0.0877s ]
SQL: SELECT taid,taname FROM `tpshop_typeattr` WHERE ( class=1 and tid=14 )  [ RunTime:0.0079s ]
SQL: SELECT taid,taname FROM `tpshop_typeattr` WHERE ( class=2 and tid=14 )  [ RunTime:0.0004s ]
SQL: SHOW COLUMNS FROM `tpshop_detail` [ RunTime:0.0355s ]
SQL: SELECT * FROM `tpshop_detail` WHERE ( gid=21 ) LIMIT 1   [ RunTime:0.0066s ]
INFO: [ view_parse ] --START--
INFO: [ template_filter ] --START--
INFO: Run Behavior\ContentReplaceBehavior [ RunTime:0.000187s ]
INFO: [ template_filter ] --END-- [ RunTime:0.000249s ]
NOTIC: [8] Undefined index: user D:\phpStudy\WWW\tpShop\tpShop\Shop\Application\Runtime\Cache\Home\05c25a47e280706f416be77c1b8978f8.php 第 91 行.
INFO: Run Behavior\ParseTemplateBehavior [ RunTime:0.032628s ]
INFO: [ view_parse ] --END-- [ RunTime:0.032660s ]
INFO: [ view_filter ] --START--
INFO: Run Behavior\WriteHtmlCacheBehavior [ RunTime:0.000403s ]
INFO: [ view_filter ] --END-- [ RunTime:0.000430s ]
INFO: [ app_end ] --START--
INFO: Run Behavior\ShowPageTraceBehavior [ RunTime:0.001132s ]
INFO: [ app_end ] --END-- [ RunTime:0.001171s ]

[ 2017-09-03T10:01:04+08:00 ] 127.0.0.1 /tpShop/tpShop/Shop/index.php
INFO: [ app_init ] --START--
INFO: Run Behavior\BuildLiteBehavior [ RunTime:0.000012s ]
INFO: [ app_init ] --END-- [ RunTime:0.000579s ]
INFO: [ app_begin ] --START--
INFO: Run Behavior\ReadHtmlCacheBehavior [ RunTime:0.000643s ]
INFO: Run Common\Behaviors\appBeginBehavior [ RunTime:0.001163s ]
INFO: [ app_begin ] --END-- [ RunTime:0.001882s ]
SQL: SHOW COLUMNS FROM `tpshop_category` [ RunTime:0.0108s ]
SQL: SELECT `cid` FROM `tpshop_category` WHERE ( pid=0 ) ORDER BY csort asc  [ RunTime:0.0005s ]
SQL: SELECT * FROM `tpshop_category`  [ RunTime:0.0007s ]
SQL: SHOW COLUMNS FROM `tpshop_brand` [ RunTime:0.0061s ]
SQL: SELECT * FROM `tpshop_brand` ORDER BY bsort desc LIMIT 24   [ RunTime:0.0006s ]
SQL: SHOW COLUMNS FROM `tpshop_goods` [ RunTime:0.0058s ]
SQL: SELECT `gid`,`gname`,`pic` FROM `tpshop_goods` WHERE ( tid in (1,3,4,5) ) ORDER BY gid desc LIMIT 6   [ RunTime:0.0016s ]
SQL: SELECT `gid`,`gname`,`pic` FROM `tpshop_goods` WHERE ( tid in (1,3,4,5) ) ORDER BY gid asc LIMIT 3   [ RunTime:0.0004s ]
SQL: SELECT `cid`,`cname`,`tid` FROM `tpshop_category` WHERE ( tid in (1,3,4,5)  ) ORDER BY cid asc LIMIT 10   [ RunTime:0.0005s ]
SQL: SELECT `gid`,`gname`,`pic` FROM `tpshop_goods` WHERE ( tid in (14,16,17) ) ORDER BY gid desc LIMIT 1   [ RunTime:0.0004s ]
SQL: SELECT `gid`,`gname`,`pic` FROM `tpshop_goods` WHERE ( tid in (14,16,17) ) ORDER BY gid desc LIMIT 5   [ RunTime:0.0004s ]
SQL: SELECT `gid`,`gname`,`pic` FROM `tpshop_goods` WHERE ( tid in (14,16,17) ) ORDER BY gid asc LIMIT 2   [ RunTime:0.0003s ]
SQL: SELECT `cid`,`cname`,`tid` FROM `tpshop_category` WHERE ( tid in (14,16,17)  ) ORDER BY cid asc LIMIT 10   [ RunTime:0.0003s ]
SQL: SELECT `gid`,`gname`,`pic` FROM `tpshop_goods` WHERE ( tid in (15,11,8,9) ) ORDER BY gid desc LIMIT 6   [ RunTime:0.0003s ]
SQL: SELECT `gid`,`gname`,`pic` FROM `tpshop_goods` WHERE ( tid in (15,11,8,9) ) ORDER BY gid asc LIMIT 3   [ RunTime:0.0004s ]
SQL: SELECT `cid`,`cname`,`tid` FROM `tpshop_category` WHERE ( tid in (15,11,8,9)  ) ORDER BY cid asc LIMIT 10   [ RunTime:0.0004s ]
SQL: SELECT * FROM `tpshop_goods` ORDER BY click desc LIMIT 15   [ RunTime:0.0005s ]
INFO: [ view_parse ] --START--
INFO: [ template_filter ] --START--
INFO: Run Behavior\ContentReplaceBehavior [ RunTime:0.031178s ]
INFO: [ template_filter ] --END-- [ RunTime:0.031236s ]
NOTIC: [8] Undefined index: user D:\phpStudy\WWW\tpShop\tpShop\Shop\Application\Runtime\Cache\Home\2a94b8bda04ff446dcedd42276fc99ee.php 第 18 行.
NOTIC: [8] Undefined offset: 3 D:\phpStudy\WWW\tpShop\tpShop\Shop\Application\Runtime\Cache\Home\2a94b8bda04ff446dcedd42276fc99ee.php 第 328 行.
NOTIC: [8] Undefined offset: 3 D:\phpStudy\WWW\tpShop\tpShop\Shop\Application\Runtime\Cache\Home\2a94b8bda04ff446dcedd42276fc99ee.php 第 328 行.
NOTIC: [8] Undefined offset: 3 D:\phpStudy\WWW\tpShop\tpShop\Shop\Application\Runtime\Cache\Home\2a94b8bda04ff446dcedd42276fc99ee.php 第 328 行.
NOTIC: [8] Undefined offset: 3 D:\phpStudy\WWW\tpShop\tpShop\Shop\Application\Runtime\Cache\Home\2a94b8bda04ff446dcedd42276fc99ee.php 第 328 行.
NOTIC: [8] Undefined offset: 3 D:\phpStudy\WWW\tpShop\tpShop\Shop\Application\Runtime\Cache\Home\2a94b8bda04ff446dcedd42276fc99ee.php 第 328 行.
NOTIC: [8] Undefined offset: 3 D:\phpStudy\WWW\tpShop\tpShop\Shop\Application\Runtime\Cache\Home\2a94b8bda04ff446dcedd42276fc99ee.php 第 328 行.
NOTIC: [8] Undefined offset: 3 D:\phpStudy\WWW\tpShop\tpShop\Shop\Application\Runtime\Cache\Home\2a94b8bda04ff446dcedd42276fc99ee.php 第 328 行.
NOTIC: [8] Undefined offset: 4 D:\phpStudy\WWW\tpShop\tpShop\Shop\Application\Runtime\Cache\Home\2a94b8bda04ff446dcedd42276fc99ee.php 第 328 行.
NOTIC: [8] Undefined offset: 4 D:\phpStudy\WWW\tpShop\tpShop\Shop\Application\Runtime\Cache\Home\2a94b8bda04ff446dcedd42276fc99ee.php 第 328 行.
NOTIC: [8] Undefined offset: 4 D:\phpStudy\WWW\tpShop\tpShop\Shop\Application\Runtime\Cache\Home\2a94b8bda04ff446dcedd42276fc99ee.php 第 328 行.
NOTIC: [8] Undefined offset: 4 D:\phpStudy\WWW\tpShop\tpShop\Shop\Application\Runtime\Cache\Home\2a94b8bda04ff446dcedd42276fc99ee.php 第 328 行.
NOTIC: [8] Undefined offset: 4 D:\phpStudy\WWW\tpShop\tpShop\Shop\Application\Runtime\Cache\Home\2a94b8bda04ff446dcedd42276fc99ee.php 第 328 行.
NOTIC: [8] Undefined offset: 4 D:\phpStudy\WWW\tpShop\tpShop\Shop\Application\Runtime\Cache\Home\2a94b8bda04ff446dcedd42276fc99ee.php 第 328 行.
NOTIC: [8] Undefined offset: 5 D:\phpStudy\WWW\tpShop\tpShop\Shop\Application\Runtime\Cache\Home\2a94b8bda04ff446dcedd42276fc99ee.php 第 328 行.
NOTIC: [8] Undefined offset: 5 D:\phpStudy\WWW\tpShop\tpShop\Shop\Application\Runtime\Cache\Home\2a94b8bda04ff446dcedd42276fc99ee.php 第 328 行.
NOTIC: [8] Undefined offset: 5 D:\phpStudy\WWW\tpShop\tpShop\Shop\Application\Runtime\Cache\Home\2a94b8bda04ff446dcedd42276fc99ee.php 第 328 行.
NOTIC: [8] Undefined offset: 5 D:\phpStudy\WWW\tpShop\tpShop\Shop\Application\Runtime\Cache\Home\2a94b8bda04ff446dcedd42276fc99ee.php 第 328 行.
NOTIC: [8] Undefined offset: 5 D:\phpStudy\WWW\tpShop\tpShop\Shop\Application\Runtime\Cache\Home\2a94b8bda04ff446dcedd42276fc99ee.php 第 328 行.
NOTIC: [8] Undefined offset: 5 D:\phpStudy\WWW\tpShop\tpShop\Shop\Application\Runtime\Cache\Home\2a94b8bda04ff446dcedd42276fc99ee.php 第 328 行.
NOTIC: [8] Undefined offset: 5 D:\phpStudy\WWW\tpShop\tpShop\Shop\Application\Runtime\Cache\Home\2a94b8bda04ff446dcedd42276fc99ee.php 第 328 行.
NOTIC: [8] Undefined offset: 5 D:\phpStudy\WWW\tpShop\tpShop\Shop\Application\Runtime\Cache\Home\2a94b8bda04ff446dcedd42276fc99ee.php 第 328 行.
NOTIC: [8] Undefined offset: 6 D:\phpStudy\WWW\tpShop\tpShop\Shop\Application\Runtime\Cache\Home\2a94b8bda04ff446dcedd42276fc99ee.php 第 323 行.
NOTIC: [8] Undefined offset: 7 D:\phpStudy\WWW\tpShop\tpShop\Shop\Application\Runtime\Cache\Home\2a94b8bda04ff446dcedd42276fc99ee.php 第 323 行.
NOTIC: [8] Undefined offset: 8 D:\phpStudy\WWW\tpShop\tpShop\Shop\Application\Runtime\Cache\Home\2a94b8bda04ff446dcedd42276fc99ee.php 第 323 行.
NOTIC: [8] Undefined offset: 9 D:\phpStudy\WWW\tpShop\tpShop\Shop\Application\Runtime\Cache\Home\2a94b8bda04ff446dcedd42276fc99ee.php 第 323 行.
NOTIC: [8] Undefined offset: 10 D:\phpStudy\WWW\tpShop\tpShop\Shop\Application\Runtime\Cache\Home\2a94b8bda04ff446dcedd42276fc99ee.php 第 323 行.
NOTIC: [8] Undefined offset: 11 D:\phpStudy\WWW\tpShop\tpShop\Shop\Application\Runtime\Cache\Home\2a94b8bda04ff446dcedd42276fc99ee.php 第 323 行.
NOTIC: [8] Undefined offset: 12 D:\phpStudy\WWW\tpShop\tpShop\Shop\Application\Runtime\Cache\Home\2a94b8bda04ff446dcedd42276fc99ee.php 第 323 行.
NOTIC: [8] Undefined offset: 13 D:\phpStudy\WWW\tpShop\tpShop\Shop\Application\Runtime\Cache\Home\2a94b8bda04ff446dcedd42276fc99ee.php 第 323 行.
NOTIC: [8] Undefined offset: 14 D:\phpStudy\WWW\tpShop\tpShop\Shop\Application\Runtime\Cache\Home\2a94b8bda04ff446dcedd42276fc99ee.php 第 323 行.
NOTIC: [8] Undefined offset: 15 D:\phpStudy\WWW\tpShop\tpShop\Shop\Application\Runtime\Cache\Home\2a94b8bda04ff446dcedd42276fc99ee.php 第 323 行.
INFO: Run Behavior\ParseTemplateBehavior [ RunTime:0.065157s ]
INFO: [ view_parse ] --END-- [ RunTime:0.065202s ]
INFO: [ view_filter ] --START--
INFO: Run Behavior\WriteHtmlCacheBehavior [ RunTime:0.000509s ]
INFO: [ view_filter ] --END-- [ RunTime:0.000546s ]
INFO: [ app_end ] --START--
INFO: Run Behavior\ShowPageTraceBehavior [ RunTime:0.000699s ]
INFO: [ app_end ] --END-- [ RunTime:0.000760s ]

[ 2017-09-03T10:01:11+08:00 ] 127.0.0.1 /tpShop/tpShop/Shop/index.php/Home/Lists/index/cid/12.html
INFO: [ app_init ] --START--
INFO: Run Behavior\BuildLiteBehavior [ RunTime:0.000011s ]
INFO: [ app_init ] --END-- [ RunTime:0.000491s ]
INFO: [ app_begin ] --START--
INFO: Run Behavior\ReadHtmlCacheBehavior [ RunTime:0.000598s ]
INFO: Run Common\Behaviors\appBeginBehavior [ RunTime:0.001449s ]
INFO: [ app_begin ] --END-- [ RunTime:0.002145s ]
SQL: SHOW COLUMNS FROM `tpshop_category` [ RunTime:0.0068s ]
SQL: SELECT * FROM `tpshop_category`  [ RunTime:0.0007s ]
SQL: SELECT * FROM `tpshop_category`  [ RunTime:0.0007s ]
SQL: SHOW COLUMNS FROM `tpshop_goods` [ RunTime:0.0063s ]
SQL: SELECT `gid` FROM `tpshop_goods` WHERE `cid` IN ('12')  [ RunTime:0.0330s ]
INFO: [ view_parse ] --START--
INFO: [ template_filter ] --START--
INFO: Run Behavior\ContentReplaceBehavior [ RunTime:0.000127s ]
INFO: [ template_filter ] --END-- [ RunTime:0.000173s ]
NOTIC: [8] Undefined index: user D:\phpStudy\WWW\tpShop\tpShop\Shop\Application\Runtime\Cache\Home\fb5773516afd6eccd9629f60016a49a5.php 第 1 行.
NOTIC: [8] Undefined variable: attrData D:\phpStudy\WWW\tpShop\tpShop\Shop\Application\Runtime\Cache\Home\fb5773516afd6eccd9629f60016a49a5.php 第 277 行.
INFO: Run Behavior\ParseTemplateBehavior [ RunTime:0.020290s ]
INFO: [ view_parse ] --END-- [ RunTime:0.020329s ]
INFO: [ view_filter ] --START--
INFO: Run Behavior\WriteHtmlCacheBehavior [ RunTime:0.000360s ]
INFO: [ view_filter ] --END-- [ RunTime:0.000390s ]
INFO: [ app_end ] --START--
INFO: Run Behavior\ShowPageTraceBehavior [ RunTime:0.000679s ]
INFO: [ app_end ] --END-- [ RunTime:0.000722s ]

[ 2017-09-03T10:01:18+08:00 ] 127.0.0.1 /tpShop/tpShop/Shop/index.php/Home/Lists/index/cid/82.html
INFO: [ app_init ] --START--
INFO: Run Behavior\BuildLiteBehavior [ RunTime:0.000011s ]
INFO: [ app_init ] --END-- [ RunTime:0.000533s ]
INFO: [ app_begin ] --START--
INFO: Run Behavior\ReadHtmlCacheBehavior [ RunTime:0.000634s ]
INFO: Run Common\Behaviors\appBeginBehavior [ RunTime:0.001072s ]
INFO: [ app_begin ] --END-- [ RunTime:0.001791s ]
SQL: SHOW COLUMNS FROM `tpshop_category` [ RunTime:0.0101s ]
SQL: SELECT * FROM `tpshop_category`  [ RunTime:0.0006s ]
SQL: SELECT * FROM `tpshop_category`  [ RunTime:0.0008s ]
SQL: SHOW COLUMNS FROM `tpshop_goods` [ RunTime:0.0085s ]
SQL: SELECT `gid` FROM `tpshop_goods` WHERE `cid` IN ('82')  [ RunTime:0.0003s ]
SQL: SHOW COLUMNS FROM `tpshop_goods_attr` [ RunTime:0.0821s ]
SQL: SELECT * FROM `tpshop_goods_attr` WHERE `gid` IN ('9') GROUP BY gtvalue  [ RunTime:0.1282s ]
SQL: SHOW COLUMNS FROM `tpshop_typeattr` [ RunTime:0.0101s ]
SQL: SELECT `taname` FROM `tpshop_typeattr` WHERE ( taid=41 ) LIMIT 1   [ RunTime:0.0003s ]
SQL: SELECT `taname` FROM `tpshop_typeattr` WHERE ( taid=44 ) LIMIT 1   [ RunTime:0.0002s ]
SQL: SELECT `taname` FROM `tpshop_typeattr` WHERE ( taid=48 ) LIMIT 1   [ RunTime:0.0002s ]
SQL: SELECT `taname` FROM `tpshop_typeattr` WHERE ( taid=14 ) LIMIT 1   [ RunTime:0.0002s ]
SQL: SELECT `taname` FROM `tpshop_typeattr` WHERE ( taid=47 ) LIMIT 1   [ RunTime:0.0002s ]
SQL: SELECT `taname` FROM `tpshop_typeattr` WHERE ( taid=49 ) LIMIT 1   [ RunTime:0.0002s ]
SQL: SELECT `taname` FROM `tpshop_typeattr` WHERE ( taid=46 ) LIMIT 1   [ RunTime:0.0002s ]
SQL: SELECT `taname` FROM `tpshop_typeattr` WHERE ( taid=45 ) LIMIT 1   [ RunTime:0.0002s ]
SQL: SELECT * FROM `tpshop_goods` WHERE `gid` IN ('9')  [ RunTime:0.0015s ]
INFO: [ view_parse ] --START--
INFO: [ template_filter ] --START--
INFO: Run Behavior\ContentReplaceBehavior [ RunTime:0.000127s ]
INFO: [ template_filter ] --END-- [ RunTime:0.000173s ]
NOTIC: [8] Undefined index: user D:\phpStudy\WWW\tpShop\tpShop\Shop\Application\Runtime\Cache\Home\fb5773516afd6eccd9629f60016a49a5.php 第 1 行.
NOTIC: [8] Undefined index: thumb D:\phpStudy\WWW\tpShop\tpShop\Shop\Application\Runtime\Cache\Home\fb5773516afd6eccd9629f60016a49a5.php 第 362 行.
INFO: Run Behavior\ParseTemplateBehavior [ RunTime:0.011191s ]
INFO: [ view_parse ] --END-- [ RunTime:0.011234s ]
INFO: [ view_filter ] --START--
INFO: Run Behavior\WriteHtmlCacheBehavior [ RunTime:0.000434s ]
INFO: [ view_filter ] --END-- [ RunTime:0.000467s ]
INFO: [ app_end ] --START--
INFO: Run Behavior\ShowPageTraceBehavior [ RunTime:0.000709s ]
INFO: [ app_end ] --END-- [ RunTime:0.000753s ]

[ 2017-09-03T10:01:25+08:00 ] 127.0.0.1 /tpShop/tpShop/Shop/index.php/Home/Lists/index/cid/28.html
INFO: [ app_init ] --START--
INFO: Run Behavior\BuildLiteBehavior [ RunTime:0.000008s ]
INFO: [ app_init ] --END-- [ RunTime:0.000416s ]
INFO: [ app_begin ] --START--
INFO: Run Behavior\ReadHtmlCacheBehavior [ RunTime:0.000515s ]
INFO: Run Common\Behaviors\appBeginBehavior [ RunTime:0.000771s ]
INFO: [ app_begin ] --END-- [ RunTime:0.001346s ]
SQL: SHOW COLUMNS FROM `tpshop_category` [ RunTime:0.0068s ]
SQL: SELECT * FROM `tpshop_category`  [ RunTime:0.0007s ]
SQL: SELECT * FROM `tpshop_category`  [ RunTime:0.0007s ]
SQL: SHOW COLUMNS FROM `tpshop_goods` [ RunTime:0.0086s ]
SQL: SELECT `gid` FROM `tpshop_goods` WHERE `cid` IN ('30','82','83','31','84','85','32','86','87','33','88','89','90','28')  [ RunTime:0.0004s ]
SQL: SHOW COLUMNS FROM `tpshop_goods_attr` [ RunTime:0.0082s ]
SQL: SELECT * FROM `tpshop_goods_attr` WHERE `gid` IN ('9','11','12') GROUP BY gtvalue  [ RunTime:0.0011s ]
SQL: SHOW COLUMNS FROM `tpshop_typeattr` [ RunTime:0.0081s ]
SQL: SELECT `taname` FROM `tpshop_typeattr` WHERE ( taid=41 ) LIMIT 1   [ RunTime:0.0002s ]
SQL: SELECT `taname` FROM `tpshop_typeattr` WHERE ( taid=44 ) LIMIT 1   [ RunTime:0.0002s ]
SQL: SELECT `taname` FROM `tpshop_typeattr` WHERE ( taid=69 ) LIMIT 1   [ RunTime:0.0002s ]
SQL: SELECT `taname` FROM `tpshop_typeattr` WHERE ( taid=48 ) LIMIT 1   [ RunTime:0.0002s ]
SQL: SELECT `taname` FROM `tpshop_typeattr` WHERE ( taid=63 ) LIMIT 1   [ RunTime:0.0002s ]
SQL: SELECT `taname` FROM `tpshop_typeattr` WHERE ( taid=14 ) LIMIT 1   [ RunTime:0.0002s ]
SQL: SELECT `taname` FROM `tpshop_typeattr` WHERE ( taid=47 ) LIMIT 1   [ RunTime:0.0002s ]
SQL: SELECT `taname` FROM `tpshop_typeattr` WHERE ( taid=49 ) LIMIT 1   [ RunTime:0.0002s ]
SQL: SELECT `taname` FROM `tpshop_typeattr` WHERE ( taid=67 ) LIMIT 1   [ RunTime:0.0002s ]
SQL: SELECT `taname` FROM `tpshop_typeattr` WHERE ( taid=46 ) LIMIT 1   [ RunTime:0.0002s ]
SQL: SELECT `taname` FROM `tpshop_typeattr` WHERE ( taid=45 ) LIMIT 1   [ RunTime:0.0002s ]
SQL: SELECT `taname` FROM `tpshop_typeattr` WHERE ( taid=65 ) LIMIT 1   [ RunTime:0.0002s ]
SQL: SELECT `taname` FROM `tpshop_typeattr` WHERE ( taid=70 ) LIMIT 1   [ RunTime:0.0002s ]
SQL: SELECT `taname` FROM `tpshop_typeattr` WHERE ( taid=66 ) LIMIT 1   [ RunTime:0.0002s ]
SQL: SELECT `taname` FROM `tpshop_typeattr` WHERE ( taid=68 ) LIMIT 1   [ RunTime:0.0002s ]
SQL: SELECT * FROM `tpshop_goods` WHERE `gid` IN ('9','11','12')  [ RunTime:0.0003s ]
INFO: [ view_parse ] --START--
INFO: [ template_filter ] --START--
INFO: Run Behavior\ContentReplaceBehavior [ RunTime:0.000134s ]
INFO: [ template_filter ] --END-- [ RunTime:0.000186s ]
NOTIC: [8] Undefined index: user D:\phpStudy\WWW\tpShop\tpShop\Shop\Application\Runtime\Cache\Home\fb5773516afd6eccd9629f60016a49a5.php 第 1 行.
NOTIC: [8] Undefined index: thumb D:\phpStudy\WWW\tpShop\tpShop\Shop\Application\Runtime\Cache\Home\fb5773516afd6eccd9629f60016a49a5.php 第 362 行.
NOTIC: [8] Undefined index: thumb D:\phpStudy\WWW\tpShop\tpShop\Shop\Application\Runtime\Cache\Home\fb5773516afd6eccd9629f60016a49a5.php 第 362 行.
NOTIC: [8] Undefined index: thumb D:\phpStudy\WWW\tpShop\tpShop\Shop\Application\Runtime\Cache\Home\fb5773516afd6eccd9629f60016a49a5.php 第 362 行.
INFO: Run Behavior\ParseTemplateBehavior [ RunTime:0.012392s ]
INFO: [ view_parse ] --END-- [ RunTime:0.012427s ]
INFO: [ view_filter ] --START--
INFO: Run Behavior\WriteHtmlCacheBehavior [ RunTime:0.000438s ]
INFO: [ view_filter ] --END-- [ RunTime:0.000472s ]
INFO: [ app_end ] --START--
INFO: Run Behavior\ShowPageTraceBehavior [ RunTime:0.001079s ]
INFO: [ app_end ] --END-- [ RunTime:0.001159s ]

[ 2017-09-03T10:01:30+08:00 ] 127.0.0.1 /tpShop/tpShop/Shop/index.php/Home/Lists/index/cid/27.html
INFO: [ app_init ] --START--
INFO: Run Behavior\BuildLiteBehavior [ RunTime:0.000010s ]
INFO: [ app_init ] --END-- [ RunTime:0.000432s ]
INFO: [ app_begin ] --START--
INFO: Run Behavior\ReadHtmlCacheBehavior [ RunTime:0.000538s ]
INFO: Run Common\Behaviors\appBeginBehavior [ RunTime:0.000888s ]
INFO: [ app_begin ] --END-- [ RunTime:0.001499s ]
SQL: SHOW COLUMNS FROM `tpshop_category` [ RunTime:0.0072s ]
SQL: SELECT * FROM `tpshop_category`  [ RunTime:0.0007s ]
SQL: SELECT * FROM `tpshop_category`  [ RunTime:0.0007s ]
SQL: SHOW COLUMNS FROM `tpshop_goods` [ RunTime:0.0062s ]
SQL: SELECT `gid` FROM `tpshop_goods` WHERE `cid` IN ('28','30','82','83','31','84','85','32','86','87','33','88','89','90','29','34','94','95','96','35','97','98','99','27')  [ RunTime:0.0004s ]
SQL: SHOW COLUMNS FROM `tpshop_goods_attr` [ RunTime:0.0072s ]
SQL: SELECT * FROM `tpshop_goods_attr` WHERE `gid` IN ('9','11','12','13') GROUP BY gtvalue  [ RunTime:0.0007s ]
SQL: SHOW COLUMNS FROM `tpshop_typeattr` [ RunTime:0.0066s ]
SQL: SELECT `taname` FROM `tpshop_typeattr` WHERE ( taid=41 ) LIMIT 1   [ RunTime:0.0002s ]
SQL: SELECT `taname` FROM `tpshop_typeattr` WHERE ( taid=44 ) LIMIT 1   [ RunTime:0.0002s ]
SQL: SELECT `taname` FROM `tpshop_typeattr` WHERE ( taid=69 ) LIMIT 1   [ RunTime:0.0002s ]
SQL: SELECT `taname` FROM `tpshop_typeattr` WHERE ( taid=48 ) LIMIT 1   [ RunTime:0.0002s ]
SQL: SELECT `taname` FROM `tpshop_typeattr` WHERE ( taid=63 ) LIMIT 1   [ RunTime:0.0002s ]
SQL: SELECT `taname` FROM `tpshop_typeattr` WHERE ( taid=14 ) LIMIT 1   [ RunTime:0.0002s ]
SQL: SELECT `taname` FROM `tpshop_typeattr` WHERE ( taid=47 ) LIMIT 1   [ RunTime:0.0002s ]
SQL: SELECT `taname` FROM `tpshop_typeattr` WHERE ( taid=49 ) LIMIT 1   [ RunTime:0.0002s ]
SQL: SELECT `taname` FROM `tpshop_typeattr` WHERE ( taid=45 ) LIMIT 1   [ RunTime:0.0004s ]
SQL: SELECT `taname` FROM `tpshop_typeattr` WHERE ( taid=67 ) LIMIT 1   [ RunTime:0.0003s ]
SQL: SELECT `taname` FROM `tpshop_typeattr` WHERE ( taid=46 ) LIMIT 1   [ RunTime:0.0003s ]
SQL: SELECT `taname` FROM `tpshop_typeattr` WHERE ( taid=65 ) LIMIT 1   [ RunTime:0.0002s ]
SQL: SELECT `taname` FROM `tpshop_typeattr` WHERE ( taid=70 ) LIMIT 1   [ RunTime:0.0002s ]
SQL: SELECT `taname` FROM `tpshop_typeattr` WHERE ( taid=66 ) LIMIT 1   [ RunTime:0.0001s ]
SQL: SELECT `taname` FROM `tpshop_typeattr` WHERE ( taid=68 ) LIMIT 1   [ RunTime:0.0001s ]
SQL: SELECT * FROM `tpshop_goods` WHERE `gid` IN ('9','11','12','13')  [ RunTime:0.0003s ]
INFO: [ view_parse ] --START--
INFO: [ template_filter ] --START--
INFO: Run Behavior\ContentReplaceBehavior [ RunTime:0.000127s ]
INFO: [ template_filter ] --END-- [ RunTime:0.000172s ]
NOTIC: [8] Undefined index: user D:\phpStudy\WWW\tpShop\tpShop\Shop\Application\Runtime\Cache\Home\fb5773516afd6eccd9629f60016a49a5.php 第 1 行.
NOTIC: [8] Undefined index: thumb D:\phpStudy\WWW\tpShop\tpShop\Shop\Application\Runtime\Cache\Home\fb5773516afd6eccd9629f60016a49a5.php 第 362 行.
NOTIC: [8] Undefined index: thumb D:\phpStudy\WWW\tpShop\tpShop\Shop\Application\Runtime\Cache\Home\fb5773516afd6eccd9629f60016a49a5.php 第 362 行.
NOTIC: [8] Undefined index: thumb D:\phpStudy\WWW\tpShop\tpShop\Shop\Application\Runtime\Cache\Home\fb5773516afd6eccd9629f60016a49a5.php 第 362 行.
NOTIC: [8] Undefined index: thumb D:\phpStudy\WWW\tpShop\tpShop\Shop\Application\Runtime\Cache\Home\fb5773516afd6eccd9629f60016a49a5.php 第 362 行.
INFO: Run Behavior\ParseTemplateBehavior [ RunTime:0.012184s ]
INFO: [ view_parse ] --END-- [ RunTime:0.012220s ]
INFO: [ view_filter ] --START--
INFO: Run Behavior\WriteHtmlCacheBehavior [ RunTime:0.000448s ]
INFO: [ view_filter ] --END-- [ RunTime:0.000483s ]
INFO: [ app_end ] --START--
INFO: Run Behavior\ShowPageTraceBehavior [ RunTime:0.000635s ]
INFO: [ app_end ] --END-- [ RunTime:0.000680s ]

[ 2017-09-03T10:01:33+08:00 ] 127.0.0.1 /tpShop/tpShop/Shop/index.php/Home/Content/index/gid/12.html
INFO: [ app_init ] --START--
INFO: Run Behavior\BuildLiteBehavior [ RunTime:0.000012s ]
INFO: [ app_init ] --END-- [ RunTime:0.000593s ]
INFO: [ app_begin ] --START--
INFO: Run Behavior\ReadHtmlCacheBehavior [ RunTime:0.000616s ]
INFO: Run Common\Behaviors\appBeginBehavior [ RunTime:0.000995s ]
INFO: [ app_begin ] --END-- [ RunTime:0.001693s ]
SQL: SHOW COLUMNS FROM `tpshop_goods` [ RunTime:0.0090s ]
SQL: SELECT * FROM `tpshop_goods` WHERE ( gid=12 ) LIMIT 1   [ RunTime:0.0004s ]
SQL: SHOW COLUMNS FROM `tpshop_typeattr` [ RunTime:0.0090s ]
SQL: SELECT taid,taname FROM `tpshop_typeattr` WHERE ( class=1 and tid=18 )  [ RunTime:0.0003s ]
SQL: SHOW COLUMNS FROM `tpshop_goods_attr` [ RunTime:0.0077s ]
SQL: SELECT * FROM `tpshop_goods_attr` WHERE ( taid=69 and gid=12 )  [ RunTime:0.0633s ]
SQL: SELECT * FROM `tpshop_goods_attr` WHERE ( taid=70 and gid=12 )  [ RunTime:0.0003s ]
SQL: SELECT taid,taname FROM `tpshop_typeattr` WHERE ( class=2 and tid=18 )  [ RunTime:0.0003s ]
SQL: SELECT * FROM `tpshop_goods_attr` WHERE ( taid=64 and gid=12 ) LIMIT 1   [ RunTime:0.0003s ]
SQL: SELECT * FROM `tpshop_goods_attr` WHERE ( taid=65 and gid=12 ) LIMIT 1   [ RunTime:0.0002s ]
SQL: SELECT * FROM `tpshop_goods_attr` WHERE ( taid=63 and gid=12 ) LIMIT 1   [ RunTime:0.0002s ]
SQL: SELECT * FROM `tpshop_goods_attr` WHERE ( taid=66 and gid=12 ) LIMIT 1   [ RunTime:0.0002s ]
SQL: SELECT * FROM `tpshop_goods_attr` WHERE ( taid=67 and gid=12 ) LIMIT 1   [ RunTime:0.0002s ]
SQL: SELECT * FROM `tpshop_goods_attr` WHERE ( taid=68 and gid=12 ) LIMIT 1   [ RunTime:0.0002s ]
SQL: SHOW COLUMNS FROM `tpshop_detail` [ RunTime:0.0085s ]
SQL: SELECT * FROM `tpshop_detail` WHERE ( gid=12 ) LIMIT 1   [ RunTime:0.0192s ]
INFO: [ view_parse ] --START--
INFO: [ template_filter ] --START--
INFO: Run Behavior\ContentReplaceBehavior [ RunTime:0.000180s ]
INFO: [ template_filter ] --END-- [ RunTime:0.000227s ]
NOTIC: [8] Undefined index: user D:\phpStudy\WWW\tpShop\tpShop\Shop\Application\Runtime\Cache\Home\05c25a47e280706f416be77c1b8978f8.php 第 91 行.
INFO: Run Behavior\ParseTemplateBehavior [ RunTime:0.010708s ]
INFO: [ view_parse ] --END-- [ RunTime:0.010749s ]
INFO: [ view_filter ] --START--
INFO: Run Behavior\WriteHtmlCacheBehavior [ RunTime:0.000302s ]
INFO: [ view_filter ] --END-- [ RunTime:0.000331s ]
INFO: [ app_end ] --START--
INFO: Run Behavior\ShowPageTraceBehavior [ RunTime:0.000539s ]
INFO: [ app_end ] --END-- [ RunTime:0.000577s ]

[ 2017-09-03T10:01:38+08:00 ] 127.0.0.1 /tpShop/tpShop/Shop/index.php/Home/Content/joinCart.html
INFO: [ app_init ] --START--
INFO: Run Behavior\BuildLiteBehavior [ RunTime:0.000009s ]
INFO: [ app_init ] --END-- [ RunTime:0.000388s ]
INFO: [ app_begin ] --START--
INFO: Run Behavior\ReadHtmlCacheBehavior [ RunTime:0.000563s ]
INFO: Run Common\Behaviors\appBeginBehavior [ RunTime:0.000888s ]
INFO: [ app_begin ] --END-- [ RunTime:0.001514s ]
SQL: SHOW COLUMNS FROM `tpshop_goods` [ RunTime:0.0085s ]
SQL: SELECT * FROM `tpshop_goods` WHERE ( gid=12 ) LIMIT 1   [ RunTime:0.0004s ]
NOTIC: [2] Missing argument 1 for Org\Util\Cart::__construct(), called in D:\phpStudy\WWW\tpShop\tpShop\Shop\Application\Home\Controller\ContentController.class.php on line 60 and defined D:\phpStudy\WWW\tpShop\tpShop\Shop\ThinkPHP\Library\Org\Util\Cart.class.php 第 24 行.
NOTIC: [8] Undefined variable: app D:\phpStudy\WWW\tpShop\tpShop\Shop\ThinkPHP\Library\Org\Util\Cart.class.php 第 25 行.
NOTIC: [8] Undefined index: cart D:\phpStudy\WWW\tpShop\tpShop\Shop\ThinkPHP\Library\Org\Util\Cart.class.php 第 191 行.
NOTIC: [2] Missing argument 1 for Org\Util\Cart::__construct(), called in D:\phpStudy\WWW\tpShop\tpShop\Shop\Application\Home\Controller\ContentController.class.php on line 61 and defined D:\phpStudy\WWW\tpShop\tpShop\Shop\ThinkPHP\Library\Org\Util\Cart.class.php 第 24 行.
NOTIC: [8] Undefined variable: app D:\phpStudy\WWW\tpShop\tpShop\Shop\ThinkPHP\Library\Org\Util\Cart.class.php 第 25 行.
SQL: SHOW COLUMNS FROM `tpshop_goods_attr` [ RunTime:0.0092s ]
SQL: SELECT `gtid` FROM `tpshop_goods_attr` WHERE ( gid=12 and gtvalue='30/77CM' ) LIMIT 1   [ RunTime:0.0004s ]
SQL: SELECT `gtid` FROM `tpshop_goods_attr` WHERE ( gid=12 and gtvalue='藏蓝' ) LIMIT 1   [ RunTime:0.0003s ]
SQL: SHOW COLUMNS FROM `tpshop_goods_list` [ RunTime:0.0566s ]
SQL: SELECT `glid` FROM `tpshop_goods_list` WHERE ( combine='490,491' and gid=12 ) LIMIT 1   [ RunTime:0.0003s ]

