[ 2017-07-05T10:36:18+08:00 ] ::1 /tpShop/Shop/index.php
INFO: [ app_init ] --START--
INFO: Run Behavior\BuildLiteBehavior [ RunTime:0.000012s ]
INFO: [ app_init ] --END-- [ RunTime:0.016147s ]
INFO: [ app_begin ] --START--
INFO: Run Behavior\ReadHtmlCacheBehavior [ RunTime:0.006400s ]
INFO: Run Common\Behaviors\appBeginBehavior [ RunTime:0.009505s ]
INFO: [ app_begin ] --END-- [ RunTime:0.016015s ]
SQL: SHOW COLUMNS FROM `tpshop_category` [ RunTime:0.1769s ]
SQL: SELECT `cid` FROM `tpshop_category` WHERE ( pid=0 ) ORDER BY csort asc  [ RunTime:0.0470s ]
SQL: SELECT * FROM `tpshop_category`  [ RunTime:0.0005s ]
SQL: SHOW COLUMNS FROM `tpshop_brand` [ RunTime:0.1866s ]
SQL: SELECT * FROM `tpshop_brand` ORDER BY bsort desc LIMIT 24   [ RunTime:0.0072s ]
SQL: SHOW COLUMNS FROM `tpshop_goods` [ RunTime:0.1648s ]
SQL: SELECT `gid`,`gname`,`pic` FROM `tpshop_goods` WHERE ( tid in (1,3,4,5) ) ORDER BY gid desc LIMIT 6   [ RunTime:0.0758s ]
SQL: SELECT `gid`,`gname`,`pic` FROM `tpshop_goods` WHERE ( tid in (1,3,4,5) ) ORDER BY gid asc LIMIT 3   [ RunTime:0.0004s ]
SQL: SELECT `cid`,`cname`,`tid` FROM `tpshop_category` WHERE ( tid in (1,3,4,5)  ) ORDER BY cid asc LIMIT 10   [ RunTime:0.0004s ]
SQL: SELECT `gid`,`gname`,`pic` FROM `tpshop_goods` WHERE ( tid in (14,16,17) ) ORDER BY gid desc LIMIT 1   [ RunTime:0.0003s ]
SQL: SELECT `gid`,`gname`,`pic` FROM `tpshop_goods` WHERE ( tid in (14,16,17) ) ORDER BY gid desc LIMIT 5   [ RunTime:0.0003s ]
SQL: SELECT `gid`,`gname`,`pic` FROM `tpshop_goods` WHERE ( tid in (14,16,17) ) ORDER BY gid asc LIMIT 2   [ RunTime:0.0003s ]
SQL: SELECT `cid`,`cname`,`tid` FROM `tpshop_category` WHERE ( tid in (14,16,17)  ) ORDER BY cid asc LIMIT 10   [ RunTime:0.0003s ]
SQL: SELECT `gid`,`gname`,`pic` FROM `tpshop_goods` WHERE ( tid in (15,11,8,9) ) ORDER BY gid desc LIMIT 6   [ RunTime:0.0003s ]
SQL: SELECT `gid`,`gname`,`pic` FROM `tpshop_goods` WHERE ( tid in (15,11,8,9) ) ORDER BY gid asc LIMIT 3   [ RunTime:0.0003s ]
SQL: SELECT `cid`,`cname`,`tid` FROM `tpshop_category` WHERE ( tid in (15,11,8,9)  ) ORDER BY cid asc LIMIT 10   [ RunTime:0.0003s ]
SQL: SELECT * FROM `tpshop_goods` ORDER BY click desc LIMIT 15   [ RunTime:0.0004s ]
INFO: [ view_parse ] --START--
INFO: [ template_filter ] --START--
INFO: Run Behavior\ContentReplaceBehavior [ RunTime:0.029892s ]
INFO: [ template_filter ] --END-- [ RunTime:0.029935s ]
NOTIC: [8] Undefined index: user D:\phpStudy\WWW\tpShop\Shop\Application\Runtime\Cache\Home\2a94b8bda04ff446dcedd42276fc99ee.php 第 18 行.
NOTIC: [8] Undefined offset: 3 D:\phpStudy\WWW\tpShop\Shop\Application\Runtime\Cache\Home\2a94b8bda04ff446dcedd42276fc99ee.php 第 328 行.
NOTIC: [8] Undefined offset: 3 D:\phpStudy\WWW\tpShop\Shop\Application\Runtime\Cache\Home\2a94b8bda04ff446dcedd42276fc99ee.php 第 328 行.
NOTIC: [8] Undefined offset: 3 D:\phpStudy\WWW\tpShop\Shop\Application\Runtime\Cache\Home\2a94b8bda04ff446dcedd42276fc99ee.php 第 328 行.
NOTIC: [8] Undefined offset: 3 D:\phpStudy\WWW\tpShop\Shop\Application\Runtime\Cache\Home\2a94b8bda04ff446dcedd42276fc99ee.php 第 328 行.
NOTIC: [8] Undefined offset: 3 D:\phpStudy\WWW\tpShop\Shop\Application\Runtime\Cache\Home\2a94b8bda04ff446dcedd42276fc99ee.php 第 328 行.
NOTIC: [8] Undefined offset: 3 D:\phpStudy\WWW\tpShop\Shop\Application\Runtime\Cache\Home\2a94b8bda04ff446dcedd42276fc99ee.php 第 328 行.
NOTIC: [8] Undefined offset: 3 D:\phpStudy\WWW\tpShop\Shop\Application\Runtime\Cache\Home\2a94b8bda04ff446dcedd42276fc99ee.php 第 328 行.
NOTIC: [8] Undefined offset: 4 D:\phpStudy\WWW\tpShop\Shop\Application\Runtime\Cache\Home\2a94b8bda04ff446dcedd42276fc99ee.php 第 328 行.
NOTIC: [8] Undefined offset: 4 D:\phpStudy\WWW\tpShop\Shop\Application\Runtime\Cache\Home\2a94b8bda04ff446dcedd42276fc99ee.php 第 328 行.
NOTIC: [8] Undefined offset: 4 D:\phpStudy\WWW\tpShop\Shop\Application\Runtime\Cache\Home\2a94b8bda04ff446dcedd42276fc99ee.php 第 328 行.
NOTIC: [8] Undefined offset: 4 D:\phpStudy\WWW\tpShop\Shop\Application\Runtime\Cache\Home\2a94b8bda04ff446dcedd42276fc99ee.php 第 328 行.
NOTIC: [8] Undefined offset: 4 D:\phpStudy\WWW\tpShop\Shop\Application\Runtime\Cache\Home\2a94b8bda04ff446dcedd42276fc99ee.php 第 328 行.
NOTIC: [8] Undefined offset: 4 D:\phpStudy\WWW\tpShop\Shop\Application\Runtime\Cache\Home\2a94b8bda04ff446dcedd42276fc99ee.php 第 328 行.
NOTIC: [8] Undefined offset: 5 D:\phpStudy\WWW\tpShop\Shop\Application\Runtime\Cache\Home\2a94b8bda04ff446dcedd42276fc99ee.php 第 328 行.
NOTIC: [8] Undefined offset: 5 D:\phpStudy\WWW\tpShop\Shop\Application\Runtime\Cache\Home\2a94b8bda04ff446dcedd42276fc99ee.php 第 328 行.
NOTIC: [8] Undefined offset: 5 D:\phpStudy\WWW\tpShop\Shop\Application\Runtime\Cache\Home\2a94b8bda04ff446dcedd42276fc99ee.php 第 328 行.
NOTIC: [8] Undefined offset: 5 D:\phpStudy\WWW\tpShop\Shop\Application\Runtime\Cache\Home\2a94b8bda04ff446dcedd42276fc99ee.php 第 328 行.
NOTIC: [8] Undefined offset: 5 D:\phpStudy\WWW\tpShop\Shop\Application\Runtime\Cache\Home\2a94b8bda04ff446dcedd42276fc99ee.php 第 328 行.
NOTIC: [8] Undefined offset: 5 D:\phpStudy\WWW\tpShop\Shop\Application\Runtime\Cache\Home\2a94b8bda04ff446dcedd42276fc99ee.php 第 328 行.
NOTIC: [8] Undefined offset: 5 D:\phpStudy\WWW\tpShop\Shop\Application\Runtime\Cache\Home\2a94b8bda04ff446dcedd42276fc99ee.php 第 328 行.
NOTIC: [8] Undefined offset: 5 D:\phpStudy\WWW\tpShop\Shop\Application\Runtime\Cache\Home\2a94b8bda04ff446dcedd42276fc99ee.php 第 328 行.
NOTIC: [8] Undefined offset: 6 D:\phpStudy\WWW\tpShop\Shop\Application\Runtime\Cache\Home\2a94b8bda04ff446dcedd42276fc99ee.php 第 323 行.
NOTIC: [8] Undefined offset: 7 D:\phpStudy\WWW\tpShop\Shop\Application\Runtime\Cache\Home\2a94b8bda04ff446dcedd42276fc99ee.php 第 323 行.
NOTIC: [8] Undefined offset: 8 D:\phpStudy\WWW\tpShop\Shop\Application\Runtime\Cache\Home\2a94b8bda04ff446dcedd42276fc99ee.php 第 323 行.
NOTIC: [8] Undefined offset: 9 D:\phpStudy\WWW\tpShop\Shop\Application\Runtime\Cache\Home\2a94b8bda04ff446dcedd42276fc99ee.php 第 323 行.
NOTIC: [8] Undefined offset: 10 D:\phpStudy\WWW\tpShop\Shop\Application\Runtime\Cache\Home\2a94b8bda04ff446dcedd42276fc99ee.php 第 323 行.
NOTIC: [8] Undefined offset: 11 D:\phpStudy\WWW\tpShop\Shop\Application\Runtime\Cache\Home\2a94b8bda04ff446dcedd42276fc99ee.php 第 323 行.
NOTIC: [8] Undefined offset: 12 D:\phpStudy\WWW\tpShop\Shop\Application\Runtime\Cache\Home\2a94b8bda04ff446dcedd42276fc99ee.php 第 323 行.
NOTIC: [8] Undefined offset: 13 D:\phpStudy\WWW\tpShop\Shop\Application\Runtime\Cache\Home\2a94b8bda04ff446dcedd42276fc99ee.php 第 323 行.
NOTIC: [8] Undefined offset: 14 D:\phpStudy\WWW\tpShop\Shop\Application\Runtime\Cache\Home\2a94b8bda04ff446dcedd42276fc99ee.php 第 323 行.
NOTIC: [8] Undefined offset: 15 D:\phpStudy\WWW\tpShop\Shop\Application\Runtime\Cache\Home\2a94b8bda04ff446dcedd42276fc99ee.php 第 323 行.
INFO: Run Behavior\ParseTemplateBehavior [ RunTime:0.172066s ]
INFO: [ view_parse ] --END-- [ RunTime:0.172110s ]
INFO: [ view_filter ] --START--
INFO: Run Behavior\WriteHtmlCacheBehavior [ RunTime:0.021938s ]
INFO: [ view_filter ] --END-- [ RunTime:0.021974s ]
INFO: [ app_end ] --START--
INFO: Run Behavior\ShowPageTraceBehavior [ RunTime:0.001043s ]
INFO: [ app_end ] --END-- [ RunTime:0.001094s ]

[ 2017-07-05T10:39:00+08:00 ] ::1 /tpShop/Shop/index.php/Home/Content/index/gid/27.html
INFO: [ app_init ] --START--
INFO: Run Behavior\BuildLiteBehavior [ RunTime:0.000009s ]
INFO: [ app_init ] --END-- [ RunTime:0.000359s ]
INFO: [ app_begin ] --START--
INFO: Run Behavior\ReadHtmlCacheBehavior [ RunTime:0.000469s ]
INFO: Run Common\Behaviors\appBeginBehavior [ RunTime:0.000882s ]
INFO: [ app_begin ] --END-- [ RunTime:0.001423s ]
SQL: SHOW COLUMNS FROM `tpshop_goods` [ RunTime:0.0052s ]
SQL: SELECT * FROM `tpshop_goods` WHERE ( gid=27 ) LIMIT 1   [ RunTime:0.0003s ]
SQL: SHOW COLUMNS FROM `tpshop_typeattr` [ RunTime:0.0954s ]
SQL: SELECT taid,taname FROM `tpshop_typeattr` WHERE ( class=1 and tid=15 )  [ RunTime:0.0091s ]
SQL: SELECT taid,taname FROM `tpshop_typeattr` WHERE ( class=2 and tid=15 )  [ RunTime:0.0003s ]
SQL: SHOW COLUMNS FROM `tpshop_goods_attr` [ RunTime:0.0552s ]
SQL: SELECT * FROM `tpshop_goods_attr` WHERE ( taid=60 and gid=27 ) LIMIT 1   [ RunTime:0.0276s ]
SQL: SHOW COLUMNS FROM `tpshop_detail` [ RunTime:0.0416s ]
SQL: SELECT * FROM `tpshop_detail` WHERE ( gid=27 ) LIMIT 1   [ RunTime:0.0076s ]
INFO: [ view_parse ] --START--
INFO: [ template_filter ] --START--
INFO: Run Behavior\ContentReplaceBehavior [ RunTime:0.000168s ]
INFO: [ template_filter ] --END-- [ RunTime:0.000201s ]
NOTIC: [8] Undefined index: user D:\phpStudy\WWW\tpShop\Shop\Application\Runtime\Cache\Home\05c25a47e280706f416be77c1b8978f8.php 第 91 行.
INFO: Run Behavior\ParseTemplateBehavior [ RunTime:0.031796s ]
INFO: [ view_parse ] --END-- [ RunTime:0.031827s ]
INFO: [ view_filter ] --START--
INFO: Run Behavior\WriteHtmlCacheBehavior [ RunTime:0.000304s ]
INFO: [ view_filter ] --END-- [ RunTime:0.000324s ]
INFO: [ app_end ] --START--
INFO: Run Behavior\ShowPageTraceBehavior [ RunTime:0.000498s ]
INFO: [ app_end ] --END-- [ RunTime:0.000526s ]

[ 2017-07-05T10:39:14+08:00 ] ::1 /tpShop/Shop/index.php/Home/Content/joinCart.html
INFO: [ app_init ] --START--
INFO: Run Behavior\BuildLiteBehavior [ RunTime:0.000011s ]
INFO: [ app_init ] --END-- [ RunTime:0.000487s ]
INFO: [ app_begin ] --START--
INFO: Run Behavior\ReadHtmlCacheBehavior [ RunTime:0.000489s ]
INFO: Run Common\Behaviors\appBeginBehavior [ RunTime:0.000610s ]
INFO: [ app_begin ] --END-- [ RunTime:0.001158s ]
SQL: SHOW COLUMNS FROM `tpshop_goods` [ RunTime:0.0052s ]
SQL: SELECT * FROM `tpshop_goods` WHERE ( gid=27 ) LIMIT 1   [ RunTime:0.0004s ]
NOTIC: [2] Missing argument 1 for Org\Util\Cart::__construct(), called in D:\phpStudy\WWW\tpShop\Shop\Application\Home\Controller\ContentController.class.php on line 60 and defined D:\phpStudy\WWW\tpShop\Shop\ThinkPHP\Library\Org\Util\Cart.class.php 第 24 行.
NOTIC: [8] Undefined variable: app D:\phpStudy\WWW\tpShop\Shop\ThinkPHP\Library\Org\Util\Cart.class.php 第 25 行.
NOTIC: [8] Undefined index: cart D:\phpStudy\WWW\tpShop\Shop\ThinkPHP\Library\Org\Util\Cart.class.php 第 191 行.
NOTIC: [2] Missing argument 1 for Org\Util\Cart::__construct(), called in D:\phpStudy\WWW\tpShop\Shop\Application\Home\Controller\ContentController.class.php on line 61 and defined D:\phpStudy\WWW\tpShop\Shop\ThinkPHP\Library\Org\Util\Cart.class.php 第 24 行.
NOTIC: [8] Undefined variable: app D:\phpStudy\WWW\tpShop\Shop\ThinkPHP\Library\Org\Util\Cart.class.php 第 25 行.
SQL: SHOW COLUMNS FROM `tpshop_goods_attr` [ RunTime:0.0063s ]
SQL: SELECT `gtid` FROM `tpshop_goods_attr` WHERE ( gid=27 and gtvalue='' ) LIMIT 1   [ RunTime:0.0003s ]
SQL: SHOW COLUMNS FROM `tpshop_goods_list` [ RunTime:0.0595s ]
SQL: SELECT `glid` FROM `tpshop_goods_list` WHERE ( combine='' and gid=27 ) LIMIT 1   [ RunTime:0.0003s ]

[ 2017-07-05T10:39:22+08:00 ] ::1 /tpShop/Shop/index.php/Home/Content/index/gid/28.html
INFO: [ app_init ] --START--
INFO: Run Behavior\BuildLiteBehavior [ RunTime:0.000007s ]
INFO: [ app_init ] --END-- [ RunTime:0.000351s ]
INFO: [ app_begin ] --START--
INFO: Run Behavior\ReadHtmlCacheBehavior [ RunTime:0.000454s ]
INFO: Run Common\Behaviors\appBeginBehavior [ RunTime:0.000684s ]
INFO: [ app_begin ] --END-- [ RunTime:0.001191s ]
SQL: SHOW COLUMNS FROM `tpshop_goods` [ RunTime:0.0060s ]
SQL: SELECT * FROM `tpshop_goods` WHERE ( gid=28 ) LIMIT 1   [ RunTime:0.0003s ]
SQL: SHOW COLUMNS FROM `tpshop_typeattr` [ RunTime:0.0050s ]
SQL: SELECT taid,taname FROM `tpshop_typeattr` WHERE ( class=1 and tid=5 )  [ RunTime:0.0003s ]
SQL: SHOW COLUMNS FROM `tpshop_goods_attr` [ RunTime:0.0054s ]
SQL: SELECT * FROM `tpshop_goods_attr` WHERE ( taid=42 and gid=28 )  [ RunTime:0.0280s ]
SQL: SELECT * FROM `tpshop_goods_attr` WHERE ( taid=43 and gid=28 )  [ RunTime:0.0005s ]
SQL: SELECT taid,taname FROM `tpshop_typeattr` WHERE ( class=2 and tid=5 )  [ RunTime:0.0003s ]
SQL: SELECT * FROM `tpshop_goods_attr` WHERE ( taid=32 and gid=28 ) LIMIT 1   [ RunTime:0.0002s ]
SQL: SELECT * FROM `tpshop_goods_attr` WHERE ( taid=33 and gid=28 ) LIMIT 1   [ RunTime:0.0003s ]
SQL: SELECT * FROM `tpshop_goods_attr` WHERE ( taid=34 and gid=28 ) LIMIT 1   [ RunTime:0.0003s ]
SQL: SELECT * FROM `tpshop_goods_attr` WHERE ( taid=35 and gid=28 ) LIMIT 1   [ RunTime:0.0002s ]
SQL: SELECT * FROM `tpshop_goods_attr` WHERE ( taid=36 and gid=28 ) LIMIT 1   [ RunTime:0.0002s ]
SQL: SHOW COLUMNS FROM `tpshop_detail` [ RunTime:0.0058s ]
SQL: SELECT * FROM `tpshop_detail` WHERE ( gid=28 ) LIMIT 1   [ RunTime:0.0260s ]
INFO: [ view_parse ] --START--
INFO: [ template_filter ] --START--
INFO: Run Behavior\ContentReplaceBehavior [ RunTime:0.000177s ]
INFO: [ template_filter ] --END-- [ RunTime:0.000223s ]
NOTIC: [8] Undefined index: user D:\phpStudy\WWW\tpShop\Shop\Application\Runtime\Cache\Home\05c25a47e280706f416be77c1b8978f8.php 第 91 行.
INFO: Run Behavior\ParseTemplateBehavior [ RunTime:0.009438s ]
INFO: [ view_parse ] --END-- [ RunTime:0.009463s ]
INFO: [ view_filter ] --START--
INFO: Run Behavior\WriteHtmlCacheBehavior [ RunTime:0.000263s ]
INFO: [ view_filter ] --END-- [ RunTime:0.000283s ]
INFO: [ app_end ] --START--
INFO: Run Behavior\ShowPageTraceBehavior [ RunTime:0.000485s ]
INFO: [ app_end ] --END-- [ RunTime:0.000520s ]

[ 2017-07-05T10:39:27+08:00 ] ::1 /tpShop/Shop/index.php/Home/Content/joinCart.html
INFO: [ app_init ] --START--
INFO: Run Behavior\BuildLiteBehavior [ RunTime:0.000007s ]
INFO: [ app_init ] --END-- [ RunTime:0.000353s ]
INFO: [ app_begin ] --START--
INFO: Run Behavior\ReadHtmlCacheBehavior [ RunTime:0.000398s ]
INFO: Run Common\Behaviors\appBeginBehavior [ RunTime:0.000675s ]
INFO: [ app_begin ] --END-- [ RunTime:0.001112s ]
SQL: SHOW COLUMNS FROM `tpshop_goods` [ RunTime:0.0056s ]
SQL: SELECT * FROM `tpshop_goods` WHERE ( gid=28 ) LIMIT 1   [ RunTime:0.0003s ]
NOTIC: [2] Missing argument 1 for Org\Util\Cart::__construct(), called in D:\phpStudy\WWW\tpShop\Shop\Application\Home\Controller\ContentController.class.php on line 60 and defined D:\phpStudy\WWW\tpShop\Shop\ThinkPHP\Library\Org\Util\Cart.class.php 第 24 行.
NOTIC: [8] Undefined variable: app D:\phpStudy\WWW\tpShop\Shop\ThinkPHP\Library\Org\Util\Cart.class.php 第 25 行.
NOTIC: [8] Undefined index: cart D:\phpStudy\WWW\tpShop\Shop\ThinkPHP\Library\Org\Util\Cart.class.php 第 191 行.
NOTIC: [2] Missing argument 1 for Org\Util\Cart::__construct(), called in D:\phpStudy\WWW\tpShop\Shop\Application\Home\Controller\ContentController.class.php on line 61 and defined D:\phpStudy\WWW\tpShop\Shop\ThinkPHP\Library\Org\Util\Cart.class.php 第 24 行.
NOTIC: [8] Undefined variable: app D:\phpStudy\WWW\tpShop\Shop\ThinkPHP\Library\Org\Util\Cart.class.php 第 25 行.
SQL: SHOW COLUMNS FROM `tpshop_goods_attr` [ RunTime:0.0066s ]
SQL: SELECT `gtid` FROM `tpshop_goods_attr` WHERE ( gid=28 and gtvalue='75D' ) LIMIT 1   [ RunTime:0.0003s ]
SQL: SELECT `gtid` FROM `tpshop_goods_attr` WHERE ( gid=28 and gtvalue='红色' ) LIMIT 1   [ RunTime:0.0002s ]
SQL: SHOW COLUMNS FROM `tpshop_goods_list` [ RunTime:0.0048s ]
SQL: SELECT `glid` FROM `tpshop_goods_list` WHERE ( combine='511,515' and gid=28 ) LIMIT 1   [ RunTime:0.0451s ]

[ 2017-07-05T10:39:28+08:00 ] ::1 /tpShop/Shop/index.php/Home/Cart/index.html
INFO: [ app_init ] --START--
INFO: Run Behavior\BuildLiteBehavior [ RunTime:0.000008s ]
INFO: [ app_init ] --END-- [ RunTime:0.000299s ]
INFO: [ app_begin ] --START--
INFO: Run Behavior\ReadHtmlCacheBehavior [ RunTime:0.000451s ]
INFO: Run Common\Behaviors\appBeginBehavior [ RunTime:0.000807s ]
INFO: [ app_begin ] --END-- [ RunTime:0.001322s ]
NOTIC: [2] Missing argument 1 for Org\Util\Cart::__construct(), called in D:\phpStudy\WWW\tpShop\Shop\Application\Home\Controller\CartController.class.php on line 19 and defined D:\phpStudy\WWW\tpShop\Shop\ThinkPHP\Library\Org\Util\Cart.class.php 第 24 行.
NOTIC: [8] Undefined variable: app D:\phpStudy\WWW\tpShop\Shop\ThinkPHP\Library\Org\Util\Cart.class.php 第 25 行.
SQL: SHOW COLUMNS FROM `tpshop_goods` [ RunTime:0.0065s ]
SQL: SELECT `bid` FROM `tpshop_goods` WHERE ( gid=28 ) LIMIT 1   [ RunTime:0.0003s ]
SQL: SHOW COLUMNS FROM `tpshop_brand` [ RunTime:0.0051s ]
SQL: SELECT * FROM `tpshop_brand` WHERE ( bid=18 ) LIMIT 1   [ RunTime:0.0004s ]
NOTIC: [2] Missing argument 1 for Org\Util\Cart::__construct(), called in D:\phpStudy\WWW\tpShop\Shop\Application\Home\Controller\CartController.class.php on line 25 and defined D:\phpStudy\WWW\tpShop\Shop\ThinkPHP\Library\Org\Util\Cart.class.php 第 24 行.
NOTIC: [8] Undefined variable: app D:\phpStudy\WWW\tpShop\Shop\ThinkPHP\Library\Org\Util\Cart.class.php 第 25 行.
INFO: [ view_parse ] --START--
INFO: [ template_filter ] --START--
INFO: Run Behavior\ContentReplaceBehavior [ RunTime:0.000119s ]
INFO: [ template_filter ] --END-- [ RunTime:0.000149s ]
NOTIC: [8] Undefined index: user D:\phpStudy\WWW\tpShop\Shop\Application\Runtime\Cache\Home\6f105010063b4e4da2af04cb5dd2d5a4.php 第 18 行.
INFO: Run Behavior\ParseTemplateBehavior [ RunTime:0.015780s ]
INFO: [ view_parse ] --END-- [ RunTime:0.015814s ]
INFO: [ view_filter ] --START--
INFO: Run Behavior\WriteHtmlCacheBehavior [ RunTime:0.000224s ]
INFO: [ view_filter ] --END-- [ RunTime:0.000243s ]
INFO: [ app_end ] --START--
INFO: Run Behavior\ShowPageTraceBehavior [ RunTime:0.000471s ]
INFO: [ app_end ] --END-- [ RunTime:0.000503s ]

[ 2017-07-05T10:41:53+08:00 ] ::1 /tpShop/Shop/index.php/Home/Index/index.html
INFO: [ app_init ] --START--
INFO: Run Behavior\BuildLiteBehavior [ RunTime:0.000008s ]
INFO: [ app_init ] --END-- [ RunTime:0.000406s ]
INFO: [ app_begin ] --START--
INFO: Run Behavior\ReadHtmlCacheBehavior [ RunTime:0.000450s ]
INFO: Run Common\Behaviors\appBeginBehavior [ RunTime:0.000887s ]
INFO: [ app_begin ] --END-- [ RunTime:0.001381s ]
SQL: SHOW COLUMNS FROM `tpshop_category` [ RunTime:0.0052s ]
SQL: SELECT `cid` FROM `tpshop_category` WHERE ( pid=0 ) ORDER BY csort asc  [ RunTime:0.0003s ]
SQL: SELECT * FROM `tpshop_category`  [ RunTime:0.0004s ]
SQL: SHOW COLUMNS FROM `tpshop_brand` [ RunTime:0.0049s ]
SQL: SELECT * FROM `tpshop_brand` ORDER BY bsort desc LIMIT 24   [ RunTime:0.0004s ]
SQL: SHOW COLUMNS FROM `tpshop_goods` [ RunTime:0.0054s ]
SQL: SELECT `gid`,`gname`,`pic` FROM `tpshop_goods` WHERE ( tid in (1,3,4,5) ) ORDER BY gid desc LIMIT 6   [ RunTime:0.0004s ]
SQL: SELECT `gid`,`gname`,`pic` FROM `tpshop_goods` WHERE ( tid in (1,3,4,5) ) ORDER BY gid asc LIMIT 3   [ RunTime:0.0003s ]
SQL: SELECT `cid`,`cname`,`tid` FROM `tpshop_category` WHERE ( tid in (1,3,4,5)  ) ORDER BY cid asc LIMIT 10   [ RunTime:0.0003s ]
SQL: SELECT `gid`,`gname`,`pic` FROM `tpshop_goods` WHERE ( tid in (14,16,17) ) ORDER BY gid desc LIMIT 1   [ RunTime:0.0002s ]
SQL: SELECT `gid`,`gname`,`pic` FROM `tpshop_goods` WHERE ( tid in (14,16,17) ) ORDER BY gid desc LIMIT 5   [ RunTime:0.0002s ]
SQL: SELECT `gid`,`gname`,`pic` FROM `tpshop_goods` WHERE ( tid in (14,16,17) ) ORDER BY gid asc LIMIT 2   [ RunTime:0.0003s ]
SQL: SELECT `cid`,`cname`,`tid` FROM `tpshop_category` WHERE ( tid in (14,16,17)  ) ORDER BY cid asc LIMIT 10   [ RunTime:0.0002s ]
SQL: SELECT `gid`,`gname`,`pic` FROM `tpshop_goods` WHERE ( tid in (15,11,8,9) ) ORDER BY gid desc LIMIT 6   [ RunTime:0.0003s ]
SQL: SELECT `gid`,`gname`,`pic` FROM `tpshop_goods` WHERE ( tid in (15,11,8,9) ) ORDER BY gid asc LIMIT 3   [ RunTime:0.0003s ]
SQL: SELECT `cid`,`cname`,`tid` FROM `tpshop_category` WHERE ( tid in (15,11,8,9)  ) ORDER BY cid asc LIMIT 10   [ RunTime:0.0003s ]
SQL: SELECT * FROM `tpshop_goods` ORDER BY click desc LIMIT 15   [ RunTime:0.0003s ]
INFO: [ view_parse ] --START--
INFO: [ template_filter ] --START--
INFO: Run Behavior\ContentReplaceBehavior [ RunTime:0.000158s ]
INFO: [ template_filter ] --END-- [ RunTime:0.000186s ]
NOTIC: [8] Undefined index: user D:\phpStudy\WWW\tpShop\Shop\Application\Runtime\Cache\Home\2a94b8bda04ff446dcedd42276fc99ee.php 第 18 行.
NOTIC: [8] Undefined offset: 3 D:\phpStudy\WWW\tpShop\Shop\Application\Runtime\Cache\Home\2a94b8bda04ff446dcedd42276fc99ee.php 第 328 行.
NOTIC: [8] Undefined offset: 3 D:\phpStudy\WWW\tpShop\Shop\Application\Runtime\Cache\Home\2a94b8bda04ff446dcedd42276fc99ee.php 第 328 行.
NOTIC: [8] Undefined offset: 3 D:\phpStudy\WWW\tpShop\Shop\Application\Runtime\Cache\Home\2a94b8bda04ff446dcedd42276fc99ee.php 第 328 行.
NOTIC: [8] Undefined offset: 3 D:\phpStudy\WWW\tpShop\Shop\Application\Runtime\Cache\Home\2a94b8bda04ff446dcedd42276fc99ee.php 第 328 行.
NOTIC: [8] Undefined offset: 3 D:\phpStudy\WWW\tpShop\Shop\Application\Runtime\Cache\Home\2a94b8bda04ff446dcedd42276fc99ee.php 第 328 行.
NOTIC: [8] Undefined offset: 3 D:\phpStudy\WWW\tpShop\Shop\Application\Runtime\Cache\Home\2a94b8bda04ff446dcedd42276fc99ee.php 第 328 行.
NOTIC: [8] Undefined offset: 3 D:\phpStudy\WWW\tpShop\Shop\Application\Runtime\Cache\Home\2a94b8bda04ff446dcedd42276fc99ee.php 第 328 行.
NOTIC: [8] Undefined offset: 4 D:\phpStudy\WWW\tpShop\Shop\Application\Runtime\Cache\Home\2a94b8bda04ff446dcedd42276fc99ee.php 第 328 行.
NOTIC: [8] Undefined offset: 4 D:\phpStudy\WWW\tpShop\Shop\Application\Runtime\Cache\Home\2a94b8bda04ff446dcedd42276fc99ee.php 第 328 行.
NOTIC: [8] Undefined offset: 4 D:\phpStudy\WWW\tpShop\Shop\Application\Runtime\Cache\Home\2a94b8bda04ff446dcedd42276fc99ee.php 第 328 行.
NOTIC: [8] Undefined offset: 4 D:\phpStudy\WWW\tpShop\Shop\Application\Runtime\Cache\Home\2a94b8bda04ff446dcedd42276fc99ee.php 第 328 行.
NOTIC: [8] Undefined offset: 4 D:\phpStudy\WWW\tpShop\Shop\Application\Runtime\Cache\Home\2a94b8bda04ff446dcedd42276fc99ee.php 第 328 行.
NOTIC: [8] Undefined offset: 4 D:\phpStudy\WWW\tpShop\Shop\Application\Runtime\Cache\Home\2a94b8bda04ff446dcedd42276fc99ee.php 第 328 行.
NOTIC: [8] Undefined offset: 5 D:\phpStudy\WWW\tpShop\Shop\Application\Runtime\Cache\Home\2a94b8bda04ff446dcedd42276fc99ee.php 第 328 行.
NOTIC: [8] Undefined offset: 5 D:\phpStudy\WWW\tpShop\Shop\Application\Runtime\Cache\Home\2a94b8bda04ff446dcedd42276fc99ee.php 第 328 行.
NOTIC: [8] Undefined offset: 5 D:\phpStudy\WWW\tpShop\Shop\Application\Runtime\Cache\Home\2a94b8bda04ff446dcedd42276fc99ee.php 第 328 行.
NOTIC: [8] Undefined offset: 5 D:\phpStudy\WWW\tpShop\Shop\Application\Runtime\Cache\Home\2a94b8bda04ff446dcedd42276fc99ee.php 第 328 行.
NOTIC: [8] Undefined offset: 5 D:\phpStudy\WWW\tpShop\Shop\Application\Runtime\Cache\Home\2a94b8bda04ff446dcedd42276fc99ee.php 第 328 行.
NOTIC: [8] Undefined offset: 5 D:\phpStudy\WWW\tpShop\Shop\Application\Runtime\Cache\Home\2a94b8bda04ff446dcedd42276fc99ee.php 第 328 行.
NOTIC: [8] Undefined offset: 5 D:\phpStudy\WWW\tpShop\Shop\Application\Runtime\Cache\Home\2a94b8bda04ff446dcedd42276fc99ee.php 第 328 行.
NOTIC: [8] Undefined offset: 5 D:\phpStudy\WWW\tpShop\Shop\Application\Runtime\Cache\Home\2a94b8bda04ff446dcedd42276fc99ee.php 第 328 行.
NOTIC: [8] Undefined offset: 6 D:\phpStudy\WWW\tpShop\Shop\Application\Runtime\Cache\Home\2a94b8bda04ff446dcedd42276fc99ee.php 第 323 行.
NOTIC: [8] Undefined offset: 7 D:\phpStudy\WWW\tpShop\Shop\Application\Runtime\Cache\Home\2a94b8bda04ff446dcedd42276fc99ee.php 第 323 行.
NOTIC: [8] Undefined offset: 8 D:\phpStudy\WWW\tpShop\Shop\Application\Runtime\Cache\Home\2a94b8bda04ff446dcedd42276fc99ee.php 第 323 行.
NOTIC: [8] Undefined offset: 9 D:\phpStudy\WWW\tpShop\Shop\Application\Runtime\Cache\Home\2a94b8bda04ff446dcedd42276fc99ee.php 第 323 行.
NOTIC: [8] Undefined offset: 10 D:\phpStudy\WWW\tpShop\Shop\Application\Runtime\Cache\Home\2a94b8bda04ff446dcedd42276fc99ee.php 第 323 行.
NOTIC: [8] Undefined offset: 11 D:\phpStudy\WWW\tpShop\Shop\Application\Runtime\Cache\Home\2a94b8bda04ff446dcedd42276fc99ee.php 第 323 行.
NOTIC: [8] Undefined offset: 12 D:\phpStudy\WWW\tpShop\Shop\Application\Runtime\Cache\Home\2a94b8bda04ff446dcedd42276fc99ee.php 第 323 行.
NOTIC: [8] Undefined offset: 13 D:\phpStudy\WWW\tpShop\Shop\Application\Runtime\Cache\Home\2a94b8bda04ff446dcedd42276fc99ee.php 第 323 行.
NOTIC: [8] Undefined offset: 14 D:\phpStudy\WWW\tpShop\Shop\Application\Runtime\Cache\Home\2a94b8bda04ff446dcedd42276fc99ee.php 第 323 行.
NOTIC: [8] Undefined offset: 15 D:\phpStudy\WWW\tpShop\Shop\Application\Runtime\Cache\Home\2a94b8bda04ff446dcedd42276fc99ee.php 第 323 行.
INFO: Run Behavior\ParseTemplateBehavior [ RunTime:0.012519s ]
INFO: [ view_parse ] --END-- [ RunTime:0.012545s ]
INFO: [ view_filter ] --START--
INFO: Run Behavior\WriteHtmlCacheBehavior [ RunTime:0.000419s ]
INFO: [ view_filter ] --END-- [ RunTime:0.000442s ]
INFO: [ app_end ] --START--
INFO: Run Behavior\ShowPageTraceBehavior [ RunTime:0.000572s ]
INFO: [ app_end ] --END-- [ RunTime:0.000618s ]

[ 2017-07-05T10:41:58+08:00 ] ::1 /tpShop/Shop/index.php/Home/Content/index/gid/6.html
INFO: [ app_init ] --START--
INFO: Run Behavior\BuildLiteBehavior [ RunTime:0.000008s ]
INFO: [ app_init ] --END-- [ RunTime:0.000308s ]
INFO: [ app_begin ] --START--
INFO: Run Behavior\ReadHtmlCacheBehavior [ RunTime:0.000447s ]
INFO: Run Common\Behaviors\appBeginBehavior [ RunTime:0.000773s ]
INFO: [ app_begin ] --END-- [ RunTime:0.001263s ]
SQL: SHOW COLUMNS FROM `tpshop_goods` [ RunTime:0.0052s ]
SQL: SELECT * FROM `tpshop_goods` WHERE ( gid=6 ) LIMIT 1   [ RunTime:0.0003s ]
SQL: SHOW COLUMNS FROM `tpshop_typeattr` [ RunTime:0.0051s ]
SQL: SELECT taid,taname FROM `tpshop_typeattr` WHERE ( class=1 and tid=1 )  [ RunTime:0.0003s ]
SQL: SHOW COLUMNS FROM `tpshop_goods_attr` [ RunTime:0.0046s ]
SQL: SELECT * FROM `tpshop_goods_attr` WHERE ( taid=12 and gid=6 )  [ RunTime:0.0540s ]
SQL: SELECT * FROM `tpshop_goods_attr` WHERE ( taid=13 and gid=6 )  [ RunTime:0.0003s ]
SQL: SELECT taid,taname FROM `tpshop_typeattr` WHERE ( class=2 and tid=1 )  [ RunTime:0.0003s ]
SQL: SELECT * FROM `tpshop_goods_attr` WHERE ( taid=1 and gid=6 ) LIMIT 1   [ RunTime:0.0003s ]
SQL: SELECT * FROM `tpshop_goods_attr` WHERE ( taid=2 and gid=6 ) LIMIT 1   [ RunTime:0.0002s ]
SQL: SELECT * FROM `tpshop_goods_attr` WHERE ( taid=3 and gid=6 ) LIMIT 1   [ RunTime:0.0002s ]
SQL: SELECT * FROM `tpshop_goods_attr` WHERE ( taid=4 and gid=6 ) LIMIT 1   [ RunTime:0.0002s ]
SQL: SELECT * FROM `tpshop_goods_attr` WHERE ( taid=6 and gid=6 ) LIMIT 1   [ RunTime:0.0002s ]
SQL: SELECT * FROM `tpshop_goods_attr` WHERE ( taid=7 and gid=6 ) LIMIT 1   [ RunTime:0.0002s ]
SQL: SELECT * FROM `tpshop_goods_attr` WHERE ( taid=8 and gid=6 ) LIMIT 1   [ RunTime:0.0003s ]
SQL: SELECT * FROM `tpshop_goods_attr` WHERE ( taid=9 and gid=6 ) LIMIT 1   [ RunTime:0.0002s ]
SQL: SELECT * FROM `tpshop_goods_attr` WHERE ( taid=10 and gid=6 ) LIMIT 1   [ RunTime:0.0002s ]
SQL: SELECT * FROM `tpshop_goods_attr` WHERE ( taid=11 and gid=6 ) LIMIT 1   [ RunTime:0.0002s ]
SQL: SHOW COLUMNS FROM `tpshop_detail` [ RunTime:0.0045s ]
SQL: SELECT * FROM `tpshop_detail` WHERE ( gid=6 ) LIMIT 1   [ RunTime:0.0003s ]
INFO: [ view_parse ] --START--
INFO: [ template_filter ] --START--
INFO: Run Behavior\ContentReplaceBehavior [ RunTime:0.000191s ]
INFO: [ template_filter ] --END-- [ RunTime:0.000247s ]
NOTIC: [8] Undefined index: user D:\phpStudy\WWW\tpShop\Shop\Application\Runtime\Cache\Home\05c25a47e280706f416be77c1b8978f8.php 第 91 行.
INFO: Run Behavior\ParseTemplateBehavior [ RunTime:0.037047s ]
INFO: [ view_parse ] --END-- [ RunTime:0.037074s ]
INFO: [ view_filter ] --START--
INFO: Run Behavior\WriteHtmlCacheBehavior [ RunTime:0.000221s ]
INFO: [ view_filter ] --END-- [ RunTime:0.000239s ]
INFO: [ app_end ] --START--
INFO: Run Behavior\ShowPageTraceBehavior [ RunTime:0.000441s ]
INFO: [ app_end ] --END-- [ RunTime:0.000474s ]

