[ 2017-09-04T10:09:09+08:00 ] 127.0.0.1 /tpShop/tpShop/Shop/
INFO: [ app_init ] --START--
INFO: Run Behavior\BuildLiteBehavior [ RunTime:0.000009s ]
INFO: [ app_init ] --END-- [ RunTime:0.000807s ]
INFO: [ app_begin ] --START--
INFO: Run Behavior\ReadHtmlCacheBehavior [ RunTime:0.000925s ]
INFO: Run Common\Behaviors\appBeginBehavior [ RunTime:0.018411s ]
INFO: [ app_begin ] --END-- [ RunTime:0.019409s ]
SQL: SHOW COLUMNS FROM `tpshop_category` [ RunTime:0.0041s ]
SQL: SELECT `cid` FROM `tpshop_category` WHERE ( pid=0 ) ORDER BY csort asc  [ RunTime:0.0739s ]
SQL: SELECT * FROM `tpshop_category`  [ RunTime:0.0009s ]
SQL: SHOW COLUMNS FROM `tpshop_brand` [ RunTime:0.0043s ]
SQL: SELECT * FROM `tpshop_brand` ORDER BY bsort desc LIMIT 24   [ RunTime:0.0151s ]
SQL: SHOW COLUMNS FROM `tpshop_goods` [ RunTime:0.0044s ]
SQL: SELECT `gid`,`gname`,`pic` FROM `tpshop_goods` WHERE ( tid in (1,3,4,5) ) ORDER BY gid desc LIMIT 6   [ RunTime:0.0150s ]
SQL: SELECT `gid`,`gname`,`pic` FROM `tpshop_goods` WHERE ( tid in (1,3,4,5) ) ORDER BY gid asc LIMIT 3   [ RunTime:0.0005s ]
SQL: SELECT `cid`,`cname`,`tid` FROM `tpshop_category` WHERE ( tid in (1,3,4,5)  ) ORDER BY cid asc LIMIT 10   [ RunTime:0.0004s ]
SQL: SELECT `gid`,`gname`,`pic` FROM `tpshop_goods` WHERE ( tid in (14,16,17) ) ORDER BY gid desc LIMIT 1   [ RunTime:0.0003s ]
SQL: SELECT `gid`,`gname`,`pic` FROM `tpshop_goods` WHERE ( tid in (14,16,17) ) ORDER BY gid desc LIMIT 5   [ RunTime:0.0003s ]
SQL: SELECT `gid`,`gname`,`pic` FROM `tpshop_goods` WHERE ( tid in (14,16,17) ) ORDER BY gid asc LIMIT 2   [ RunTime:0.0003s ]
SQL: SELECT `cid`,`cname`,`tid` FROM `tpshop_category` WHERE ( tid in (14,16,17)  ) ORDER BY cid asc LIMIT 10   [ RunTime:0.0003s ]
SQL: SELECT `gid`,`gname`,`pic` FROM `tpshop_goods` WHERE ( tid in (15,11,8,9) ) ORDER BY gid desc LIMIT 6   [ RunTime:0.0003s ]
SQL: SELECT `gid`,`gname`,`pic` FROM `tpshop_goods` WHERE ( tid in (15,11,8,9) ) ORDER BY gid asc LIMIT 3   [ RunTime:0.0003s ]
SQL: SELECT `cid`,`cname`,`tid` FROM `tpshop_category` WHERE ( tid in (15,11,8,9)  ) ORDER BY cid asc LIMIT 10   [ RunTime:0.0003s ]
SQL: SELECT * FROM `tpshop_goods` ORDER BY click desc LIMIT 15   [ RunTime:0.0004s ]
INFO: [ view_parse ] --START--
INFO: [ template_filter ] --START--
INFO: Run Behavior\ContentReplaceBehavior [ RunTime:0.029245s ]
INFO: [ template_filter ] --END-- [ RunTime:0.029288s ]
NOTIC: [8] Undefined index: user D:\phpStudy\WWW\tpShop\tpShop\Shop\Application\Runtime\Cache\Home\2a94b8bda04ff446dcedd42276fc99ee.php 第 18 行.
NOTIC: [8] Undefined offset: 3 D:\phpStudy\WWW\tpShop\tpShop\Shop\Application\Runtime\Cache\Home\2a94b8bda04ff446dcedd42276fc99ee.php 第 328 行.
NOTIC: [8] Undefined offset: 3 D:\phpStudy\WWW\tpShop\tpShop\Shop\Application\Runtime\Cache\Home\2a94b8bda04ff446dcedd42276fc99ee.php 第 328 行.
NOTIC: [8] Undefined offset: 3 D:\phpStudy\WWW\tpShop\tpShop\Shop\Application\Runtime\Cache\Home\2a94b8bda04ff446dcedd42276fc99ee.php 第 328 行.
NOTIC: [8] Undefined offset: 3 D:\phpStudy\WWW\tpShop\tpShop\Shop\Application\Runtime\Cache\Home\2a94b8bda04ff446dcedd42276fc99ee.php 第 328 行.
NOTIC: [8] Undefined offset: 3 D:\phpStudy\WWW\tpShop\tpShop\Shop\Application\Runtime\Cache\Home\2a94b8bda04ff446dcedd42276fc99ee.php 第 328 行.
NOTIC: [8] Undefined offset: 3 D:\phpStudy\WWW\tpShop\tpShop\Shop\Application\Runtime\Cache\Home\2a94b8bda04ff446dcedd42276fc99ee.php 第 328 行.
NOTIC: [8] Undefined offset: 3 D:\phpStudy\WWW\tpShop\tpShop\Shop\Application\Runtime\Cache\Home\2a94b8bda04ff446dcedd42276fc99ee.php 第 328 行.
NOTIC: [8] Undefined offset: 4 D:\phpStudy\WWW\tpShop\tpShop\Shop\Application\Runtime\Cache\Home\2a94b8bda04ff446dcedd42276fc99ee.php 第 328 行.
NOTIC: [8] Undefined offset: 4 D:\phpStudy\WWW\tpShop\tpShop\Shop\Application\Runtime\Cache\Home\2a94b8bda04ff446dcedd42276fc99ee.php 第 328 行.
NOTIC: [8] Undefined offset: 4 D:\phpStudy\WWW\tpShop\tpShop\Shop\Application\Runtime\Cache\Home\2a94b8bda04ff446dcedd42276fc99ee.php 第 328 行.
NOTIC: [8] Undefined offset: 4 D:\phpStudy\WWW\tpShop\tpShop\Shop\Application\Runtime\Cache\Home\2a94b8bda04ff446dcedd42276fc99ee.php 第 328 行.
NOTIC: [8] Undefined offset: 4 D:\phpStudy\WWW\tpShop\tpShop\Shop\Application\Runtime\Cache\Home\2a94b8bda04ff446dcedd42276fc99ee.php 第 328 行.
NOTIC: [8] Undefined offset: 4 D:\phpStudy\WWW\tpShop\tpShop\Shop\Application\Runtime\Cache\Home\2a94b8bda04ff446dcedd42276fc99ee.php 第 328 行.
NOTIC: [8] Undefined offset: 5 D:\phpStudy\WWW\tpShop\tpShop\Shop\Application\Runtime\Cache\Home\2a94b8bda04ff446dcedd42276fc99ee.php 第 328 行.
NOTIC: [8] Undefined offset: 5 D:\phpStudy\WWW\tpShop\tpShop\Shop\Application\Runtime\Cache\Home\2a94b8bda04ff446dcedd42276fc99ee.php 第 328 行.
NOTIC: [8] Undefined offset: 5 D:\phpStudy\WWW\tpShop\tpShop\Shop\Application\Runtime\Cache\Home\2a94b8bda04ff446dcedd42276fc99ee.php 第 328 行.
NOTIC: [8] Undefined offset: 5 D:\phpStudy\WWW\tpShop\tpShop\Shop\Application\Runtime\Cache\Home\2a94b8bda04ff446dcedd42276fc99ee.php 第 328 行.
NOTIC: [8] Undefined offset: 5 D:\phpStudy\WWW\tpShop\tpShop\Shop\Application\Runtime\Cache\Home\2a94b8bda04ff446dcedd42276fc99ee.php 第 328 行.
NOTIC: [8] Undefined offset: 5 D:\phpStudy\WWW\tpShop\tpShop\Shop\Application\Runtime\Cache\Home\2a94b8bda04ff446dcedd42276fc99ee.php 第 328 行.
NOTIC: [8] Undefined offset: 5 D:\phpStudy\WWW\tpShop\tpShop\Shop\Application\Runtime\Cache\Home\2a94b8bda04ff446dcedd42276fc99ee.php 第 328 行.
NOTIC: [8] Undefined offset: 5 D:\phpStudy\WWW\tpShop\tpShop\Shop\Application\Runtime\Cache\Home\2a94b8bda04ff446dcedd42276fc99ee.php 第 328 行.
NOTIC: [8] Undefined offset: 6 D:\phpStudy\WWW\tpShop\tpShop\Shop\Application\Runtime\Cache\Home\2a94b8bda04ff446dcedd42276fc99ee.php 第 323 行.
NOTIC: [8] Undefined offset: 7 D:\phpStudy\WWW\tpShop\tpShop\Shop\Application\Runtime\Cache\Home\2a94b8bda04ff446dcedd42276fc99ee.php 第 323 行.
NOTIC: [8] Undefined offset: 8 D:\phpStudy\WWW\tpShop\tpShop\Shop\Application\Runtime\Cache\Home\2a94b8bda04ff446dcedd42276fc99ee.php 第 323 行.
NOTIC: [8] Undefined offset: 9 D:\phpStudy\WWW\tpShop\tpShop\Shop\Application\Runtime\Cache\Home\2a94b8bda04ff446dcedd42276fc99ee.php 第 323 行.
NOTIC: [8] Undefined offset: 10 D:\phpStudy\WWW\tpShop\tpShop\Shop\Application\Runtime\Cache\Home\2a94b8bda04ff446dcedd42276fc99ee.php 第 323 行.
NOTIC: [8] Undefined offset: 11 D:\phpStudy\WWW\tpShop\tpShop\Shop\Application\Runtime\Cache\Home\2a94b8bda04ff446dcedd42276fc99ee.php 第 323 行.
NOTIC: [8] Undefined offset: 12 D:\phpStudy\WWW\tpShop\tpShop\Shop\Application\Runtime\Cache\Home\2a94b8bda04ff446dcedd42276fc99ee.php 第 323 行.
NOTIC: [8] Undefined offset: 13 D:\phpStudy\WWW\tpShop\tpShop\Shop\Application\Runtime\Cache\Home\2a94b8bda04ff446dcedd42276fc99ee.php 第 323 行.
NOTIC: [8] Undefined offset: 14 D:\phpStudy\WWW\tpShop\tpShop\Shop\Application\Runtime\Cache\Home\2a94b8bda04ff446dcedd42276fc99ee.php 第 323 行.
NOTIC: [8] Undefined offset: 15 D:\phpStudy\WWW\tpShop\tpShop\Shop\Application\Runtime\Cache\Home\2a94b8bda04ff446dcedd42276fc99ee.php 第 323 行.
INFO: Run Behavior\ParseTemplateBehavior [ RunTime:0.234205s ]
INFO: [ view_parse ] --END-- [ RunTime:0.234237s ]
INFO: [ view_filter ] --START--
INFO: Run Behavior\WriteHtmlCacheBehavior [ RunTime:0.015180s ]
INFO: [ view_filter ] --END-- [ RunTime:0.015213s ]
INFO: [ app_end ] --START--
INFO: Run Behavior\ShowPageTraceBehavior [ RunTime:0.001017s ]
INFO: [ app_end ] --END-- [ RunTime:0.001078s ]

[ 2017-09-04T10:09:49+08:00 ] 127.0.0.1 /tpShop/tpShop/Shop/index.php/Home/User/login.html
INFO: [ app_init ] --START--
INFO: Run Behavior\BuildLiteBehavior [ RunTime:0.000008s ]
INFO: [ app_init ] --END-- [ RunTime:0.000428s ]
INFO: [ app_begin ] --START--
INFO: Run Behavior\ReadHtmlCacheBehavior [ RunTime:0.000416s ]
INFO: Run Common\Behaviors\appBeginBehavior [ RunTime:0.000573s ]
INFO: [ app_begin ] --END-- [ RunTime:0.001037s ]
INFO: [ view_parse ] --START--
INFO: [ template_filter ] --START--
INFO: Run Behavior\ContentReplaceBehavior [ RunTime:0.000036s ]
INFO: [ template_filter ] --END-- [ RunTime:0.000065s ]
INFO: Run Behavior\ParseTemplateBehavior [ RunTime:0.015172s ]
INFO: [ view_parse ] --END-- [ RunTime:0.015211s ]
INFO: [ view_filter ] --START--
INFO: Run Behavior\WriteHtmlCacheBehavior [ RunTime:0.000308s ]
INFO: [ view_filter ] --END-- [ RunTime:0.000331s ]
INFO: [ app_end ] --START--
INFO: Run Behavior\ShowPageTraceBehavior [ RunTime:0.000442s ]
INFO: [ app_end ] --END-- [ RunTime:0.000465s ]

