[ 2017-06-14T09:46:19+08:00 ] ::1 /tpShop/tpShop/Shop/index.php/system/component/uploader.html
INFO: [ app_init ] --START--
INFO: Run Behavior\BuildLiteBehavior [ RunTime:0.000019s ]
INFO: [ app_init ] --END-- [ RunTime:0.001694s ]
INFO: [ app_begin ] --START--
INFO: Run Behavior\ReadHtmlCacheBehavior [ RunTime:0.000682s ]
INFO: Run Common\Behaviors\appBeginBehavior [ RunTime:0.001291s ]
INFO: [ app_begin ] --END-- [ RunTime:0.002061s ]
NOTIC: [2] call_user_func() expects parameter 1 to be a valid callback, no array or string given D:\phpStudy\WWW\tpShop\tpShop\Shop\ThinkPHP\Library\Think\Upload.class.php 第 170 行.
SQL: SHOW COLUMNS FROM `tpshop_core_attachment` [ RunTime:0.0321s ]
SQL: INSERT INTO `tpshop_core_attachment` (`uid`,`name`,`filename`,`path`,`extension`,`createtime`,`size`,`data`,`hash`) VALUES ('0','21.jpg','5940956a12916.jpg','2017-06-14/','jpg','1497404778','30407','','') [ RunTime:0.0274s ]

[ 2017-06-14T09:46:29+08:00 ] ::1 /tpShop/tpShop/Shop/index.php/system/component/uploader.html
INFO: [ app_init ] --START--
INFO: Run Behavior\BuildLiteBehavior [ RunTime:0.000011s ]
INFO: [ app_init ] --END-- [ RunTime:0.002532s ]
INFO: [ app_begin ] --START--
INFO: Run Behavior\ReadHtmlCacheBehavior [ RunTime:0.001265s ]
INFO: Run Common\Behaviors\appBeginBehavior [ RunTime:0.003760s ]
INFO: [ app_begin ] --END-- [ RunTime:0.005192s ]
NOTIC: [2] call_user_func() expects parameter 1 to be a valid callback, no array or string given D:\phpStudy\WWW\tpShop\tpShop\Shop\ThinkPHP\Library\Think\Upload.class.php 第 170 行.
SQL: SHOW COLUMNS FROM `tpshop_core_attachment` [ RunTime:0.0071s ]
SQL: INSERT INTO `tpshop_core_attachment` (`uid`,`name`,`filename`,`path`,`extension`,`createtime`,`size`,`data`,`hash`) VALUES ('0','21.jpg','59409574635c1.jpg','2017-06-14/','jpg','1497404788','30407','','') [ RunTime:0.0004s ]

[ 2017-06-14T09:46:30+08:00 ] ::1 /tpShop/tpShop/Shop/index.php/system/component/uploader.html
INFO: [ app_init ] --START--
INFO: Run Behavior\BuildLiteBehavior [ RunTime:0.000009s ]
INFO: [ app_init ] --END-- [ RunTime:0.000537s ]
INFO: [ app_begin ] --START--
INFO: Run Behavior\ReadHtmlCacheBehavior [ RunTime:0.000613s ]
INFO: Run Common\Behaviors\appBeginBehavior [ RunTime:0.002616s ]
INFO: [ app_begin ] --END-- [ RunTime:0.003301s ]
NOTIC: [2] call_user_func() expects parameter 1 to be a valid callback, no array or string given D:\phpStudy\WWW\tpShop\tpShop\Shop\ThinkPHP\Library\Think\Upload.class.php 第 170 行.
SQL: SHOW COLUMNS FROM `tpshop_core_attachment` [ RunTime:0.0071s ]
SQL: INSERT INTO `tpshop_core_attachment` (`uid`,`name`,`filename`,`path`,`extension`,`createtime`,`size`,`data`,`hash`) VALUES ('0','23.jpg','5940957581c47.jpg','2017-06-14/','jpg','1497404789','33587','','') [ RunTime:0.0003s ]

[ 2017-06-14T09:46:31+08:00 ] ::1 /tpShop/tpShop/Shop/index.php/system/component/uploader.html
INFO: [ app_init ] --START--
INFO: Run Behavior\BuildLiteBehavior [ RunTime:0.000009s ]
INFO: [ app_init ] --END-- [ RunTime:0.000415s ]
INFO: [ app_begin ] --START--
INFO: Run Behavior\ReadHtmlCacheBehavior [ RunTime:0.000426s ]
INFO: Run Common\Behaviors\appBeginBehavior [ RunTime:0.000853s ]
INFO: [ app_begin ] --END-- [ RunTime:0.001342s ]
NOTIC: [2] call_user_func() expects parameter 1 to be a valid callback, no array or string given D:\phpStudy\WWW\tpShop\tpShop\Shop\ThinkPHP\Library\Think\Upload.class.php 第 170 行.
SQL: SHOW COLUMNS FROM `tpshop_core_attachment` [ RunTime:0.0073s ]
SQL: INSERT INTO `tpshop_core_attachment` (`uid`,`name`,`filename`,`path`,`extension`,`createtime`,`size`,`data`,`hash`) VALUES ('0','22.jpg','594095768e49a.jpg','2017-06-14/','jpg','1497404790','40263','','') [ RunTime:0.0008s ]

[ 2017-06-14T09:51:22+08:00 ] ::1 /tpShop/tpShop/Shop/index.php/system/component/uploader.html
INFO: [ app_init ] --START--
INFO: Run Behavior\BuildLiteBehavior [ RunTime:0.000010s ]
INFO: [ app_init ] --END-- [ RunTime:0.000924s ]
INFO: [ app_begin ] --START--
INFO: Run Behavior\ReadHtmlCacheBehavior [ RunTime:0.000911s ]
INFO: Run Common\Behaviors\appBeginBehavior [ RunTime:0.002059s ]
INFO: [ app_begin ] --END-- [ RunTime:0.003084s ]
NOTIC: [2] call_user_func() expects parameter 1 to be a valid callback, no array or string given D:\phpStudy\WWW\tpShop\tpShop\Shop\ThinkPHP\Library\Think\Upload.class.php 第 170 行.
SQL: SHOW COLUMNS FROM `tpshop_core_attachment` [ RunTime:0.0082s ]
SQL: INSERT INTO `tpshop_core_attachment` (`uid`,`name`,`filename`,`path`,`extension`,`createtime`,`size`,`data`,`hash`) VALUES ('0','21.jpg','59409699dd7bf.jpg','2017-06-14/','jpg','1497405081','20118','','') [ RunTime:0.0004s ]

[ 2017-06-14T09:51:32+08:00 ] ::1 /tpShop/tpShop/Shop/index.php/system/component/uploader.html
INFO: [ app_init ] --START--
INFO: Run Behavior\BuildLiteBehavior [ RunTime:0.000012s ]
INFO: [ app_init ] --END-- [ RunTime:0.001008s ]
INFO: [ app_begin ] --START--
INFO: Run Behavior\ReadHtmlCacheBehavior [ RunTime:0.001378s ]
INFO: Run Common\Behaviors\appBeginBehavior [ RunTime:0.003283s ]
INFO: [ app_begin ] --END-- [ RunTime:0.004777s ]
NOTIC: [2] call_user_func() expects parameter 1 to be a valid callback, no array or string given D:\phpStudy\WWW\tpShop\tpShop\Shop\ThinkPHP\Library\Think\Upload.class.php 第 170 行.
SQL: SHOW COLUMNS FROM `tpshop_core_attachment` [ RunTime:0.0068s ]
SQL: INSERT INTO `tpshop_core_attachment` (`uid`,`name`,`filename`,`path`,`extension`,`createtime`,`size`,`data`,`hash`) VALUES ('0','21.jpg','594096a34cfdc.jpg','2017-06-14/','jpg','1497405091','20118','','') [ RunTime:0.0004s ]

[ 2017-06-14T09:51:33+08:00 ] ::1 /tpShop/tpShop/Shop/index.php/system/component/uploader.html
INFO: [ app_init ] --START--
INFO: Run Behavior\BuildLiteBehavior [ RunTime:0.000013s ]
INFO: [ app_init ] --END-- [ RunTime:0.000560s ]
INFO: [ app_begin ] --START--
INFO: Run Behavior\ReadHtmlCacheBehavior [ RunTime:0.001613s ]
INFO: Run Common\Behaviors\appBeginBehavior [ RunTime:0.002890s ]
INFO: [ app_begin ] --END-- [ RunTime:0.004617s ]
NOTIC: [2] call_user_func() expects parameter 1 to be a valid callback, no array or string given D:\phpStudy\WWW\tpShop\tpShop\Shop\ThinkPHP\Library\Think\Upload.class.php 第 170 行.
SQL: SHOW COLUMNS FROM `tpshop_core_attachment` [ RunTime:0.0071s ]
SQL: INSERT INTO `tpshop_core_attachment` (`uid`,`name`,`filename`,`path`,`extension`,`createtime`,`size`,`data`,`hash`) VALUES ('0','22.jpg','594096a477e69.jpg','2017-06-14/','jpg','1497405092','16330','','') [ RunTime:0.0004s ]

[ 2017-06-14T09:51:34+08:00 ] ::1 /tpShop/tpShop/Shop/index.php/system/component/uploader.html
INFO: [ app_init ] --START--
INFO: Run Behavior\BuildLiteBehavior [ RunTime:0.000012s ]
INFO: [ app_init ] --END-- [ RunTime:0.000528s ]
INFO: [ app_begin ] --START--
INFO: Run Behavior\ReadHtmlCacheBehavior [ RunTime:0.000693s ]
INFO: Run Common\Behaviors\appBeginBehavior [ RunTime:0.002756s ]
INFO: [ app_begin ] --END-- [ RunTime:0.003537s ]
NOTIC: [2] call_user_func() expects parameter 1 to be a valid callback, no array or string given D:\phpStudy\WWW\tpShop\tpShop\Shop\ThinkPHP\Library\Think\Upload.class.php 第 170 行.
SQL: SHOW COLUMNS FROM `tpshop_core_attachment` [ RunTime:0.0097s ]
SQL: INSERT INTO `tpshop_core_attachment` (`uid`,`name`,`filename`,`path`,`extension`,`createtime`,`size`,`data`,`hash`) VALUES ('0','23.jpg','594096a590659.jpg','2017-06-14/','jpg','1497405093','18549','','') [ RunTime:0.0006s ]

[ 2017-06-14T09:55:28+08:00 ] ::1 /tpShop/tpShop/Shop/index.php/system/component/uploader.html
INFO: [ app_init ] --START--
INFO: Run Behavior\BuildLiteBehavior [ RunTime:0.000010s ]
INFO: [ app_init ] --END-- [ RunTime:0.000454s ]
INFO: [ app_begin ] --START--
INFO: Run Behavior\ReadHtmlCacheBehavior [ RunTime:0.000475s ]
INFO: Run Common\Behaviors\appBeginBehavior [ RunTime:0.002529s ]
INFO: [ app_begin ] --END-- [ RunTime:0.003066s ]
NOTIC: [2] call_user_func() expects parameter 1 to be a valid callback, no array or string given D:\phpStudy\WWW\tpShop\tpShop\Shop\ThinkPHP\Library\Think\Upload.class.php 第 170 行.
SQL: SHOW COLUMNS FROM `tpshop_core_attachment` [ RunTime:0.0078s ]
SQL: INSERT INTO `tpshop_core_attachment` (`uid`,`name`,`filename`,`path`,`extension`,`createtime`,`size`,`data`,`hash`) VALUES ('0','22.jpg','5940978fcde1b.jpg','2017-06-14/','jpg','1497405327','45627','','') [ RunTime:0.0006s ]

[ 2017-06-14T09:55:42+08:00 ] ::1 /tpShop/tpShop/Shop/index.php/system/component/uploader.html
INFO: [ app_init ] --START--
INFO: Run Behavior\BuildLiteBehavior [ RunTime:0.000012s ]
INFO: [ app_init ] --END-- [ RunTime:0.000628s ]
INFO: [ app_begin ] --START--
INFO: Run Behavior\ReadHtmlCacheBehavior [ RunTime:0.000657s ]
INFO: Run Common\Behaviors\appBeginBehavior [ RunTime:0.001314s ]
INFO: [ app_begin ] --END-- [ RunTime:0.002068s ]
NOTIC: [2] call_user_func() expects parameter 1 to be a valid callback, no array or string given D:\phpStudy\WWW\tpShop\tpShop\Shop\ThinkPHP\Library\Think\Upload.class.php 第 170 行.
SQL: SHOW COLUMNS FROM `tpshop_core_attachment` [ RunTime:0.0222s ]
SQL: INSERT INTO `tpshop_core_attachment` (`uid`,`name`,`filename`,`path`,`extension`,`createtime`,`size`,`data`,`hash`) VALUES ('0','21.jpg','5940979d0ee40.jpg','2017-06-14/','jpg','1497405341','56781','','') [ RunTime:0.0003s ]

[ 2017-06-14T09:55:43+08:00 ] ::1 /tpShop/tpShop/Shop/index.php/system/component/uploader.html
INFO: [ app_init ] --START--
INFO: Run Behavior\BuildLiteBehavior [ RunTime:0.000013s ]
INFO: [ app_init ] --END-- [ RunTime:0.000571s ]
INFO: [ app_begin ] --START--
INFO: Run Behavior\ReadHtmlCacheBehavior [ RunTime:0.001371s ]
INFO: Run Common\Behaviors\appBeginBehavior [ RunTime:0.003683s ]
INFO: [ app_begin ] --END-- [ RunTime:0.005226s ]
NOTIC: [2] call_user_func() expects parameter 1 to be a valid callback, no array or string given D:\phpStudy\WWW\tpShop\tpShop\Shop\ThinkPHP\Library\Think\Upload.class.php 第 170 行.
SQL: SHOW COLUMNS FROM `tpshop_core_attachment` [ RunTime:0.0750s ]
SQL: INSERT INTO `tpshop_core_attachment` (`uid`,`name`,`filename`,`path`,`extension`,`createtime`,`size`,`data`,`hash`) VALUES ('0','22.jpg','5940979e23148.jpg','2017-06-14/','jpg','1497405342','45627','','') [ RunTime:0.0006s ]

[ 2017-06-14T09:55:44+08:00 ] ::1 /tpShop/tpShop/Shop/index.php/system/component/uploader.html
INFO: [ app_init ] --START--
INFO: Run Behavior\BuildLiteBehavior [ RunTime:0.000011s ]
INFO: [ app_init ] --END-- [ RunTime:0.000990s ]
INFO: [ app_begin ] --START--
INFO: Run Behavior\ReadHtmlCacheBehavior [ RunTime:0.000690s ]
INFO: Run Common\Behaviors\appBeginBehavior [ RunTime:0.001283s ]
INFO: [ app_begin ] --END-- [ RunTime:0.002063s ]
NOTIC: [2] call_user_func() expects parameter 1 to be a valid callback, no array or string given D:\phpStudy\WWW\tpShop\tpShop\Shop\ThinkPHP\Library\Think\Upload.class.php 第 170 行.
SQL: SHOW COLUMNS FROM `tpshop_core_attachment` [ RunTime:0.0092s ]
SQL: INSERT INTO `tpshop_core_attachment` (`uid`,`name`,`filename`,`path`,`extension`,`createtime`,`size`,`data`,`hash`) VALUES ('0','23.png','5940979f43208.png','2017-06-14/','png','1497405343','88565','','') [ RunTime:0.0003s ]

[ 2017-06-14T10:02:55+08:00 ] ::1 /tpShop/tpShop/Shop/index.php/system/component/uploader.html
INFO: [ app_init ] --START--
INFO: Run Behavior\BuildLiteBehavior [ RunTime:0.000010s ]
INFO: [ app_init ] --END-- [ RunTime:0.000466s ]
INFO: [ app_begin ] --START--
INFO: Run Behavior\ReadHtmlCacheBehavior [ RunTime:0.000460s ]
INFO: Run Common\Behaviors\appBeginBehavior [ RunTime:0.000840s ]
INFO: [ app_begin ] --END-- [ RunTime:0.001350s ]
NOTIC: [2] call_user_func() expects parameter 1 to be a valid callback, no array or string given D:\phpStudy\WWW\tpShop\tpShop\Shop\ThinkPHP\Library\Think\Upload.class.php 第 170 行.
SQL: SHOW COLUMNS FROM `tpshop_core_attachment` [ RunTime:0.0066s ]
SQL: INSERT INTO `tpshop_core_attachment` (`uid`,`name`,`filename`,`path`,`extension`,`createtime`,`size`,`data`,`hash`) VALUES ('0','22.jpg','5940994e34647.jpg','2017-06-14/','jpg','1497405774','73883','','') [ RunTime:0.0004s ]

[ 2017-06-14T10:03:08+08:00 ] ::1 /tpShop/tpShop/Shop/index.php/system/component/uploader.html
INFO: [ app_init ] --START--
INFO: Run Behavior\BuildLiteBehavior [ RunTime:0.000007s ]
INFO: [ app_init ] --END-- [ RunTime:0.000330s ]
INFO: [ app_begin ] --START--
INFO: Run Behavior\ReadHtmlCacheBehavior [ RunTime:0.000522s ]
INFO: Run Common\Behaviors\appBeginBehavior [ RunTime:0.002925s ]
INFO: [ app_begin ] --END-- [ RunTime:0.003534s ]
NOTIC: [2] call_user_func() expects parameter 1 to be a valid callback, no array or string given D:\phpStudy\WWW\tpShop\tpShop\Shop\ThinkPHP\Library\Think\Upload.class.php 第 170 行.
SQL: SHOW COLUMNS FROM `tpshop_core_attachment` [ RunTime:0.0060s ]
SQL: INSERT INTO `tpshop_core_attachment` (`uid`,`name`,`filename`,`path`,`extension`,`createtime`,`size`,`data`,`hash`) VALUES ('0','21.jpg','5940995b26ece.jpg','2017-06-14/','jpg','1497405787','22506','','') [ RunTime:0.0005s ]

[ 2017-06-14T10:03:09+08:00 ] ::1 /tpShop/tpShop/Shop/index.php/system/component/uploader.html
INFO: [ app_init ] --START--
INFO: Run Behavior\BuildLiteBehavior [ RunTime:0.000025s ]
INFO: [ app_init ] --END-- [ RunTime:0.001210s ]
INFO: [ app_begin ] --START--
INFO: Run Behavior\ReadHtmlCacheBehavior [ RunTime:0.000607s ]
INFO: Run Common\Behaviors\appBeginBehavior [ RunTime:0.001443s ]
INFO: [ app_begin ] --END-- [ RunTime:0.002140s ]
NOTIC: [2] call_user_func() expects parameter 1 to be a valid callback, no array or string given D:\phpStudy\WWW\tpShop\tpShop\Shop\ThinkPHP\Library\Think\Upload.class.php 第 170 行.
SQL: SHOW COLUMNS FROM `tpshop_core_attachment` [ RunTime:0.0067s ]
SQL: INSERT INTO `tpshop_core_attachment` (`uid`,`name`,`filename`,`path`,`extension`,`createtime`,`size`,`data`,`hash`) VALUES ('0','22.jpg','5940995c3fba5.jpg','2017-06-14/','jpg','1497405788','73883','','') [ RunTime:0.0003s ]

[ 2017-06-14T10:03:10+08:00 ] ::1 /tpShop/tpShop/Shop/index.php/system/component/uploader.html
INFO: [ app_init ] --START--
INFO: Run Behavior\BuildLiteBehavior [ RunTime:0.000011s ]
INFO: [ app_init ] --END-- [ RunTime:0.000867s ]
INFO: [ app_begin ] --START--
INFO: Run Behavior\ReadHtmlCacheBehavior [ RunTime:0.000438s ]
INFO: Run Common\Behaviors\appBeginBehavior [ RunTime:0.000830s ]
INFO: [ app_begin ] --END-- [ RunTime:0.001328s ]
NOTIC: [2] call_user_func() expects parameter 1 to be a valid callback, no array or string given D:\phpStudy\WWW\tpShop\tpShop\Shop\ThinkPHP\Library\Think\Upload.class.php 第 170 行.
SQL: SHOW COLUMNS FROM `tpshop_core_attachment` [ RunTime:0.0064s ]
SQL: INSERT INTO `tpshop_core_attachment` (`uid`,`name`,`filename`,`path`,`extension`,`createtime`,`size`,`data`,`hash`) VALUES ('0','23.jpg','5940995d4bebc.jpg','2017-06-14/','jpg','1497405789','55695','','') [ RunTime:0.0004s ]

[ 2017-06-14T10:07:32+08:00 ] ::1 /tpShop/tpShop/Shop/index.php/system/component/uploader.html
INFO: [ app_init ] --START--
INFO: Run Behavior\BuildLiteBehavior [ RunTime:0.000029s ]
INFO: [ app_init ] --END-- [ RunTime:0.001186s ]
INFO: [ app_begin ] --START--
INFO: Run Behavior\ReadHtmlCacheBehavior [ RunTime:0.000698s ]
INFO: Run Common\Behaviors\appBeginBehavior [ RunTime:0.002390s ]
INFO: [ app_begin ] --END-- [ RunTime:0.003197s ]
NOTIC: [2] call_user_func() expects parameter 1 to be a valid callback, no array or string given D:\phpStudy\WWW\tpShop\tpShop\Shop\ThinkPHP\Library\Think\Upload.class.php 第 170 行.
SQL: SHOW COLUMNS FROM `tpshop_core_attachment` [ RunTime:0.0692s ]
SQL: INSERT INTO `tpshop_core_attachment` (`uid`,`name`,`filename`,`path`,`extension`,`createtime`,`size`,`data`,`hash`) VALUES ('0','21.jpg','59409a632cb08.jpg','2017-06-14/','jpg','1497406051','33914','','') [ RunTime:0.0004s ]

[ 2017-06-14T10:07:44+08:00 ] ::1 /tpShop/tpShop/Shop/index.php/system/component/uploader.html
INFO: [ app_init ] --START--
INFO: Run Behavior\BuildLiteBehavior [ RunTime:0.000020s ]
INFO: [ app_init ] --END-- [ RunTime:0.001328s ]
INFO: [ app_begin ] --START--
INFO: Run Behavior\ReadHtmlCacheBehavior [ RunTime:0.000741s ]
INFO: Run Common\Behaviors\appBeginBehavior [ RunTime:0.001430s ]
INFO: [ app_begin ] --END-- [ RunTime:0.002266s ]
NOTIC: [2] call_user_func() expects parameter 1 to be a valid callback, no array or string given D:\phpStudy\WWW\tpShop\tpShop\Shop\ThinkPHP\Library\Think\Upload.class.php 第 170 行.
SQL: SHOW COLUMNS FROM `tpshop_core_attachment` [ RunTime:0.0063s ]
SQL: INSERT INTO `tpshop_core_attachment` (`uid`,`name`,`filename`,`path`,`extension`,`createtime`,`size`,`data`,`hash`) VALUES ('0','21.jpg','59409a6f398a7.jpg','2017-06-14/','jpg','1497406063','33914','','') [ RunTime:0.0010s ]

[ 2017-06-14T10:07:45+08:00 ] ::1 /tpShop/tpShop/Shop/index.php/system/component/uploader.html
INFO: [ app_init ] --START--
INFO: Run Behavior\BuildLiteBehavior [ RunTime:0.000012s ]
INFO: [ app_init ] --END-- [ RunTime:0.001315s ]
INFO: [ app_begin ] --START--
INFO: Run Behavior\ReadHtmlCacheBehavior [ RunTime:0.001354s ]
INFO: Run Common\Behaviors\appBeginBehavior [ RunTime:0.001609s ]
INFO: [ app_begin ] --END-- [ RunTime:0.003071s ]
NOTIC: [2] call_user_func() expects parameter 1 to be a valid callback, no array or string given D:\phpStudy\WWW\tpShop\tpShop\Shop\ThinkPHP\Library\Think\Upload.class.php 第 170 行.
SQL: SHOW COLUMNS FROM `tpshop_core_attachment` [ RunTime:0.0061s ]
SQL: INSERT INTO `tpshop_core_attachment` (`uid`,`name`,`filename`,`path`,`extension`,`createtime`,`size`,`data`,`hash`) VALUES ('0','22.jpg','59409a704739a.jpg','2017-06-14/','jpg','1497406064','32206','','') [ RunTime:0.0005s ]

[ 2017-06-14T10:07:46+08:00 ] ::1 /tpShop/tpShop/Shop/index.php/system/component/uploader.html
INFO: [ app_init ] --START--
INFO: Run Behavior\BuildLiteBehavior [ RunTime:0.000010s ]
INFO: [ app_init ] --END-- [ RunTime:0.000599s ]
INFO: [ app_begin ] --START--
INFO: Run Behavior\ReadHtmlCacheBehavior [ RunTime:0.000624s ]
INFO: Run Common\Behaviors\appBeginBehavior [ RunTime:0.001153s ]
INFO: [ app_begin ] --END-- [ RunTime:0.001856s ]
NOTIC: [2] call_user_func() expects parameter 1 to be a valid callback, no array or string given D:\phpStudy\WWW\tpShop\tpShop\Shop\ThinkPHP\Library\Think\Upload.class.php 第 170 行.
SQL: SHOW COLUMNS FROM `tpshop_core_attachment` [ RunTime:0.0094s ]
SQL: INSERT INTO `tpshop_core_attachment` (`uid`,`name`,`filename`,`path`,`extension`,`createtime`,`size`,`data`,`hash`) VALUES ('0','23.jpg','59409a71540b9.jpg','2017-06-14/','jpg','1497406065','14178','','') [ RunTime:0.0003s ]

[ 2017-06-14T10:13:33+08:00 ] ::1 /tpShop/tpShop/Shop/index.php/system/component/uploader.html
INFO: [ app_init ] --START--
INFO: Run Behavior\BuildLiteBehavior [ RunTime:0.000025s ]
INFO: [ app_init ] --END-- [ RunTime:0.001447s ]
INFO: [ app_begin ] --START--
INFO: Run Behavior\ReadHtmlCacheBehavior [ RunTime:0.001040s ]
INFO: Run Common\Behaviors\appBeginBehavior [ RunTime:0.001802s ]
INFO: [ app_begin ] --END-- [ RunTime:0.002951s ]
NOTIC: [2] call_user_func() expects parameter 1 to be a valid callback, no array or string given D:\phpStudy\WWW\tpShop\tpShop\Shop\ThinkPHP\Library\Think\Upload.class.php 第 170 行.
SQL: SHOW COLUMNS FROM `tpshop_core_attachment` [ RunTime:0.0068s ]
SQL: INSERT INTO `tpshop_core_attachment` (`uid`,`name`,`filename`,`path`,`extension`,`createtime`,`size`,`data`,`hash`) VALUES ('0','21.jpg','59409bcc0320e.jpg','2017-06-14/','jpg','1497406412','47814','','') [ RunTime:0.0004s ]

[ 2017-06-14T10:13:42+08:00 ] ::1 /tpShop/tpShop/Shop/index.php/system/component/uploader.html
INFO: [ app_init ] --START--
INFO: Run Behavior\BuildLiteBehavior [ RunTime:0.000012s ]
INFO: [ app_init ] --END-- [ RunTime:0.000899s ]
INFO: [ app_begin ] --START--
INFO: Run Behavior\ReadHtmlCacheBehavior [ RunTime:0.000914s ]
INFO: Run Common\Behaviors\appBeginBehavior [ RunTime:0.001903s ]
INFO: [ app_begin ] --END-- [ RunTime:0.002907s ]
NOTIC: [2] call_user_func() expects parameter 1 to be a valid callback, no array or string given D:\phpStudy\WWW\tpShop\tpShop\Shop\ThinkPHP\Library\Think\Upload.class.php 第 170 行.
SQL: SHOW COLUMNS FROM `tpshop_core_attachment` [ RunTime:0.0085s ]
SQL: INSERT INTO `tpshop_core_attachment` (`uid`,`name`,`filename`,`path`,`extension`,`createtime`,`size`,`data`,`hash`) VALUES ('0','21.jpg','59409bd597e2b.jpg','2017-06-14/','jpg','1497406421','47814','','') [ RunTime:0.0004s ]

[ 2017-06-14T10:13:43+08:00 ] ::1 /tpShop/tpShop/Shop/index.php/system/component/uploader.html
INFO: [ app_init ] --START--
INFO: Run Behavior\BuildLiteBehavior [ RunTime:0.000012s ]
INFO: [ app_init ] --END-- [ RunTime:0.000682s ]
INFO: [ app_begin ] --START--
INFO: Run Behavior\ReadHtmlCacheBehavior [ RunTime:0.001871s ]
INFO: Run Common\Behaviors\appBeginBehavior [ RunTime:0.002278s ]
INFO: [ app_begin ] --END-- [ RunTime:0.004285s ]
NOTIC: [2] call_user_func() expects parameter 1 to be a valid callback, no array or string given D:\phpStudy\WWW\tpShop\tpShop\Shop\ThinkPHP\Library\Think\Upload.class.php 第 170 行.
SQL: SHOW COLUMNS FROM `tpshop_core_attachment` [ RunTime:0.0053s ]
SQL: INSERT INTO `tpshop_core_attachment` (`uid`,`name`,`filename`,`path`,`extension`,`createtime`,`size`,`data`,`hash`) VALUES ('0','23.jpg','59409bd6ad790.jpg','2017-06-14/','jpg','1497406422','27382','','') [ RunTime:0.0007s ]

[ 2017-06-14T10:13:44+08:00 ] ::1 /tpShop/tpShop/Shop/index.php/system/component/uploader.html
INFO: [ app_init ] --START--
INFO: Run Behavior\BuildLiteBehavior [ RunTime:0.000009s ]
INFO: [ app_init ] --END-- [ RunTime:0.000411s ]
INFO: [ app_begin ] --START--
INFO: Run Behavior\ReadHtmlCacheBehavior [ RunTime:0.000427s ]
INFO: Run Common\Behaviors\appBeginBehavior [ RunTime:0.000742s ]
INFO: [ app_begin ] --END-- [ RunTime:0.001218s ]
NOTIC: [2] call_user_func() expects parameter 1 to be a valid callback, no array or string given D:\phpStudy\WWW\tpShop\tpShop\Shop\ThinkPHP\Library\Think\Upload.class.php 第 170 行.
SQL: SHOW COLUMNS FROM `tpshop_core_attachment` [ RunTime:0.0065s ]
SQL: INSERT INTO `tpshop_core_attachment` (`uid`,`name`,`filename`,`path`,`extension`,`createtime`,`size`,`data`,`hash`) VALUES ('0','22.jpg','59409bd7b4e50.jpg','2017-06-14/','jpg','1497406423','42407','','') [ RunTime:0.0003s ]

[ 2017-06-14T10:18:37+08:00 ] ::1 /tpShop/tpShop/Shop/index.php/system/component/uploader.html
INFO: [ app_init ] --START--
INFO: Run Behavior\BuildLiteBehavior [ RunTime:0.000010s ]
INFO: [ app_init ] --END-- [ RunTime:0.000412s ]
INFO: [ app_begin ] --START--
INFO: Run Behavior\ReadHtmlCacheBehavior [ RunTime:0.000506s ]
INFO: Run Common\Behaviors\appBeginBehavior [ RunTime:0.000885s ]
INFO: [ app_begin ] --END-- [ RunTime:0.001447s ]
NOTIC: [2] call_user_func() expects parameter 1 to be a valid callback, no array or string given D:\phpStudy\WWW\tpShop\tpShop\Shop\ThinkPHP\Library\Think\Upload.class.php 第 170 行.
SQL: SHOW COLUMNS FROM `tpshop_core_attachment` [ RunTime:0.0063s ]
SQL: INSERT INTO `tpshop_core_attachment` (`uid`,`name`,`filename`,`path`,`extension`,`createtime`,`size`,`data`,`hash`) VALUES ('0','21.jpg','59409cfca0179.jpg','2017-06-14/','jpg','1497406716','57385','','') [ RunTime:0.0004s ]

[ 2017-06-14T10:18:46+08:00 ] ::1 /tpShop/tpShop/Shop/index.php/system/component/uploader.html
INFO: [ app_init ] --START--
INFO: Run Behavior\BuildLiteBehavior [ RunTime:0.000008s ]
INFO: [ app_init ] --END-- [ RunTime:0.000390s ]
INFO: [ app_begin ] --START--
INFO: Run Behavior\ReadHtmlCacheBehavior [ RunTime:0.000643s ]
INFO: Run Common\Behaviors\appBeginBehavior [ RunTime:0.001200s ]
INFO: [ app_begin ] --END-- [ RunTime:0.001911s ]
NOTIC: [2] call_user_func() expects parameter 1 to be a valid callback, no array or string given D:\phpStudy\WWW\tpShop\tpShop\Shop\ThinkPHP\Library\Think\Upload.class.php 第 170 行.
SQL: SHOW COLUMNS FROM `tpshop_core_attachment` [ RunTime:0.0116s ]
SQL: INSERT INTO `tpshop_core_attachment` (`uid`,`name`,`filename`,`path`,`extension`,`createtime`,`size`,`data`,`hash`) VALUES ('0','21.jpg','59409d050d4dc.jpg','2017-06-14/','jpg','1497406725','57385','','') [ RunTime:0.0009s ]

[ 2017-06-14T10:18:47+08:00 ] ::1 /tpShop/tpShop/Shop/index.php/system/component/uploader.html
INFO: [ app_init ] --START--
INFO: Run Behavior\BuildLiteBehavior [ RunTime:0.000017s ]
INFO: [ app_init ] --END-- [ RunTime:0.001412s ]
INFO: [ app_begin ] --START--
INFO: Run Behavior\ReadHtmlCacheBehavior [ RunTime:0.000846s ]
INFO: Run Common\Behaviors\appBeginBehavior [ RunTime:0.002101s ]
INFO: [ app_begin ] --END-- [ RunTime:0.003062s ]
NOTIC: [2] call_user_func() expects parameter 1 to be a valid callback, no array or string given D:\phpStudy\WWW\tpShop\tpShop\Shop\ThinkPHP\Library\Think\Upload.class.php 第 170 行.
SQL: SHOW COLUMNS FROM `tpshop_core_attachment` [ RunTime:0.0058s ]
SQL: INSERT INTO `tpshop_core_attachment` (`uid`,`name`,`filename`,`path`,`extension`,`createtime`,`size`,`data`,`hash`) VALUES ('0','22.jpg','59409d061ed77.jpg','2017-06-14/','jpg','1497406726','49441','','') [ RunTime:0.0003s ]

[ 2017-06-14T10:18:48+08:00 ] ::1 /tpShop/tpShop/Shop/index.php/system/component/uploader.html
INFO: [ app_init ] --START--
INFO: Run Behavior\BuildLiteBehavior [ RunTime:0.000010s ]
INFO: [ app_init ] --END-- [ RunTime:0.000423s ]
INFO: [ app_begin ] --START--
INFO: Run Behavior\ReadHtmlCacheBehavior [ RunTime:0.000453s ]
INFO: Run Common\Behaviors\appBeginBehavior [ RunTime:0.001375s ]
INFO: [ app_begin ] --END-- [ RunTime:0.001886s ]
NOTIC: [2] call_user_func() expects parameter 1 to be a valid callback, no array or string given D:\phpStudy\WWW\tpShop\tpShop\Shop\ThinkPHP\Library\Think\Upload.class.php 第 170 行.
SQL: SHOW COLUMNS FROM `tpshop_core_attachment` [ RunTime:0.0179s ]
SQL: INSERT INTO `tpshop_core_attachment` (`uid`,`name`,`filename`,`path`,`extension`,`createtime`,`size`,`data`,`hash`) VALUES ('0','23.jpg','59409d072d5f5.jpg','2017-06-14/','jpg','1497406727','43964','','') [ RunTime:0.0006s ]

[ 2017-06-14T10:22:19+08:00 ] ::1 /tpShop/tpShop/Shop/index.php/system/component/uploader.html
INFO: [ app_init ] --START--
INFO: Run Behavior\BuildLiteBehavior [ RunTime:0.000007s ]
INFO: [ app_init ] --END-- [ RunTime:0.000357s ]
INFO: [ app_begin ] --START--
INFO: Run Behavior\ReadHtmlCacheBehavior [ RunTime:0.000454s ]
INFO: Run Common\Behaviors\appBeginBehavior [ RunTime:0.001291s ]
INFO: [ app_begin ] --END-- [ RunTime:0.001810s ]
NOTIC: [2] call_user_func() expects parameter 1 to be a valid callback, no array or string given D:\phpStudy\WWW\tpShop\tpShop\Shop\ThinkPHP\Library\Think\Upload.class.php 第 170 行.
SQL: SHOW COLUMNS FROM `tpshop_core_attachment` [ RunTime:0.0059s ]
SQL: INSERT INTO `tpshop_core_attachment` (`uid`,`name`,`filename`,`path`,`extension`,`createtime`,`size`,`data`,`hash`) VALUES ('0','21.jpg','59409dda15b47.jpg','2017-06-14/','jpg','1497406938','75733','','') [ RunTime:0.0005s ]

[ 2017-06-14T10:22:39+08:00 ] ::1 /tpShop/tpShop/Shop/index.php/system/component/uploader.html
INFO: [ app_init ] --START--
INFO: Run Behavior\BuildLiteBehavior [ RunTime:0.000010s ]
INFO: [ app_init ] --END-- [ RunTime:0.000627s ]
INFO: [ app_begin ] --START--
INFO: Run Behavior\ReadHtmlCacheBehavior [ RunTime:0.001032s ]
INFO: Run Common\Behaviors\appBeginBehavior [ RunTime:0.001748s ]
INFO: [ app_begin ] --END-- [ RunTime:0.002861s ]
NOTIC: [2] call_user_func() expects parameter 1 to be a valid callback, no array or string given D:\phpStudy\WWW\tpShop\tpShop\Shop\ThinkPHP\Library\Think\Upload.class.php 第 170 行.
SQL: SHOW COLUMNS FROM `tpshop_core_attachment` [ RunTime:0.0067s ]
SQL: INSERT INTO `tpshop_core_attachment` (`uid`,`name`,`filename`,`path`,`extension`,`createtime`,`size`,`data`,`hash`) VALUES ('0','21.jpg','59409dee49b80.jpg','2017-06-14/','jpg','1497406958','75733','','') [ RunTime:0.0009s ]

[ 2017-06-14T10:22:40+08:00 ] ::1 /tpShop/tpShop/Shop/index.php/system/component/uploader.html
INFO: [ app_init ] --START--
INFO: Run Behavior\BuildLiteBehavior [ RunTime:0.000028s ]
INFO: [ app_init ] --END-- [ RunTime:0.001515s ]
INFO: [ app_begin ] --START--
INFO: Run Behavior\ReadHtmlCacheBehavior [ RunTime:0.000704s ]
INFO: Run Common\Behaviors\appBeginBehavior [ RunTime:0.001284s ]
INFO: [ app_begin ] --END-- [ RunTime:0.002072s ]
NOTIC: [2] call_user_func() expects parameter 1 to be a valid callback, no array or string given D:\phpStudy\WWW\tpShop\tpShop\Shop\ThinkPHP\Library\Think\Upload.class.php 第 170 行.
SQL: SHOW COLUMNS FROM `tpshop_core_attachment` [ RunTime:0.0077s ]
SQL: INSERT INTO `tpshop_core_attachment` (`uid`,`name`,`filename`,`path`,`extension`,`createtime`,`size`,`data`,`hash`) VALUES ('0','23.jpg','59409def626c4.jpg','2017-06-14/','jpg','1497406959','29243','','') [ RunTime:0.0005s ]

[ 2017-06-14T10:22:41+08:00 ] ::1 /tpShop/tpShop/Shop/index.php/system/component/uploader.html
INFO: [ app_init ] --START--
INFO: Run Behavior\BuildLiteBehavior [ RunTime:0.000037s ]
INFO: [ app_init ] --END-- [ RunTime:0.000735s ]
INFO: [ app_begin ] --START--
INFO: Run Behavior\ReadHtmlCacheBehavior [ RunTime:0.000575s ]
INFO: Run Common\Behaviors\appBeginBehavior [ RunTime:0.001228s ]
INFO: [ app_begin ] --END-- [ RunTime:0.001885s ]
NOTIC: [2] call_user_func() expects parameter 1 to be a valid callback, no array or string given D:\phpStudy\WWW\tpShop\tpShop\Shop\ThinkPHP\Library\Think\Upload.class.php 第 170 行.
SQL: SHOW COLUMNS FROM `tpshop_core_attachment` [ RunTime:0.0957s ]
SQL: INSERT INTO `tpshop_core_attachment` (`uid`,`name`,`filename`,`path`,`extension`,`createtime`,`size`,`data`,`hash`) VALUES ('0','22.jpg','59409df06c829.jpg','2017-06-14/','jpg','1497406960','26026','','') [ RunTime:0.0003s ]

[ 2017-06-14T10:22:42+08:00 ] ::1 /tpShop/tpShop/Shop/index.php/system/component/uploader.html
INFO: [ app_init ] --START--
INFO: Run Behavior\BuildLiteBehavior [ RunTime:0.000014s ]
INFO: [ app_init ] --END-- [ RunTime:0.000430s ]
INFO: [ app_begin ] --START--
INFO: Run Behavior\ReadHtmlCacheBehavior [ RunTime:0.001488s ]
INFO: Run Common\Behaviors\appBeginBehavior [ RunTime:0.001847s ]
INFO: [ app_begin ] --END-- [ RunTime:0.003436s ]
NOTIC: [2] call_user_func() expects parameter 1 to be a valid callback, no array or string given D:\phpStudy\WWW\tpShop\tpShop\Shop\ThinkPHP\Library\Think\Upload.class.php 第 170 行.
SQL: SHOW COLUMNS FROM `tpshop_core_attachment` [ RunTime:0.0058s ]
SQL: INSERT INTO `tpshop_core_attachment` (`uid`,`name`,`filename`,`path`,`extension`,`createtime`,`size`,`data`,`hash`) VALUES ('0','24.jpg','59409df1959cc.jpg','2017-06-14/','jpg','1497406961','22095','','') [ RunTime:0.0003s ]

[ 2017-06-14T11:11:11+08:00 ] ::1 /tpShop/tpShop/Shop/index.php/system/component/uploader.html
INFO: [ app_init ] --START--
INFO: Run Behavior\BuildLiteBehavior [ RunTime:0.000024s ]
INFO: [ app_init ] --END-- [ RunTime:0.001131s ]
INFO: [ app_begin ] --START--
INFO: Run Behavior\ReadHtmlCacheBehavior [ RunTime:0.000759s ]
INFO: Run Common\Behaviors\appBeginBehavior [ RunTime:0.000889s ]
INFO: [ app_begin ] --END-- [ RunTime:0.001755s ]
NOTIC: [2] call_user_func() expects parameter 1 to be a valid callback, no array or string given D:\phpStudy\WWW\tpShop\tpShop\Shop\ThinkPHP\Library\Think\Upload.class.php 第 170 行.
SQL: SHOW COLUMNS FROM `tpshop_core_attachment` [ RunTime:0.0057s ]
SQL: INSERT INTO `tpshop_core_attachment` (`uid`,`name`,`filename`,`path`,`extension`,`createtime`,`size`,`data`,`hash`) VALUES ('0','21.jpg','5940a94e17748.jpg','2017-06-14/','jpg','1497409870','70097','','') [ RunTime:0.0004s ]

[ 2017-06-14T11:11:35+08:00 ] ::1 /tpShop/tpShop/Shop/index.php/system/component/uploader.html
INFO: [ app_init ] --START--
INFO: Run Behavior\BuildLiteBehavior [ RunTime:0.000013s ]
INFO: [ app_init ] --END-- [ RunTime:0.000692s ]
INFO: [ app_begin ] --START--
INFO: Run Behavior\ReadHtmlCacheBehavior [ RunTime:0.001079s ]
INFO: Run Common\Behaviors\appBeginBehavior [ RunTime:0.005214s ]
INFO: [ app_begin ] --END-- [ RunTime:0.006441s ]
NOTIC: [2] call_user_func() expects parameter 1 to be a valid callback, no array or string given D:\phpStudy\WWW\tpShop\tpShop\Shop\ThinkPHP\Library\Think\Upload.class.php 第 170 行.
SQL: SHOW COLUMNS FROM `tpshop_core_attachment` [ RunTime:0.0050s ]
SQL: INSERT INTO `tpshop_core_attachment` (`uid`,`name`,`filename`,`path`,`extension`,`createtime`,`size`,`data`,`hash`) VALUES ('0','21.jpg','5940a9660f39a.jpg','2017-06-14/','jpg','1497409894','70097','','') [ RunTime:0.0005s ]

[ 2017-06-14T11:11:36+08:00 ] ::1 /tpShop/tpShop/Shop/index.php/system/component/uploader.html
INFO: [ app_init ] --START--
INFO: Run Behavior\BuildLiteBehavior [ RunTime:0.000022s ]
INFO: [ app_init ] --END-- [ RunTime:0.002899s ]
INFO: [ app_begin ] --START--
INFO: Run Behavior\ReadHtmlCacheBehavior [ RunTime:0.001639s ]
INFO: Run Common\Behaviors\appBeginBehavior [ RunTime:0.002335s ]
INFO: [ app_begin ] --END-- [ RunTime:0.004087s ]
NOTIC: [2] call_user_func() expects parameter 1 to be a valid callback, no array or string given D:\phpStudy\WWW\tpShop\tpShop\Shop\ThinkPHP\Library\Think\Upload.class.php 第 170 行.
SQL: SHOW COLUMNS FROM `tpshop_core_attachment` [ RunTime:0.0067s ]
SQL: INSERT INTO `tpshop_core_attachment` (`uid`,`name`,`filename`,`path`,`extension`,`createtime`,`size`,`data`,`hash`) VALUES ('0','23.jpg','5940a96723d8d.jpg','2017-06-14/','jpg','1497409895','47372','','') [ RunTime:0.0004s ]

[ 2017-06-14T11:11:37+08:00 ] ::1 /tpShop/tpShop/Shop/index.php/system/component/uploader.html
INFO: [ app_init ] --START--
INFO: Run Behavior\BuildLiteBehavior [ RunTime:0.000012s ]
INFO: [ app_init ] --END-- [ RunTime:0.000814s ]
INFO: [ app_begin ] --START--
INFO: Run Behavior\ReadHtmlCacheBehavior [ RunTime:0.000673s ]
INFO: Run Common\Behaviors\appBeginBehavior [ RunTime:0.002466s ]
INFO: [ app_begin ] --END-- [ RunTime:0.003376s ]
NOTIC: [2] call_user_func() expects parameter 1 to be a valid callback, no array or string given D:\phpStudy\WWW\tpShop\tpShop\Shop\ThinkPHP\Library\Think\Upload.class.php 第 170 行.
SQL: SHOW COLUMNS FROM `tpshop_core_attachment` [ RunTime:0.0118s ]
SQL: INSERT INTO `tpshop_core_attachment` (`uid`,`name`,`filename`,`path`,`extension`,`createtime`,`size`,`data`,`hash`) VALUES ('0','22.jpg','5940a9682c2e9.jpg','2017-06-14/','jpg','1497409896','98079','','') [ RunTime:0.0004s ]

[ 2017-06-14T11:16:14+08:00 ] ::1 /tpShop/tpShop/Shop/index.php/system/component/uploader.html
INFO: [ app_init ] --START--
INFO: Run Behavior\BuildLiteBehavior [ RunTime:0.000011s ]
INFO: [ app_init ] --END-- [ RunTime:0.000557s ]
INFO: [ app_begin ] --START--
INFO: Run Behavior\ReadHtmlCacheBehavior [ RunTime:0.001445s ]
INFO: Run Common\Behaviors\appBeginBehavior [ RunTime:0.001670s ]
INFO: [ app_begin ] --END-- [ RunTime:0.003240s ]
NOTIC: [2] call_user_func() expects parameter 1 to be a valid callback, no array or string given D:\phpStudy\WWW\tpShop\tpShop\Shop\ThinkPHP\Library\Think\Upload.class.php 第 170 行.
SQL: SHOW COLUMNS FROM `tpshop_core_attachment` [ RunTime:0.0077s ]
SQL: INSERT INTO `tpshop_core_attachment` (`uid`,`name`,`filename`,`path`,`extension`,`createtime`,`size`,`data`,`hash`) VALUES ('0','21.jpg','5940aa7cf2bc7.jpg','2017-06-14/','jpg','1497410173','67689','','') [ RunTime:0.0004s ]

[ 2017-06-14T11:16:23+08:00 ] ::1 /tpShop/tpShop/Shop/index.php/system/component/uploader.html
INFO: [ app_init ] --START--
INFO: Run Behavior\BuildLiteBehavior [ RunTime:0.000011s ]
INFO: [ app_init ] --END-- [ RunTime:0.001458s ]
INFO: [ app_begin ] --START--
INFO: Run Behavior\ReadHtmlCacheBehavior [ RunTime:0.000466s ]
INFO: Run Common\Behaviors\appBeginBehavior [ RunTime:0.000887s ]
INFO: [ app_begin ] --END-- [ RunTime:0.001407s ]
NOTIC: [2] call_user_func() expects parameter 1 to be a valid callback, no array or string given D:\phpStudy\WWW\tpShop\tpShop\Shop\ThinkPHP\Library\Think\Upload.class.php 第 170 行.
SQL: SHOW COLUMNS FROM `tpshop_core_attachment` [ RunTime:0.0066s ]
SQL: INSERT INTO `tpshop_core_attachment` (`uid`,`name`,`filename`,`path`,`extension`,`createtime`,`size`,`data`,`hash`) VALUES ('0','21.jpg','5940aa860102f.jpg','2017-06-14/','jpg','1497410182','67689','','') [ RunTime:0.0005s ]

[ 2017-06-14T11:16:24+08:00 ] ::1 /tpShop/tpShop/Shop/index.php/system/component/uploader.html
INFO: [ app_init ] --START--
INFO: Run Behavior\BuildLiteBehavior [ RunTime:0.000011s ]
INFO: [ app_init ] --END-- [ RunTime:0.000616s ]
INFO: [ app_begin ] --START--
INFO: Run Behavior\ReadHtmlCacheBehavior [ RunTime:0.000610s ]
INFO: Run Common\Behaviors\appBeginBehavior [ RunTime:0.001917s ]
INFO: [ app_begin ] --END-- [ RunTime:0.002623s ]
NOTIC: [2] call_user_func() expects parameter 1 to be a valid callback, no array or string given D:\phpStudy\WWW\tpShop\tpShop\Shop\ThinkPHP\Library\Think\Upload.class.php 第 170 行.
SQL: SHOW COLUMNS FROM `tpshop_core_attachment` [ RunTime:0.0066s ]
SQL: INSERT INTO `tpshop_core_attachment` (`uid`,`name`,`filename`,`path`,`extension`,`createtime`,`size`,`data`,`hash`) VALUES ('0','23.jpg','5940aa87189a0.jpg','2017-06-14/','jpg','1497410183','55710','','') [ RunTime:0.0004s ]

[ 2017-06-14T11:16:25+08:00 ] ::1 /tpShop/tpShop/Shop/index.php/system/component/uploader.html
INFO: [ app_init ] --START--
INFO: Run Behavior\BuildLiteBehavior [ RunTime:0.000009s ]
INFO: [ app_init ] --END-- [ RunTime:0.000497s ]
INFO: [ app_begin ] --START--
INFO: Run Behavior\ReadHtmlCacheBehavior [ RunTime:0.000813s ]
INFO: Run Common\Behaviors\appBeginBehavior [ RunTime:0.001136s ]
INFO: [ app_begin ] --END-- [ RunTime:0.002071s ]
NOTIC: [2] call_user_func() expects parameter 1 to be a valid callback, no array or string given D:\phpStudy\WWW\tpShop\tpShop\Shop\ThinkPHP\Library\Think\Upload.class.php 第 170 行.
SQL: SHOW COLUMNS FROM `tpshop_core_attachment` [ RunTime:0.0058s ]
SQL: INSERT INTO `tpshop_core_attachment` (`uid`,`name`,`filename`,`path`,`extension`,`createtime`,`size`,`data`,`hash`) VALUES ('0','22.jpg','5940aa882c411.jpg','2017-06-14/','jpg','1497410184','77958','','') [ RunTime:0.0003s ]

[ 2017-06-14T11:22:00+08:00 ] ::1 /tpShop/tpShop/Shop/index.php/system/component/uploader.html
INFO: [ app_init ] --START--
INFO: Run Behavior\BuildLiteBehavior [ RunTime:0.000021s ]
INFO: [ app_init ] --END-- [ RunTime:0.000563s ]
INFO: [ app_begin ] --START--
INFO: Run Behavior\ReadHtmlCacheBehavior [ RunTime:0.000824s ]
INFO: Run Common\Behaviors\appBeginBehavior [ RunTime:0.001792s ]
INFO: [ app_begin ] --END-- [ RunTime:0.002758s ]
NOTIC: [2] call_user_func() expects parameter 1 to be a valid callback, no array or string given D:\phpStudy\WWW\tpShop\tpShop\Shop\ThinkPHP\Library\Think\Upload.class.php 第 170 行.
SQL: SHOW COLUMNS FROM `tpshop_core_attachment` [ RunTime:0.0076s ]
SQL: INSERT INTO `tpshop_core_attachment` (`uid`,`name`,`filename`,`path`,`extension`,`createtime`,`size`,`data`,`hash`) VALUES ('0','22.jpg','5940abd7522fb.jpg','2017-06-14/','jpg','1497410519','58042','','') [ RunTime:0.0005s ]

[ 2017-06-14T11:22:16+08:00 ] ::1 /tpShop/tpShop/Shop/index.php/system/component/uploader.html
INFO: [ app_init ] --START--
INFO: Run Behavior\BuildLiteBehavior [ RunTime:0.000012s ]
INFO: [ app_init ] --END-- [ RunTime:0.000666s ]
INFO: [ app_begin ] --START--
INFO: Run Behavior\ReadHtmlCacheBehavior [ RunTime:0.000867s ]
INFO: Run Common\Behaviors\appBeginBehavior [ RunTime:0.001538s ]
INFO: [ app_begin ] --END-- [ RunTime:0.002547s ]
NOTIC: [2] call_user_func() expects parameter 1 to be a valid callback, no array or string given D:\phpStudy\WWW\tpShop\tpShop\Shop\ThinkPHP\Library\Think\Upload.class.php 第 170 行.
SQL: SHOW COLUMNS FROM `tpshop_core_attachment` [ RunTime:0.0092s ]
SQL: INSERT INTO `tpshop_core_attachment` (`uid`,`name`,`filename`,`path`,`extension`,`createtime`,`size`,`data`,`hash`) VALUES ('0','21.jpg','5940abe7d8760.jpg','2017-06-14/','jpg','1497410535','67381','','') [ RunTime:0.0005s ]

[ 2017-06-14T11:22:18+08:00 ] ::1 /tpShop/tpShop/Shop/index.php/system/component/uploader.html
INFO: [ app_init ] --START--
INFO: Run Behavior\BuildLiteBehavior [ RunTime:0.000010s ]
INFO: [ app_init ] --END-- [ RunTime:0.000373s ]
INFO: [ app_begin ] --START--
INFO: Run Behavior\ReadHtmlCacheBehavior [ RunTime:0.000476s ]
INFO: Run Common\Behaviors\appBeginBehavior [ RunTime:0.000805s ]
INFO: [ app_begin ] --END-- [ RunTime:0.001341s ]
NOTIC: [2] call_user_func() expects parameter 1 to be a valid callback, no array or string given D:\phpStudy\WWW\tpShop\tpShop\Shop\ThinkPHP\Library\Think\Upload.class.php 第 170 行.
SQL: SHOW COLUMNS FROM `tpshop_core_attachment` [ RunTime:0.0057s ]
SQL: INSERT INTO `tpshop_core_attachment` (`uid`,`name`,`filename`,`path`,`extension`,`createtime`,`size`,`data`,`hash`) VALUES ('0','22.jpg','5940abe902157.jpg','2017-06-14/','jpg','1497410537','58042','','') [ RunTime:0.0004s ]

[ 2017-06-14T11:22:19+08:00 ] ::1 /tpShop/tpShop/Shop/index.php/system/component/uploader.html
INFO: [ app_init ] --START--
INFO: Run Behavior\BuildLiteBehavior [ RunTime:0.000015s ]
INFO: [ app_init ] --END-- [ RunTime:0.000610s ]
INFO: [ app_begin ] --START--
INFO: Run Behavior\ReadHtmlCacheBehavior [ RunTime:0.001054s ]
INFO: Run Common\Behaviors\appBeginBehavior [ RunTime:0.002140s ]
INFO: [ app_begin ] --END-- [ RunTime:0.003394s ]
NOTIC: [2] call_user_func() expects parameter 1 to be a valid callback, no array or string given D:\phpStudy\WWW\tpShop\tpShop\Shop\ThinkPHP\Library\Think\Upload.class.php 第 170 行.
SQL: SHOW COLUMNS FROM `tpshop_core_attachment` [ RunTime:0.0059s ]
SQL: INSERT INTO `tpshop_core_attachment` (`uid`,`name`,`filename`,`path`,`extension`,`createtime`,`size`,`data`,`hash`) VALUES ('0','23.jpg','5940abea0f59b.jpg','2017-06-14/','jpg','1497410538','43038','','') [ RunTime:0.0003s ]

[ 2017-06-14T13:31:34+08:00 ] ::1 /tpShop/tpShop/Shop/index.php/system/component/uploader.html
INFO: [ app_init ] --START--
INFO: Run Behavior\BuildLiteBehavior [ RunTime:0.000008s ]
INFO: [ app_init ] --END-- [ RunTime:0.000346s ]
INFO: [ app_begin ] --START--
INFO: Run Behavior\ReadHtmlCacheBehavior [ RunTime:0.000613s ]
INFO: Run Common\Behaviors\appBeginBehavior [ RunTime:0.000869s ]
INFO: [ app_begin ] --END-- [ RunTime:0.001549s ]
NOTIC: [2] call_user_func() expects parameter 1 to be a valid callback, no array or string given D:\phpStudy\WWW\tpShop\tpShop\Shop\ThinkPHP\Library\Think\Upload.class.php 第 170 行.
SQL: SHOW COLUMNS FROM `tpshop_core_attachment` [ RunTime:0.0063s ]
SQL: INSERT INTO `tpshop_core_attachment` (`uid`,`name`,`filename`,`path`,`extension`,`createtime`,`size`,`data`,`hash`) VALUES ('0','21.jpg','5940ca357127e.jpg','2017-06-14/','jpg','1497418293','85962','','') [ RunTime:0.0007s ]

[ 2017-06-14T13:31:46+08:00 ] ::1 /tpShop/tpShop/Shop/index.php/system/component/uploader.html
INFO: [ app_init ] --START--
INFO: Run Behavior\BuildLiteBehavior [ RunTime:0.000012s ]
INFO: [ app_init ] --END-- [ RunTime:0.001405s ]
INFO: [ app_begin ] --START--
INFO: Run Behavior\ReadHtmlCacheBehavior [ RunTime:0.000966s ]
INFO: Run Common\Behaviors\appBeginBehavior [ RunTime:0.002047s ]
INFO: [ app_begin ] --END-- [ RunTime:0.003133s ]
NOTIC: [2] call_user_func() expects parameter 1 to be a valid callback, no array or string given D:\phpStudy\WWW\tpShop\tpShop\Shop\ThinkPHP\Library\Think\Upload.class.php 第 170 行.
SQL: SHOW COLUMNS FROM `tpshop_core_attachment` [ RunTime:0.0059s ]
SQL: INSERT INTO `tpshop_core_attachment` (`uid`,`name`,`filename`,`path`,`extension`,`createtime`,`size`,`data`,`hash`) VALUES ('0','21.jpg','5940ca41b9d25.jpg','2017-06-14/','jpg','1497418305','85962','','') [ RunTime:0.0006s ]

[ 2017-06-14T13:31:47+08:00 ] ::1 /tpShop/tpShop/Shop/index.php/system/component/uploader.html
INFO: [ app_init ] --START--
INFO: Run Behavior\BuildLiteBehavior [ RunTime:0.000008s ]
INFO: [ app_init ] --END-- [ RunTime:0.000597s ]
INFO: [ app_begin ] --START--
INFO: Run Behavior\ReadHtmlCacheBehavior [ RunTime:0.000806s ]
INFO: Run Common\Behaviors\appBeginBehavior [ RunTime:0.002248s ]
INFO: [ app_begin ] --END-- [ RunTime:0.003129s ]
NOTIC: [2] call_user_func() expects parameter 1 to be a valid callback, no array or string given D:\phpStudy\WWW\tpShop\tpShop\Shop\ThinkPHP\Library\Think\Upload.class.php 第 170 行.
SQL: SHOW COLUMNS FROM `tpshop_core_attachment` [ RunTime:0.0052s ]
SQL: INSERT INTO `tpshop_core_attachment` (`uid`,`name`,`filename`,`path`,`extension`,`createtime`,`size`,`data`,`hash`) VALUES ('0','23.jpg','5940ca42cbcdb.jpg','2017-06-14/','jpg','1497418306','62904','','') [ RunTime:0.0003s ]

[ 2017-06-14T13:31:48+08:00 ] ::1 /tpShop/tpShop/Shop/index.php/system/component/uploader.html
INFO: [ app_init ] --START--
INFO: Run Behavior\BuildLiteBehavior [ RunTime:0.000022s ]
INFO: [ app_init ] --END-- [ RunTime:0.000495s ]
INFO: [ app_begin ] --START--
INFO: Run Behavior\ReadHtmlCacheBehavior [ RunTime:0.000454s ]
INFO: Run Common\Behaviors\appBeginBehavior [ RunTime:0.000753s ]
INFO: [ app_begin ] --END-- [ RunTime:0.001268s ]
NOTIC: [2] call_user_func() expects parameter 1 to be a valid callback, no array or string given D:\phpStudy\WWW\tpShop\tpShop\Shop\ThinkPHP\Library\Think\Upload.class.php 第 170 行.
SQL: SHOW COLUMNS FROM `tpshop_core_attachment` [ RunTime:0.0056s ]
SQL: INSERT INTO `tpshop_core_attachment` (`uid`,`name`,`filename`,`path`,`extension`,`createtime`,`size`,`data`,`hash`) VALUES ('0','22.jpg','5940ca43d4bfa.jpg','2017-06-14/','jpg','1497418307','59255','','') [ RunTime:0.0004s ]

[ 2017-06-14T13:38:53+08:00 ] ::1 /tpShop/tpShop/Shop/index.php/system/component/uploader.html
INFO: [ app_init ] --START--
INFO: Run Behavior\BuildLiteBehavior [ RunTime:0.000007s ]
INFO: [ app_init ] --END-- [ RunTime:0.000389s ]
INFO: [ app_begin ] --START--
INFO: Run Behavior\ReadHtmlCacheBehavior [ RunTime:0.001073s ]
INFO: Run Common\Behaviors\appBeginBehavior [ RunTime:0.001362s ]
INFO: [ app_begin ] --END-- [ RunTime:0.002544s ]
NOTIC: [2] call_user_func() expects parameter 1 to be a valid callback, no array or string given D:\phpStudy\WWW\tpShop\tpShop\Shop\ThinkPHP\Library\Think\Upload.class.php 第 170 行.
SQL: SHOW COLUMNS FROM `tpshop_core_attachment` [ RunTime:0.0080s ]
SQL: INSERT INTO `tpshop_core_attachment` (`uid`,`name`,`filename`,`path`,`extension`,`createtime`,`size`,`data`,`hash`) VALUES ('0','22.jpg','5940cbec4a74f.jpg','2017-06-14/','jpg','1497418732','34824','','') [ RunTime:0.0003s ]

[ 2017-06-14T13:39:02+08:00 ] ::1 /tpShop/tpShop/Shop/index.php/system/component/uploader.html
INFO: [ app_init ] --START--
INFO: Run Behavior\BuildLiteBehavior [ RunTime:0.000008s ]
INFO: [ app_init ] --END-- [ RunTime:0.000424s ]
INFO: [ app_begin ] --START--
INFO: Run Behavior\ReadHtmlCacheBehavior [ RunTime:0.000723s ]
INFO: Run Common\Behaviors\appBeginBehavior [ RunTime:0.001743s ]
INFO: [ app_begin ] --END-- [ RunTime:0.002561s ]
NOTIC: [2] call_user_func() expects parameter 1 to be a valid callback, no array or string given D:\phpStudy\WWW\tpShop\tpShop\Shop\ThinkPHP\Library\Think\Upload.class.php 第 170 行.
SQL: SHOW COLUMNS FROM `tpshop_core_attachment` [ RunTime:0.0101s ]
SQL: INSERT INTO `tpshop_core_attachment` (`uid`,`name`,`filename`,`path`,`extension`,`createtime`,`size`,`data`,`hash`) VALUES ('0','21.jpg','5940cbf54a1d2.jpg','2017-06-14/','jpg','1497418741','95223','','') [ RunTime:0.0006s ]

[ 2017-06-14T13:39:03+08:00 ] ::1 /tpShop/tpShop/Shop/index.php/system/component/uploader.html
INFO: [ app_init ] --START--
INFO: Run Behavior\BuildLiteBehavior [ RunTime:0.000009s ]
INFO: [ app_init ] --END-- [ RunTime:0.000363s ]
INFO: [ app_begin ] --START--
INFO: Run Behavior\ReadHtmlCacheBehavior [ RunTime:0.000417s ]
INFO: Run Common\Behaviors\appBeginBehavior [ RunTime:0.002094s ]
INFO: [ app_begin ] --END-- [ RunTime:0.002601s ]
NOTIC: [2] call_user_func() expects parameter 1 to be a valid callback, no array or string given D:\phpStudy\WWW\tpShop\tpShop\Shop\ThinkPHP\Library\Think\Upload.class.php 第 170 行.
SQL: SHOW COLUMNS FROM `tpshop_core_attachment` [ RunTime:0.0054s ]
SQL: INSERT INTO `tpshop_core_attachment` (`uid`,`name`,`filename`,`path`,`extension`,`createtime`,`size`,`data`,`hash`) VALUES ('0','22.jpg','5940cbf65e5a0.jpg','2017-06-14/','jpg','1497418742','34824','','') [ RunTime:0.0004s ]

[ 2017-06-14T13:39:04+08:00 ] ::1 /tpShop/tpShop/Shop/index.php/system/component/uploader.html
INFO: [ app_init ] --START--
INFO: Run Behavior\BuildLiteBehavior [ RunTime:0.000010s ]
INFO: [ app_init ] --END-- [ RunTime:0.000471s ]
INFO: [ app_begin ] --START--
INFO: Run Behavior\ReadHtmlCacheBehavior [ RunTime:0.000439s ]
INFO: Run Common\Behaviors\appBeginBehavior [ RunTime:0.000749s ]
INFO: [ app_begin ] --END-- [ RunTime:0.001245s ]
NOTIC: [2] call_user_func() expects parameter 1 to be a valid callback, no array or string given D:\phpStudy\WWW\tpShop\tpShop\Shop\ThinkPHP\Library\Think\Upload.class.php 第 170 行.
SQL: SHOW COLUMNS FROM `tpshop_core_attachment` [ RunTime:0.0052s ]
SQL: INSERT INTO `tpshop_core_attachment` (`uid`,`name`,`filename`,`path`,`extension`,`createtime`,`size`,`data`,`hash`) VALUES ('0','23.jpg','5940cbf76a6b7.jpg','2017-06-14/','jpg','1497418743','51203','','') [ RunTime:0.0003s ]

[ 2017-06-14T13:43:08+08:00 ] ::1 /tpShop/tpShop/Shop/index.php/system/component/uploader.html
INFO: [ app_init ] --START--
INFO: Run Behavior\BuildLiteBehavior [ RunTime:0.000012s ]
INFO: [ app_init ] --END-- [ RunTime:0.000725s ]
INFO: [ app_begin ] --START--
INFO: Run Behavior\ReadHtmlCacheBehavior [ RunTime:0.000549s ]
INFO: Run Common\Behaviors\appBeginBehavior [ RunTime:0.001172s ]
INFO: [ app_begin ] --END-- [ RunTime:0.001774s ]
NOTIC: [2] call_user_func() expects parameter 1 to be a valid callback, no array or string given D:\phpStudy\WWW\tpShop\tpShop\Shop\ThinkPHP\Library\Think\Upload.class.php 第 170 行.
SQL: SHOW COLUMNS FROM `tpshop_core_attachment` [ RunTime:0.0049s ]
SQL: INSERT INTO `tpshop_core_attachment` (`uid`,`name`,`filename`,`path`,`extension`,`createtime`,`size`,`data`,`hash`) VALUES ('0','21.jpg','5940cceb69326.jpg','2017-06-14/','jpg','1497418987','44686','','') [ RunTime:0.0004s ]

[ 2017-06-14T13:43:24+08:00 ] ::1 /tpShop/tpShop/Shop/index.php/system/component/uploader.html
INFO: [ app_init ] --START--
INFO: Run Behavior\BuildLiteBehavior [ RunTime:0.000007s ]
INFO: [ app_init ] --END-- [ RunTime:0.000433s ]
INFO: [ app_begin ] --START--
INFO: Run Behavior\ReadHtmlCacheBehavior [ RunTime:0.000431s ]
INFO: Run Common\Behaviors\appBeginBehavior [ RunTime:0.000929s ]
INFO: [ app_begin ] --END-- [ RunTime:0.001407s ]
NOTIC: [2] call_user_func() expects parameter 1 to be a valid callback, no array or string given D:\phpStudy\WWW\tpShop\tpShop\Shop\ThinkPHP\Library\Think\Upload.class.php 第 170 行.
SQL: SHOW COLUMNS FROM `tpshop_core_attachment` [ RunTime:0.0047s ]
SQL: INSERT INTO `tpshop_core_attachment` (`uid`,`name`,`filename`,`path`,`extension`,`createtime`,`size`,`data`,`hash`) VALUES ('0','21.jpg','5940ccfb5aa1c.jpg','2017-06-14/','jpg','1497419003','44686','','') [ RunTime:0.0003s ]

[ 2017-06-14T13:43:25+08:00 ] ::1 /tpShop/tpShop/Shop/index.php/system/component/uploader.html
INFO: [ app_init ] --START--
INFO: Run Behavior\BuildLiteBehavior [ RunTime:0.000010s ]
INFO: [ app_init ] --END-- [ RunTime:0.000541s ]
INFO: [ app_begin ] --START--
INFO: Run Behavior\ReadHtmlCacheBehavior [ RunTime:0.000839s ]
INFO: Run Common\Behaviors\appBeginBehavior [ RunTime:0.001724s ]
INFO: [ app_begin ] --END-- [ RunTime:0.002735s ]
NOTIC: [2] call_user_func() expects parameter 1 to be a valid callback, no array or string given D:\phpStudy\WWW\tpShop\tpShop\Shop\ThinkPHP\Library\Think\Upload.class.php 第 170 行.
SQL: SHOW COLUMNS FROM `tpshop_core_attachment` [ RunTime:0.0050s ]
SQL: INSERT INTO `tpshop_core_attachment` (`uid`,`name`,`filename`,`path`,`extension`,`createtime`,`size`,`data`,`hash`) VALUES ('0','22.jpg','5940ccfc63479.jpg','2017-06-14/','jpg','1497419004','92832','','') [ RunTime:0.0006s ]

[ 2017-06-14T13:43:26+08:00 ] ::1 /tpShop/tpShop/Shop/index.php/system/component/uploader.html
INFO: [ app_init ] --START--
INFO: Run Behavior\BuildLiteBehavior [ RunTime:0.000029s ]
INFO: [ app_init ] --END-- [ RunTime:0.000782s ]
INFO: [ app_begin ] --START--
INFO: Run Behavior\ReadHtmlCacheBehavior [ RunTime:0.000474s ]
INFO: Run Common\Behaviors\appBeginBehavior [ RunTime:0.000968s ]
INFO: [ app_begin ] --END-- [ RunTime:0.001498s ]
NOTIC: [2] call_user_func() expects parameter 1 to be a valid callback, no array or string given D:\phpStudy\WWW\tpShop\tpShop\Shop\ThinkPHP\Library\Think\Upload.class.php 第 170 行.
SQL: SHOW COLUMNS FROM `tpshop_core_attachment` [ RunTime:0.0039s ]
SQL: INSERT INTO `tpshop_core_attachment` (`uid`,`name`,`filename`,`path`,`extension`,`createtime`,`size`,`data`,`hash`) VALUES ('0','23.jpg','5940ccfd6ca4e.jpg','2017-06-14/','jpg','1497419005','69802','','') [ RunTime:0.0004s ]

