[ 2017-06-12T17:01:49+08:00 ] ::1 /tpShop/tpShop/Shop/index.php/system/component/uploader.html
INFO: [ app_init ] --START--
INFO: Run Behavior\BuildLiteBehavior [ RunTime:0.000012s ]
INFO: [ app_init ] --END-- [ RunTime:0.000909s ]
INFO: [ app_begin ] --START--
INFO: Run Behavior\ReadHtmlCacheBehavior [ RunTime:0.000620s ]
INFO: Run Common\Behaviors\appBeginBehavior [ RunTime:0.001082s ]
INFO: [ app_begin ] --END-- [ RunTime:0.001771s ]
NOTIC: [2] call_user_func() expects parameter 1 to be a valid callback, no array or string given D:\phpStudy\WWW\tpShop\tpShop\Shop\ThinkPHP\Library\Think\Upload.class.php 第 170 行.
SQL: SHOW COLUMNS FROM `tpshop_core_attachment` [ RunTime:0.0211s ]
SQL: INSERT INTO `tpshop_core_attachment` (`uid`,`name`,`filename`,`path`,`extension`,`createtime`,`size`,`data`,`hash`) VALUES ('0','41.jpg','593e587c92895.jpg','2017-06-12/','jpg','1497258108','25565','','') [ RunTime:0.0224s ]

[ 2017-06-12T17:03:57+08:00 ] ::1 /tpShop/tpShop/Shop/index.php/system/component/uploader.html
INFO: [ app_init ] --START--
INFO: Run Behavior\BuildLiteBehavior [ RunTime:0.000012s ]
INFO: [ app_init ] --END-- [ RunTime:0.000737s ]
INFO: [ app_begin ] --START--
INFO: Run Behavior\ReadHtmlCacheBehavior [ RunTime:0.002648s ]
INFO: Run Common\Behaviors\appBeginBehavior [ RunTime:0.006304s ]
INFO: [ app_begin ] --END-- [ RunTime:0.009046s ]
NOTIC: [2] call_user_func() expects parameter 1 to be a valid callback, no array or string given D:\phpStudy\WWW\tpShop\tpShop\Shop\ThinkPHP\Library\Think\Upload.class.php 第 170 行.
SQL: SHOW COLUMNS FROM `tpshop_core_attachment` [ RunTime:0.0124s ]
SQL: INSERT INTO `tpshop_core_attachment` (`uid`,`name`,`filename`,`path`,`extension`,`createtime`,`size`,`data`,`hash`) VALUES ('0','41.jpg','593e58fcd3e7a.jpg','2017-06-12/','jpg','1497258236','25565','','') [ RunTime:0.0008s ]

[ 2017-06-12T17:03:59+08:00 ] ::1 /tpShop/tpShop/Shop/index.php/system/component/uploader.html
INFO: [ app_init ] --START--
INFO: Run Behavior\BuildLiteBehavior [ RunTime:0.000040s ]
INFO: [ app_init ] --END-- [ RunTime:0.000480s ]
INFO: [ app_begin ] --START--
INFO: Run Behavior\ReadHtmlCacheBehavior [ RunTime:0.000487s ]
INFO: Run Common\Behaviors\appBeginBehavior [ RunTime:0.001024s ]
INFO: [ app_begin ] --END-- [ RunTime:0.001563s ]
NOTIC: [2] call_user_func() expects parameter 1 to be a valid callback, no array or string given D:\phpStudy\WWW\tpShop\tpShop\Shop\ThinkPHP\Library\Think\Upload.class.php 第 170 行.
SQL: SHOW COLUMNS FROM `tpshop_core_attachment` [ RunTime:0.0089s ]
SQL: INSERT INTO `tpshop_core_attachment` (`uid`,`name`,`filename`,`path`,`extension`,`createtime`,`size`,`data`,`hash`) VALUES ('0','43.jpg','593e58fde7729.jpg','2017-06-12/','jpg','1497258237','27807','','') [ RunTime:0.0008s ]

[ 2017-06-12T17:04:00+08:00 ] ::1 /tpShop/tpShop/Shop/index.php/system/component/uploader.html
INFO: [ app_init ] --START--
INFO: Run Behavior\BuildLiteBehavior [ RunTime:0.000011s ]
INFO: [ app_init ] --END-- [ RunTime:0.000586s ]
INFO: [ app_begin ] --START--
INFO: Run Behavior\ReadHtmlCacheBehavior [ RunTime:0.000917s ]
INFO: Run Common\Behaviors\appBeginBehavior [ RunTime:0.001570s ]
INFO: [ app_begin ] --END-- [ RunTime:0.002578s ]
NOTIC: [2] call_user_func() expects parameter 1 to be a valid callback, no array or string given D:\phpStudy\WWW\tpShop\tpShop\Shop\ThinkPHP\Library\Think\Upload.class.php 第 170 行.
SQL: SHOW COLUMNS FROM `tpshop_core_attachment` [ RunTime:0.0183s ]
SQL: INSERT INTO `tpshop_core_attachment` (`uid`,`name`,`filename`,`path`,`extension`,`createtime`,`size`,`data`,`hash`) VALUES ('0','44.jpg','593e58ff06b49.jpg','2017-06-12/','jpg','1497258239','20681','','') [ RunTime:0.0012s ]

[ 2017-06-12T17:04:01+08:00 ] ::1 /tpShop/tpShop/Shop/index.php/system/component/uploader.html
INFO: [ app_init ] --START--
INFO: Run Behavior\BuildLiteBehavior [ RunTime:0.000011s ]
INFO: [ app_init ] --END-- [ RunTime:0.000480s ]
INFO: [ app_begin ] --START--
INFO: Run Behavior\ReadHtmlCacheBehavior [ RunTime:0.000496s ]
INFO: Run Common\Behaviors\appBeginBehavior [ RunTime:0.001257s ]
INFO: [ app_begin ] --END-- [ RunTime:0.001840s ]
NOTIC: [2] call_user_func() expects parameter 1 to be a valid callback, no array or string given D:\phpStudy\WWW\tpShop\tpShop\Shop\ThinkPHP\Library\Think\Upload.class.php 第 170 行.
SQL: SHOW COLUMNS FROM `tpshop_core_attachment` [ RunTime:0.0108s ]
SQL: INSERT INTO `tpshop_core_attachment` (`uid`,`name`,`filename`,`path`,`extension`,`createtime`,`size`,`data`,`hash`) VALUES ('0','42.jpg','593e59001f7ef.jpg','2017-06-12/','jpg','1497258240','9726','','') [ RunTime:0.0008s ]

[ 2017-06-12T17:04:35+08:00 ] ::1 /tpShop/tpShop/Shop/index.php/system/component/uploader.html
INFO: [ app_init ] --START--
INFO: Run Behavior\BuildLiteBehavior [ RunTime:0.000012s ]
INFO: [ app_init ] --END-- [ RunTime:0.000477s ]
INFO: [ app_begin ] --START--
INFO: Run Behavior\ReadHtmlCacheBehavior [ RunTime:0.000569s ]
INFO: Run Common\Behaviors\appBeginBehavior [ RunTime:0.001432s ]
INFO: [ app_begin ] --END-- [ RunTime:0.002087s ]
NOTIC: [2] call_user_func() expects parameter 1 to be a valid callback, no array or string given D:\phpStudy\WWW\tpShop\tpShop\Shop\ThinkPHP\Library\Think\Upload.class.php 第 170 行.
SQL: SHOW COLUMNS FROM `tpshop_core_attachment` [ RunTime:0.0105s ]
SQL: INSERT INTO `tpshop_core_attachment` (`uid`,`name`,`filename`,`path`,`extension`,`createtime`,`size`,`data`,`hash`) VALUES ('0','45.jpg','593e592200690.jpg','2017-06-12/','jpg','1497258274','115483','','') [ RunTime:0.0009s ]

[ 2017-06-12T17:05:41+08:00 ] ::1 /tpShop/tpShop/Shop/index.php/system/component/uploader.html
INFO: [ app_init ] --START--
INFO: Run Behavior\BuildLiteBehavior [ RunTime:0.000008s ]
INFO: [ app_init ] --END-- [ RunTime:0.000350s ]
INFO: [ app_begin ] --START--
INFO: Run Behavior\ReadHtmlCacheBehavior [ RunTime:0.000471s ]
INFO: Run Common\Behaviors\appBeginBehavior [ RunTime:0.001002s ]
INFO: [ app_begin ] --END-- [ RunTime:0.001530s ]
NOTIC: [2] call_user_func() expects parameter 1 to be a valid callback, no array or string given D:\phpStudy\WWW\tpShop\tpShop\Shop\ThinkPHP\Library\Think\Upload.class.php 第 170 行.
SQL: SHOW COLUMNS FROM `tpshop_core_attachment` [ RunTime:0.0093s ]
SQL: INSERT INTO `tpshop_core_attachment` (`uid`,`name`,`filename`,`path`,`extension`,`createtime`,`size`,`data`,`hash`) VALUES ('0','4SW2CJO2{N$__XIX{8[TDIA.png','593e5964743ea.png','2017-06-12/','png','1497258340','26524','','') [ RunTime:0.0008s ]

